{"/home/roberto/Documentos/Ingeniria/Decimo cuatrimestre/Aplicaciones Web Progresivas/mi-backend/src/index.ts": {"path":"/home/roberto/Documentos/Ingeniria/Decimo cuatrimestre/Aplicaciones Web Progresivas/mi-backend/src/index.ts","statementMap":{"0":{"start":{"line":2,"column":0},"end":{"line":2,"column":47}},"1":{"start":{"line":3,"column":0},"end":{"line":3,"column":28}},"2":{"start":{"line":4,"column":0},"end":{"line":4,"column":24}},"3":{"start":{"line":5,"column":0},"end":{"line":5,"column":40}},"4":{"start":{"line":6,"column":0},"end":{"line":6,"column":46}},"5":{"start":{"line":7,"column":0},"end":{"line":7,"column":46}},"6":{"start":{"line":8,"column":0},"end":{"line":8,"column":53}},"7":{"start":{"line":9,"column":0},"end":{"line":9,"column":58}},"8":{"start":{"line":10,"column":0},"end":{"line":10,"column":55}},"9":{"start":{"line":11,"column":0},"end":{"line":11,"column":59}},"10":{"start":{"line":12,"column":0},"end":{"line":12,"column":54}},"11":{"start":{"line":14,"column":0},"end":{"line":14,"column":43}},"12":{"start":{"line":15,"column":0},"end":{"line":15,"column":26}},"13":{"start":{"line":16,"column":0},"end":{"line":16,"column":24}},"14":{"start":{"line":17,"column":0},"end":{"line":17,"column":86}},"15":{"start":{"line":18,"column":0},"end":{"line":18,"column":32}},"16":{"start":{"line":25,"column":4},"end":{"line":25,"column":25}},"17":{"start":{"line":26,"column":4},"end":{"line":26,"column":18}},"18":{"start":{"line":27,"column":4},"end":{"line":27,"column":18}},"19":{"start":{"line":28,"column":4},"end":{"line":28,"column":23}},"20":{"start":{"line":34,"column":4},"end":{"line":34,"column":51}},"21":{"start":{"line":36,"column":4},"end":{"line":41,"column":8}},"22":{"start":{"line":39,"column":8},"end":{"line":39,"column":37}},"23":{"start":{"line":42,"column":4},"end":{"line":42,"column":72}},"24":{"start":{"line":43,"column":4},"end":{"line":43,"column":32}},"25":{"start":{"line":45,"column":4},"end":{"line":49,"column":8}},"26":{"start":{"line":52,"column":4},"end":{"line":52,"column":65}},"27":{"start":{"line":53,"column":4},"end":{"line":53,"column":59}},"28":{"start":{"line":54,"column":4},"end":{"line":54,"column":64}},"29":{"start":{"line":59,"column":4},"end":{"line":59,"column":63}},"30":{"start":{"line":59,"column":36},"end":{"line":59,"column":61}},"31":{"start":{"line":60,"column":4},"end":{"line":60,"column":43}},"32":{"start":{"line":61,"column":4},"end":{"line":61,"column":42}},"33":{"start":{"line":62,"column":4},"end":{"line":62,"column":49}},"34":{"start":{"line":63,"column":4},"end":{"line":63,"column":54}},"35":{"start":{"line":64,"column":4},"end":{"line":64,"column":51}},"36":{"start":{"line":65,"column":4},"end":{"line":65,"column":55}},"37":{"start":{"line":66,"column":4},"end":{"line":66,"column":50}},"38":{"start":{"line":70,"column":4},"end":{"line":75,"column":7}},"39":{"start":{"line":71,"column":6},"end":{"line":74,"column":9}},"40":{"start":{"line":77,"column":4},"end":{"line":85,"column":7}},"41":{"start":{"line":78,"column":6},"end":{"line":78,"column":54}},"42":{"start":{"line":80,"column":6},"end":{"line":84,"column":9}},"43":{"start":{"line":90,"column":24},"end":{"line":90,"column":67}},"44":{"start":{"line":91,"column":28},"end":{"line":91,"column":50}},"45":{"start":{"line":93,"column":4},"end":{"line":97,"column":6}},"46":{"start":{"line":99,"column":4},"end":{"line":99,"column":88}},"47":{"start":{"line":103,"column":4},"end":{"line":113,"column":5}},"48":{"start":{"line":104,"column":6},"end":{"line":104,"column":24}},"49":{"start":{"line":105,"column":6},"end":{"line":105,"column":73}},"50":{"start":{"line":107,"column":6},"end":{"line":109,"column":9}},"51":{"start":{"line":108,"column":8},"end":{"line":108,"column":82}},"52":{"start":{"line":111,"column":6},"end":{"line":111,"column":70}},"53":{"start":{"line":112,"column":6},"end":{"line":112,"column":22}},"54":{"start":{"line":117,"column":15},"end":{"line":117,"column":27}},"55":{"start":{"line":118,"column":0},"end":{"line":118,"column":15}}},"fnMap":{"0":{"name":"(anonymous_1)","decl":{"start":{"line":24,"column":2},"end":{"line":24,"column":null}},"loc":{"start":{"line":24,"column":2},"end":{"line":29,"column":3}}},"1":{"name":"(anonymous_2)","decl":{"start":{"line":33,"column":2},"end":{"line":33,"column":8}},"loc":{"start":{"line":33,"column":8},"end":{"line":55,"column":3}}},"2":{"name":"(anonymous_3)","decl":{"start":{"line":38,"column":14},"end":{"line":38,"column":15}},"loc":{"start":{"line":38,"column":37},"end":{"line":40,"column":7}}},"3":{"name":"(anonymous_4)","decl":{"start":{"line":58,"column":2},"end":{"line":58,"column":8}},"loc":{"start":{"line":58,"column":8},"end":{"line":67,"column":3}}},"4":{"name":"(anonymous_5)","decl":{"start":{"line":59,"column":22},"end":{"line":59,"column":23}},"loc":{"start":{"line":59,"column":36},"end":{"line":59,"column":61}}},"5":{"name":"(anonymous_6)","decl":{"start":{"line":69,"column":2},"end":{"line":69,"column":14}},"loc":{"start":{"line":69,"column":14},"end":{"line":86,"column":3}}},"6":{"name":"(anonymous_7)","decl":{"start":{"line":70,"column":22},"end":{"line":70,"column":23}},"loc":{"start":{"line":70,"column":35},"end":{"line":75,"column":5}}},"7":{"name":"(anonymous_8)","decl":{"start":{"line":77,"column":17},"end":{"line":77,"column":18}},"loc":{"start":{"line":77,"column":103},"end":{"line":85,"column":5}}},"8":{"name":"(anonymous_9)","decl":{"start":{"line":89,"column":2},"end":{"line":89,"column":13}},"loc":{"start":{"line":89,"column":13},"end":{"line":100,"column":3}}},"9":{"name":"(anonymous_10)","decl":{"start":{"line":102,"column":2},"end":{"line":102,"column":7}},"loc":{"start":{"line":102,"column":13},"end":{"line":114,"column":3}}},"10":{"name":"(anonymous_11)","decl":{"start":{"line":107,"column":44},"end":{"line":107,"column":47}},"loc":{"start":{"line":107,"column":49},"end":{"line":109,"column":7}}}},"branchMap":{"0":{"loc":{"start":{"line":34,"column":25},"end":{"line":34,"column":49}},"type":"binary-expr","locations":[{"start":{"line":34,"column":25},"end":{"line":34,"column":41}},{"start":{"line":34,"column":45},"end":{"line":34,"column":49}}]},"1":{"loc":{"start":{"line":46,"column":14},"end":{"line":46,"column":63}},"type":"binary-expr","locations":[{"start":{"line":46,"column":14},"end":{"line":46,"column":36}},{"start":{"line":46,"column":40},"end":{"line":46,"column":63}}]},"2":{"loc":{"start":{"line":80,"column":17},"end":{"line":80,"column":34}},"type":"binary-expr","locations":[{"start":{"line":80,"column":17},"end":{"line":80,"column":27}},{"start":{"line":80,"column":31},"end":{"line":80,"column":34}}]},"3":{"loc":{"start":{"line":82,"column":17},"end":{"line":82,"column":60}},"type":"binary-expr","locations":[{"start":{"line":82,"column":17},"end":{"line":82,"column":28}},{"start":{"line":82,"column":32},"end":{"line":82,"column":60}}]},"4":{"loc":{"start":{"line":83,"column":15},"end":{"line":83,"column":77}},"type":"cond-expr","locations":[{"start":{"line":83,"column":56},"end":{"line":83,"column":65}},{"start":{"line":83,"column":68},"end":{"line":83,"column":77}}]}},"s":{"0":0,"1":0,"2":0,"3":0,"4":0,"5":0,"6":0,"7":0,"8":0,"9":0,"10":0,"11":0,"12":0,"13":0,"14":0,"15":0,"16":0,"17":0,"18":0,"19":0,"20":0,"21":0,"22":0,"23":0,"24":0,"25":0,"26":0,"27":0,"28":0,"29":0,"30":0,"31":0,"32":0,"33":0,"34":0,"35":0,"36":0,"37":0,"38":0,"39":0,"40":0,"41":0,"42":0,"43":0,"44":0,"45":0,"46":0,"47":0,"48":0,"49":0,"50":0,"51":0,"52":0,"53":0,"54":0,"55":0},"f":{"0":0,"1":0,"2":0,"3":0,"4":0,"5":0,"6":0,"7":0,"8":0,"9":0,"10":0},"b":{"0":[0,0],"1":[0,0],"2":[0,0],"3":[0,0],"4":[0,0]}}
,"/home/roberto/Documentos/Ingeniria/Decimo cuatrimestre/Aplicaciones Web Progresivas/mi-backend/src/config/db.ts": {"path":"/home/roberto/Documentos/Ingeniria/Decimo cuatrimestre/Aplicaciones Web Progresivas/mi-backend/src/config/db.ts","statementMap":{"0":{"start":{"line":1,"column":0},"end":{"line":1,"column":26}},"1":{"start":{"line":2,"column":0},"end":{"line":2,"column":28}},"2":{"start":{"line":4,"column":0},"end":{"line":4,"column":16}},"3":{"start":{"line":6,"column":13},"end":{"line":12,"column":3}},"4":{"start":{"line":14,"column":0},"end":{"line":16,"column":3}},"5":{"start":{"line":15,"column":2},"end":{"line":15,"column":37}},"6":{"start":{"line":18,"column":25},"end":{"line":28,"column":1}},"7":{"start":{"line":19,"column":2},"end":{"line":27,"column":3}},"8":{"start":{"line":20,"column":19},"end":{"line":20,"column":39}},"9":{"start":{"line":21,"column":4},"end":{"line":21,"column":72}},"10":{"start":{"line":22,"column":4},"end":{"line":22,"column":21}},"11":{"start":{"line":23,"column":4},"end":{"line":23,"column":16}},"12":{"start":{"line":25,"column":4},"end":{"line":25,"column":68}},"13":{"start":{"line":26,"column":4},"end":{"line":26,"column":20}},"14":{"start":{"line":18,"column":13},"end":{"line":18,"column":25}}},"fnMap":{"0":{"name":"(anonymous_1)","decl":{"start":{"line":14,"column":19},"end":{"line":14,"column":20}},"loc":{"start":{"line":14,"column":30},"end":{"line":16,"column":1}}},"1":{"name":"(anonymous_2)","decl":{"start":{"line":18,"column":25},"end":{"line":18,"column":30}},"loc":{"start":{"line":18,"column":36},"end":{"line":28,"column":1}}}},"branchMap":{},"s":{"0":4,"1":4,"2":4,"3":4,"4":4,"5":0,"6":4,"7":0,"8":0,"9":0,"10":0,"11":0,"12":0,"13":0,"14":4},"f":{"0":0,"1":0},"b":{}}
,"/home/roberto/Documentos/Ingeniria/Decimo cuatrimestre/Aplicaciones Web Progresivas/mi-backend/src/controllers/auth-controller.ts": {"path":"/home/roberto/Documentos/Ingeniria/Decimo cuatrimestre/Aplicaciones Web Progresivas/mi-backend/src/controllers/auth-controller.ts","statementMap":{"0":{"start":{"line":3,"column":0},"end":{"line":3,"column":36}},"1":{"start":{"line":4,"column":0},"end":{"line":4,"column":28}},"2":{"start":{"line":5,"column":0},"end":{"line":5,"column":28}},"3":{"start":{"line":6,"column":0},"end":{"line":6,"column":50}},"4":{"start":{"line":7,"column":0},"end":{"line":7,"column":55}},"5":{"start":{"line":8,"column":0},"end":{"line":8,"column":67}},"6":{"start":{"line":9,"column":0},"end":{"line":9,"column":105}},"7":{"start":{"line":10,"column":0},"end":{"line":10,"column":55}},"8":{"start":{"line":16,"column":67},"end":{"line":16,"column":75}},"9":{"start":{"line":17,"column":4},"end":{"line":102,"column":5}},"10":{"start":{"line":18,"column":19},"end":{"line":18,"column":57}},"11":{"start":{"line":19,"column":6},"end":{"line":19,"column":84}},"12":{"start":{"line":19,"column":17},"end":{"line":19,"column":84}},"13":{"start":{"line":20,"column":20},"end":{"line":20,"column":65}},"14":{"start":{"line":21,"column":6},"end":{"line":21,"column":85}},"15":{"start":{"line":21,"column":18},"end":{"line":21,"column":85}},"16":{"start":{"line":23,"column":29},"end":{"line":23,"column":75}},"17":{"start":{"line":24,"column":6},"end":{"line":35,"column":7}},"18":{"start":{"line":25,"column":8},"end":{"line":34,"column":11}},"19":{"start":{"line":37,"column":6},"end":{"line":62,"column":7}},"20":{"start":{"line":38,"column":20},"end":{"line":38,"column":34}},"21":{"start":{"line":39,"column":27},"end":{"line":39,"column":41}},"22":{"start":{"line":40,"column":26},"end":{"line":40,"column":73}},"23":{"start":{"line":42,"column":8},"end":{"line":42,"column":97}},"24":{"start":{"line":43,"column":8},"end":{"line":55,"column":9}},"25":{"start":{"line":44,"column":10},"end":{"line":49,"column":11}},"26":{"start":{"line":45,"column":12},"end":{"line":48,"column":15}},"27":{"start":{"line":50,"column":10},"end":{"line":52,"column":11}},"28":{"start":{"line":51,"column":12},"end":{"line":51,"column":60}},"29":{"start":{"line":54,"column":10},"end":{"line":54,"column":64}},"30":{"start":{"line":56,"column":8},"end":{"line":61,"column":11}},"31":{"start":{"line":64,"column":20},"end":{"line":68,"column":8}},"32":{"start":{"line":69,"column":30},"end":{"line":69,"column":56}},"33":{"start":{"line":70,"column":22},"end":{"line":80,"column":8}},"34":{"start":{"line":81,"column":6},"end":{"line":90,"column":9}},"35":{"start":{"line":93,"column":6},"end":{"line":98,"column":7}},"36":{"start":{"line":94,"column":8},"end":{"line":97,"column":11}},"37":{"start":{"line":100,"column":6},"end":{"line":100,"column":25}},"38":{"start":{"line":101,"column":6},"end":{"line":101,"column":78}},"39":{"start":{"line":106,"column":66},"end":{"line":106,"column":74}},"40":{"start":{"line":107,"column":4},"end":{"line":151,"column":5}},"41":{"start":{"line":108,"column":6},"end":{"line":108,"column":52}},"42":{"start":{"line":109,"column":6},"end":{"line":109,"column":40}},"43":{"start":{"line":110,"column":20},"end":{"line":110,"column":105}},"44":{"start":{"line":111,"column":6},"end":{"line":111,"column":101}},"45":{"start":{"line":111,"column":18},"end":{"line":111,"column":101}},"46":{"start":{"line":112,"column":6},"end":{"line":112,"column":50}},"47":{"start":{"line":113,"column":23},"end":{"line":113,"column":62}},"48":{"start":{"line":114,"column":6},"end":{"line":116,"column":7}},"49":{"start":{"line":115,"column":8},"end":{"line":115,"column":88}},"50":{"start":{"line":118,"column":25},"end":{"line":122,"column":8}},"51":{"start":{"line":123,"column":30},"end":{"line":123,"column":61}},"52":{"start":{"line":124,"column":18},"end":{"line":124,"column":28}},"53":{"start":{"line":125,"column":24},"end":{"line":125,"column":64}},"54":{"start":{"line":126,"column":22},"end":{"line":136,"column":8}},"55":{"start":{"line":138,"column":6},"end":{"line":147,"column":9}},"56":{"start":{"line":149,"column":6},"end":{"line":149,"column":25}},"57":{"start":{"line":150,"column":6},"end":{"line":150,"column":85}},"58":{"start":{"line":155,"column":69},"end":{"line":155,"column":77}},"59":{"start":{"line":156,"column":4},"end":{"line":210,"column":5}},"60":{"start":{"line":157,"column":6},"end":{"line":157,"column":50}},"61":{"start":{"line":158,"column":6},"end":{"line":158,"column":35}},"62":{"start":{"line":159,"column":6},"end":{"line":159,"column":47}},"63":{"start":{"line":160,"column":6},"end":{"line":162,"column":7}},"64":{"start":{"line":161,"column":8},"end":{"line":161,"column":79}},"65":{"start":{"line":164,"column":20},"end":{"line":164,"column":77}},"66":{"start":{"line":165,"column":6},"end":{"line":167,"column":7}},"67":{"start":{"line":166,"column":8},"end":{"line":166,"column":84}},"68":{"start":{"line":169,"column":6},"end":{"line":169,"column":50}},"69":{"start":{"line":171,"column":23},"end":{"line":171,"column":57}},"70":{"start":{"line":172,"column":6},"end":{"line":174,"column":7}},"71":{"start":{"line":173,"column":8},"end":{"line":173,"column":88}},"72":{"start":{"line":176,"column":20},"end":{"line":180,"column":8}},"73":{"start":{"line":181,"column":30},"end":{"line":181,"column":56}},"74":{"start":{"line":182,"column":18},"end":{"line":182,"column":28}},"75":{"start":{"line":183,"column":24},"end":{"line":183,"column":64}},"76":{"start":{"line":184,"column":22},"end":{"line":194,"column":8}},"77":{"start":{"line":195,"column":6},"end":{"line":205,"column":9}},"78":{"start":{"line":208,"column":6},"end":{"line":208,"column":52}},"79":{"start":{"line":209,"column":6},"end":{"line":209,"column":93}},"80":{"start":{"line":214,"column":37},"end":{"line":214,"column":45}},"81":{"start":{"line":215,"column":4},"end":{"line":231,"column":5}},"82":{"start":{"line":216,"column":19},"end":{"line":216,"column":57}},"83":{"start":{"line":217,"column":6},"end":{"line":217,"column":103}},"84":{"start":{"line":217,"column":17},"end":{"line":217,"column":103}},"85":{"start":{"line":218,"column":25},"end":{"line":218,"column":63}},"86":{"start":{"line":219,"column":18},"end":{"line":219,"column":60}},"87":{"start":{"line":220,"column":6},"end":{"line":220,"column":77}},"88":{"start":{"line":221,"column":24},"end":{"line":221,"column":96}},"89":{"start":{"line":222,"column":6},"end":{"line":226,"column":7}},"90":{"start":{"line":223,"column":8},"end":{"line":223,"column":112}},"91":{"start":{"line":224,"column":13},"end":{"line":226,"column":7}},"92":{"start":{"line":225,"column":8},"end":{"line":225,"column":69}},"93":{"start":{"line":227,"column":6},"end":{"line":227,"column":93}},"94":{"start":{"line":229,"column":6},"end":{"line":229,"column":25}},"95":{"start":{"line":230,"column":6},"end":{"line":230,"column":98}},"96":{"start":{"line":234,"column":35},"end":{"line":234,"column":43}},"97":{"start":{"line":235,"column":4},"end":{"line":249,"column":5}},"98":{"start":{"line":236,"column":6},"end":{"line":236,"column":77}},"99":{"start":{"line":236,"column":18},"end":{"line":236,"column":77}},"100":{"start":{"line":237,"column":20},"end":{"line":237,"column":77}},"101":{"start":{"line":238,"column":6},"end":{"line":238,"column":88}},"102":{"start":{"line":238,"column":18},"end":{"line":238,"column":88}},"103":{"start":{"line":239,"column":6},"end":{"line":241,"column":7}},"104":{"start":{"line":240,"column":8},"end":{"line":240,"column":83}},"105":{"start":{"line":242,"column":21},"end":{"line":242,"column":55}},"106":{"start":{"line":243,"column":6},"end":{"line":243,"column":92}},"107":{"start":{"line":244,"column":6},"end":{"line":244,"column":50}},"108":{"start":{"line":245,"column":6},"end":{"line":245,"column":76}},"109":{"start":{"line":247,"column":6},"end":{"line":247,"column":25}},"110":{"start":{"line":248,"column":6},"end":{"line":248,"column":98}},"111":{"start":{"line":252,"column":29},"end":{"line":252,"column":37}},"112":{"start":{"line":253,"column":4},"end":{"line":273,"column":5}},"113":{"start":{"line":254,"column":21},"end":{"line":254,"column":25}},"114":{"start":{"line":255,"column":6},"end":{"line":260,"column":7}},"115":{"start":{"line":256,"column":8},"end":{"line":256,"column":61}},"116":{"start":{"line":258,"column":23},"end":{"line":258,"column":116}},"117":{"start":{"line":259,"column":8},"end":{"line":259,"column":34}},"118":{"start":{"line":261,"column":6},"end":{"line":261,"column":101}},"119":{"start":{"line":261,"column":21},"end":{"line":261,"column":101}},"120":{"start":{"line":262,"column":6},"end":{"line":264,"column":7}},"121":{"start":{"line":263,"column":8},"end":{"line":263,"column":114}},"122":{"start":{"line":265,"column":6},"end":{"line":267,"column":7}},"123":{"start":{"line":266,"column":8},"end":{"line":266,"column":71}},"124":{"start":{"line":269,"column":6},"end":{"line":269,"column":74}},"125":{"start":{"line":271,"column":6},"end":{"line":271,"column":25}},"126":{"start":{"line":272,"column":6},"end":{"line":272,"column":89}},"127":{"start":{"line":277,"column":4},"end":{"line":287,"column":5}},"128":{"start":{"line":278,"column":20},"end":{"line":278,"column":63}},"129":{"start":{"line":280,"column":6},"end":{"line":282,"column":7}},"130":{"start":{"line":281,"column":8},"end":{"line":281,"column":45}},"131":{"start":{"line":283,"column":6},"end":{"line":283,"column":59}},"132":{"start":{"line":285,"column":6},"end":{"line":285,"column":25}},"133":{"start":{"line":286,"column":6},"end":{"line":286,"column":85}},"134":{"start":{"line":290,"column":4},"end":{"line":312,"column":5}},"135":{"start":{"line":291,"column":23},"end":{"line":291,"column":73}},"136":{"start":{"line":293,"column":27},"end":{"line":304,"column":9}},"137":{"start":{"line":293,"column":52},"end":{"line":304,"column":8}},"138":{"start":{"line":305,"column":6},"end":{"line":308,"column":9}},"139":{"start":{"line":310,"column":6},"end":{"line":310,"column":25}},"140":{"start":{"line":311,"column":6},"end":{"line":311,"column":89}},"141":{"start":{"line":315,"column":4},"end":{"line":327,"column":5}},"142":{"start":{"line":316,"column":27},"end":{"line":316,"column":70}},"143":{"start":{"line":317,"column":23},"end":{"line":317,"column":73}},"144":{"start":{"line":318,"column":6},"end":{"line":322,"column":7}},"145":{"start":{"line":319,"column":8},"end":{"line":321,"column":9}},"146":{"start":{"line":320,"column":10},"end":{"line":320,"column":55}},"147":{"start":{"line":323,"column":6},"end":{"line":323,"column":68}},"148":{"start":{"line":325,"column":6},"end":{"line":325,"column":25}},"149":{"start":{"line":326,"column":6},"end":{"line":326,"column":93}},"150":{"start":{"line":330,"column":4},"end":{"line":344,"column":5}},"151":{"start":{"line":331,"column":28},"end":{"line":331,"column":38}},"152":{"start":{"line":332,"column":23},"end":{"line":332,"column":73}},"153":{"start":{"line":334,"column":30},"end":{"line":334,"column":78}},"154":{"start":{"line":334,"column":49},"end":{"line":334,"column":77}},"155":{"start":{"line":336,"column":6},"end":{"line":338,"column":7}},"156":{"start":{"line":337,"column":8},"end":{"line":337,"column":73}},"157":{"start":{"line":339,"column":6},"end":{"line":339,"column":59}},"158":{"start":{"line":340,"column":6},"end":{"line":340,"column":59}},"159":{"start":{"line":342,"column":6},"end":{"line":342,"column":25}},"160":{"start":{"line":343,"column":6},"end":{"line":343,"column":85}},"161":{"start":{"line":347,"column":4},"end":{"line":381,"column":5}},"162":{"start":{"line":348,"column":23},"end":{"line":348,"column":66}},"163":{"start":{"line":350,"column":6},"end":{"line":352,"column":7}},"164":{"start":{"line":351,"column":8},"end":{"line":351,"column":68}},"165":{"start":{"line":353,"column":6},"end":{"line":353,"column":46}},"166":{"start":{"line":354,"column":23},"end":{"line":358,"column":8}},"167":{"start":{"line":359,"column":30},"end":{"line":359,"column":59}},"168":{"start":{"line":360,"column":18},"end":{"line":360,"column":28}},"169":{"start":{"line":361,"column":24},"end":{"line":361,"column":64}},"170":{"start":{"line":362,"column":22},"end":{"line":372,"column":8}},"171":{"start":{"line":373,"column":6},"end":{"line":377,"column":9}},"172":{"start":{"line":379,"column":6},"end":{"line":379,"column":25}},"173":{"start":{"line":380,"column":6},"end":{"line":380,"column":85}},"174":{"start":{"line":13,"column":0},"end":{"line":13,"column":13}}},"fnMap":{"0":{"name":"(anonymous_1)","decl":{"start":{"line":15,"column":2},"end":{"line":15,"column":8}},"loc":{"start":{"line":15,"column":48},"end":{"line":103,"column":3}}},"1":{"name":"(anonymous_2)","decl":{"start":{"line":105,"column":2},"end":{"line":105,"column":8}},"loc":{"start":{"line":105,"column":52},"end":{"line":152,"column":3}}},"2":{"name":"(anonymous_3)","decl":{"start":{"line":154,"column":2},"end":{"line":154,"column":8}},"loc":{"start":{"line":154,"column":56},"end":{"line":211,"column":3}}},"3":{"name":"(anonymous_4)","decl":{"start":{"line":213,"column":2},"end":{"line":213,"column":8}},"loc":{"start":{"line":213,"column":63},"end":{"line":232,"column":3}}},"4":{"name":"(anonymous_5)","decl":{"start":{"line":233,"column":2},"end":{"line":233,"column":8}},"loc":{"start":{"line":233,"column":63},"end":{"line":250,"column":3}}},"5":{"name":"(anonymous_6)","decl":{"start":{"line":251,"column":2},"end":{"line":251,"column":8}},"loc":{"start":{"line":251,"column":58},"end":{"line":274,"column":3}}},"6":{"name":"(anonymous_7)","decl":{"start":{"line":276,"column":2},"end":{"line":276,"column":8}},"loc":{"start":{"line":276,"column":62},"end":{"line":288,"column":3}}},"7":{"name":"(anonymous_8)","decl":{"start":{"line":289,"column":2},"end":{"line":289,"column":8}},"loc":{"start":{"line":289,"column":73},"end":{"line":313,"column":3}}},"8":{"name":"(anonymous_9)","decl":{"start":{"line":293,"column":40},"end":{"line":293,"column":47}},"loc":{"start":{"line":293,"column":52},"end":{"line":304,"column":8}}},"9":{"name":"(anonymous_10)","decl":{"start":{"line":314,"column":2},"end":{"line":314,"column":8}},"loc":{"start":{"line":314,"column":75},"end":{"line":328,"column":3}}},"10":{"name":"(anonymous_11)","decl":{"start":{"line":329,"column":2},"end":{"line":329,"column":8}},"loc":{"start":{"line":329,"column":69},"end":{"line":345,"column":3}}},"11":{"name":"(anonymous_12)","decl":{"start":{"line":334,"column":44},"end":{"line":334,"column":45}},"loc":{"start":{"line":334,"column":49},"end":{"line":334,"column":77}}},"12":{"name":"(anonymous_13)","decl":{"start":{"line":346,"column":2},"end":{"line":346,"column":8}},"loc":{"start":{"line":346,"column":68},"end":{"line":382,"column":3}}}},"branchMap":{"0":{"loc":{"start":{"line":19,"column":6},"end":{"line":19,"column":84}},"type":"if","locations":[{"start":{"line":19,"column":6},"end":{"line":19,"column":84}},{"start":{},"end":{}}]},"1":{"loc":{"start":{"line":21,"column":6},"end":{"line":21,"column":85}},"type":"if","locations":[{"start":{"line":21,"column":6},"end":{"line":21,"column":85}},{"start":{},"end":{}}]},"2":{"loc":{"start":{"line":24,"column":6},"end":{"line":35,"column":7}},"type":"if","locations":[{"start":{"line":24,"column":6},"end":{"line":35,"column":7}},{"start":{},"end":{}}]},"3":{"loc":{"start":{"line":37,"column":6},"end":{"line":62,"column":7}},"type":"if","locations":[{"start":{"line":37,"column":6},"end":{"line":62,"column":7}},{"start":{},"end":{}}]},"4":{"loc":{"start":{"line":44,"column":10},"end":{"line":49,"column":11}},"type":"if","locations":[{"start":{"line":44,"column":10},"end":{"line":49,"column":11}},{"start":{},"end":{}}]},"5":{"loc":{"start":{"line":50,"column":10},"end":{"line":52,"column":11}},"type":"if","locations":[{"start":{"line":50,"column":10},"end":{"line":52,"column":11}},{"start":{},"end":{}}]},"6":{"loc":{"start":{"line":74,"column":21},"end":{"line":74,"column":61}},"type":"binary-expr","locations":[{"start":{"line":74,"column":21},"end":{"line":74,"column":32}},{"start":{"line":74,"column":36},"end":{"line":74,"column":61}}]},"7":{"loc":{"start":{"line":75,"column":20},"end":{"line":75,"column":40}},"type":"binary-expr","locations":[{"start":{"line":75,"column":20},"end":{"line":75,"column":30}},{"start":{"line":75,"column":34},"end":{"line":75,"column":40}}]},"8":{"loc":{"start":{"line":93,"column":6},"end":{"line":98,"column":7}},"type":"if","locations":[{"start":{"line":93,"column":6},"end":{"line":98,"column":7}},{"start":{},"end":{}}]},"9":{"loc":{"start":{"line":111,"column":6},"end":{"line":111,"column":101}},"type":"if","locations":[{"start":{"line":111,"column":6},"end":{"line":111,"column":101}},{"start":{},"end":{}}]},"10":{"loc":{"start":{"line":114,"column":6},"end":{"line":116,"column":7}},"type":"if","locations":[{"start":{"line":114,"column":6},"end":{"line":116,"column":7}},{"start":{},"end":{}}]},"11":{"loc":{"start":{"line":114,"column":10},"end":{"line":114,"column":35}},"type":"binary-expr","locations":[{"start":{"line":114,"column":10},"end":{"line":114,"column":19}},{"start":{"line":114,"column":23},"end":{"line":114,"column":35}}]},"12":{"loc":{"start":{"line":130,"column":21},"end":{"line":130,"column":61}},"type":"binary-expr","locations":[{"start":{"line":130,"column":21},"end":{"line":130,"column":32}},{"start":{"line":130,"column":36},"end":{"line":130,"column":61}}]},"13":{"loc":{"start":{"line":131,"column":20},"end":{"line":131,"column":40}},"type":"binary-expr","locations":[{"start":{"line":131,"column":20},"end":{"line":131,"column":30}},{"start":{"line":131,"column":34},"end":{"line":131,"column":40}}]},"14":{"loc":{"start":{"line":160,"column":6},"end":{"line":162,"column":7}},"type":"if","locations":[{"start":{"line":160,"column":6},"end":{"line":162,"column":7}},{"start":{},"end":{}}]},"15":{"loc":{"start":{"line":160,"column":10},"end":{"line":160,"column":31}},"type":"binary-expr","locations":[{"start":{"line":160,"column":10},"end":{"line":160,"column":16}},{"start":{"line":160,"column":20},"end":{"line":160,"column":31}}]},"16":{"loc":{"start":{"line":165,"column":6},"end":{"line":167,"column":7}},"type":"if","locations":[{"start":{"line":165,"column":6},"end":{"line":167,"column":7}},{"start":{},"end":{}}]},"17":{"loc":{"start":{"line":172,"column":6},"end":{"line":174,"column":7}},"type":"if","locations":[{"start":{"line":172,"column":6},"end":{"line":174,"column":7}},{"start":{},"end":{}}]},"18":{"loc":{"start":{"line":172,"column":10},"end":{"line":172,"column":35}},"type":"binary-expr","locations":[{"start":{"line":172,"column":10},"end":{"line":172,"column":19}},{"start":{"line":172,"column":23},"end":{"line":172,"column":35}}]},"19":{"loc":{"start":{"line":188,"column":21},"end":{"line":188,"column":61}},"type":"binary-expr","locations":[{"start":{"line":188,"column":21},"end":{"line":188,"column":32}},{"start":{"line":188,"column":36},"end":{"line":188,"column":61}}]},"20":{"loc":{"start":{"line":189,"column":20},"end":{"line":189,"column":40}},"type":"binary-expr","locations":[{"start":{"line":189,"column":20},"end":{"line":189,"column":30}},{"start":{"line":189,"column":34},"end":{"line":189,"column":40}}]},"21":{"loc":{"start":{"line":214,"column":19},"end":{"line":214,"column":32}},"type":"default-arg","locations":[{"start":{"line":214,"column":25},"end":{"line":214,"column":32}}]},"22":{"loc":{"start":{"line":217,"column":6},"end":{"line":217,"column":103}},"type":"if","locations":[{"start":{"line":217,"column":6},"end":{"line":217,"column":103}},{"start":{},"end":{}}]},"23":{"loc":{"start":{"line":219,"column":18},"end":{"line":219,"column":60}},"type":"cond-expr","locations":[{"start":{"line":219,"column":34},"end":{"line":219,"column":48}},{"start":{"line":219,"column":51},"end":{"line":219,"column":60}}]},"24":{"loc":{"start":{"line":222,"column":6},"end":{"line":226,"column":7}},"type":"if","locations":[{"start":{"line":222,"column":6},"end":{"line":226,"column":7}},{"start":{"line":224,"column":13},"end":{"line":226,"column":7}}]},"25":{"loc":{"start":{"line":224,"column":13},"end":{"line":226,"column":7}},"type":"if","locations":[{"start":{"line":224,"column":13},"end":{"line":226,"column":7}},{"start":{},"end":{}}]},"26":{"loc":{"start":{"line":224,"column":17},"end":{"line":224,"column":44}},"type":"binary-expr","locations":[{"start":{"line":224,"column":17},"end":{"line":224,"column":30}},{"start":{"line":224,"column":34},"end":{"line":224,"column":44}}]},"27":{"loc":{"start":{"line":236,"column":6},"end":{"line":236,"column":77}},"type":"if","locations":[{"start":{"line":236,"column":6},"end":{"line":236,"column":77}},{"start":{},"end":{}}]},"28":{"loc":{"start":{"line":238,"column":6},"end":{"line":238,"column":88}},"type":"if","locations":[{"start":{"line":238,"column":6},"end":{"line":238,"column":88}},{"start":{},"end":{}}]},"29":{"loc":{"start":{"line":239,"column":6},"end":{"line":241,"column":7}},"type":"if","locations":[{"start":{"line":239,"column":6},"end":{"line":241,"column":7}},{"start":{},"end":{}}]},"30":{"loc":{"start":{"line":255,"column":6},"end":{"line":260,"column":7}},"type":"if","locations":[{"start":{"line":255,"column":6},"end":{"line":260,"column":7}},{"start":{"line":257,"column":13},"end":{"line":260,"column":7}}]},"31":{"loc":{"start":{"line":261,"column":6},"end":{"line":261,"column":101}},"type":"if","locations":[{"start":{"line":261,"column":6},"end":{"line":261,"column":101}},{"start":{},"end":{}}]},"32":{"loc":{"start":{"line":262,"column":6},"end":{"line":264,"column":7}},"type":"if","locations":[{"start":{"line":262,"column":6},"end":{"line":264,"column":7}},{"start":{},"end":{}}]},"33":{"loc":{"start":{"line":265,"column":6},"end":{"line":267,"column":7}},"type":"if","locations":[{"start":{"line":265,"column":6},"end":{"line":267,"column":7}},{"start":{},"end":{}}]},"34":{"loc":{"start":{"line":280,"column":6},"end":{"line":282,"column":7}},"type":"if","locations":[{"start":{"line":280,"column":6},"end":{"line":282,"column":7}},{"start":{},"end":{}}]},"35":{"loc":{"start":{"line":300,"column":18},"end":{"line":303,"column":16}},"type":"cond-expr","locations":[{"start":{"line":300,"column":58},"end":{"line":303,"column":10}},{"start":{"line":303,"column":12},"end":{"line":303,"column":16}}]},"36":{"loc":{"start":{"line":300,"column":18},"end":{"line":300,"column":55}},"type":"binary-expr","locations":[{"start":{"line":300,"column":18},"end":{"line":300,"column":34}},{"start":{"line":300,"column":38},"end":{"line":300,"column":55}}]},"37":{"loc":{"start":{"line":319,"column":8},"end":{"line":321,"column":9}},"type":"if","locations":[{"start":{"line":319,"column":8},"end":{"line":321,"column":9}},{"start":{},"end":{}}]},"38":{"loc":{"start":{"line":336,"column":6},"end":{"line":338,"column":7}},"type":"if","locations":[{"start":{"line":336,"column":6},"end":{"line":338,"column":7}},{"start":{},"end":{}}]},"39":{"loc":{"start":{"line":350,"column":6},"end":{"line":352,"column":7}},"type":"if","locations":[{"start":{"line":350,"column":6},"end":{"line":352,"column":7}},{"start":{},"end":{}}]},"40":{"loc":{"start":{"line":366,"column":21},"end":{"line":366,"column":74}},"type":"binary-expr","locations":[{"start":{"line":366,"column":21},"end":{"line":366,"column":45}},{"start":{"line":366,"column":49},"end":{"line":366,"column":74}}]},"41":{"loc":{"start":{"line":367,"column":20},"end":{"line":367,"column":53}},"type":"binary-expr","locations":[{"start":{"line":367,"column":20},"end":{"line":367,"column":43}},{"start":{"line":367,"column":47},"end":{"line":367,"column":53}}]}},"s":{"0":1,"1":1,"2":1,"3":1,"4":1,"5":1,"6":1,"7":1,"8":6,"9":6,"10":6,"11":5,"12":1,"13":4,"14":4,"15":1,"16":3,"17":3,"18":1,"19":2,"20":1,"21":1,"22":1,"23":1,"24":1,"25":1,"26":1,"27":1,"28":1,"29":0,"30":1,"31":1,"32":1,"33":1,"34":1,"35":1,"36":0,"37":1,"38":1,"39":2,"40":2,"41":2,"42":2,"43":2,"44":2,"45":1,"46":1,"47":1,"48":1,"49":0,"50":1,"51":1,"52":1,"53":1,"54":1,"55":1,"56":0,"57":0,"58":0,"59":0,"60":0,"61":0,"62":0,"63":0,"64":0,"65":0,"66":0,"67":0,"68":0,"69":0,"70":0,"71":0,"72":0,"73":0,"74":0,"75":0,"76":0,"77":0,"78":0,"79":0,"80":0,"81":0,"82":0,"83":0,"84":0,"85":0,"86":0,"87":0,"88":0,"89":0,"90":0,"91":0,"92":0,"93":0,"94":0,"95":0,"96":0,"97":0,"98":0,"99":0,"100":0,"101":0,"102":0,"103":0,"104":0,"105":0,"106":0,"107":0,"108":0,"109":0,"110":0,"111":0,"112":0,"113":0,"114":0,"115":0,"116":0,"117":0,"118":0,"119":0,"120":0,"121":0,"122":0,"123":0,"124":0,"125":0,"126":0,"127":0,"128":0,"129":0,"130":0,"131":0,"132":0,"133":0,"134":0,"135":0,"136":0,"137":0,"138":0,"139":0,"140":0,"141":0,"142":0,"143":0,"144":0,"145":0,"146":0,"147":0,"148":0,"149":0,"150":0,"151":0,"152":0,"153":0,"154":0,"155":0,"156":0,"157":0,"158":0,"159":0,"160":0,"161":0,"162":0,"163":0,"164":0,"165":0,"166":0,"167":0,"168":0,"169":0,"170":0,"171":0,"172":0,"173":0,"174":1},"f":{"0":6,"1":2,"2":0,"3":0,"4":0,"5":0,"6":0,"7":0,"8":0,"9":0,"10":0,"11":0,"12":0},"b":{"0":[1,4],"1":[1,3],"2":[1,2],"3":[1,1],"4":[1,0],"5":[1,0],"6":[1,0],"7":[1,0],"8":[0,1],"9":[1,1],"10":[0,1],"11":[1,1],"12":[1,0],"13":[1,0],"14":[0,0],"15":[0,0],"16":[0,0],"17":[0,0],"18":[0,0],"19":[0,0],"20":[0,0],"21":[0],"22":[0,0],"23":[0,0],"24":[0,0],"25":[0,0],"26":[0,0],"27":[0,0],"28":[0,0],"29":[0,0],"30":[0,0],"31":[0,0],"32":[0,0],"33":[0,0],"34":[0,0],"35":[0,0],"36":[0,0],"37":[0,0],"38":[0,0],"39":[0,0],"40":[0,0],"41":[0,0]}}
,"/home/roberto/Documentos/Ingeniria/Decimo cuatrimestre/Aplicaciones Web Progresivas/mi-backend/src/controllers/bitacora-controller.ts": {"path":"/home/roberto/Documentos/Ingeniria/Decimo cuatrimestre/Aplicaciones Web Progresivas/mi-backend/src/controllers/bitacora-controller.ts","statementMap":{"0":{"start":{"line":3,"column":0},"end":{"line":3,"column":67}},"1":{"start":{"line":4,"column":0},"end":{"line":4,"column":36}},"2":{"start":{"line":6,"column":22},"end":{"line":6,"column":45}},"3":{"start":{"line":8,"column":18},"end":{"line":10,"column":1}},"4":{"start":{"line":9,"column":2},"end":{"line":9,"column":56}},"5":{"start":{"line":12,"column":24},"end":{"line":14,"column":1}},"6":{"start":{"line":13,"column":2},"end":{"line":13,"column":45}},"7":{"start":{"line":16,"column":34},"end":{"line":25,"column":1}},"8":{"start":{"line":17,"column":65},"end":{"line":17,"column":71}},"9":{"start":{"line":19,"column":2},"end":{"line":19,"column":45}},"10":{"start":{"line":19,"column":22},"end":{"line":19,"column":45}},"11":{"start":{"line":20,"column":2},"end":{"line":20,"column":43}},"12":{"start":{"line":20,"column":21},"end":{"line":20,"column":43}},"13":{"start":{"line":21,"column":2},"end":{"line":21,"column":35}},"14":{"start":{"line":21,"column":17},"end":{"line":21,"column":35}},"15":{"start":{"line":22,"column":2},"end":{"line":22,"column":41}},"16":{"start":{"line":22,"column":20},"end":{"line":22,"column":41}},"17":{"start":{"line":24,"column":2},"end":{"line":24,"column":14}},"18":{"start":{"line":27,"column":13},"end":{"line":174,"column":2}},"19":{"start":{"line":29,"column":4},"end":{"line":41,"column":5}},"20":{"start":{"line":30,"column":23},"end":{"line":30,"column":52}},"21":{"start":{"line":31,"column":6},"end":{"line":35,"column":9}},"22":{"start":{"line":37,"column":6},"end":{"line":40,"column":9}},"23":{"start":{"line":45,"column":4},"end":{"line":104,"column":5}},"24":{"start":{"line":46,"column":69},"end":{"line":46,"column":77}},"25":{"start":{"line":49,"column":28},"end":{"line":49,"column":109}},"26":{"start":{"line":50,"column":6},"end":{"line":55,"column":7}},"27":{"start":{"line":51,"column":8},"end":{"line":54,"column":11}},"28":{"start":{"line":58,"column":6},"end":{"line":63,"column":7}},"29":{"start":{"line":59,"column":8},"end":{"line":62,"column":11}},"30":{"start":{"line":65,"column":6},"end":{"line":70,"column":7}},"31":{"start":{"line":66,"column":8},"end":{"line":69,"column":11}},"32":{"start":{"line":72,"column":6},"end":{"line":77,"column":7}},"33":{"start":{"line":73,"column":8},"end":{"line":76,"column":11}},"34":{"start":{"line":80,"column":6},"end":{"line":85,"column":7}},"35":{"start":{"line":81,"column":8},"end":{"line":84,"column":11}},"36":{"start":{"line":87,"column":28},"end":{"line":92,"column":8}},"37":{"start":{"line":94,"column":6},"end":{"line":98,"column":9}},"38":{"start":{"line":100,"column":6},"end":{"line":103,"column":9}},"39":{"start":{"line":108,"column":4},"end":{"line":138,"column":5}},"40":{"start":{"line":109,"column":31},"end":{"line":109,"column":39}},"41":{"start":{"line":111,"column":6},"end":{"line":116,"column":7}},"42":{"start":{"line":112,"column":8},"end":{"line":115,"column":11}},"43":{"start":{"line":118,"column":6},"end":{"line":123,"column":7}},"44":{"start":{"line":119,"column":8},"end":{"line":122,"column":11}},"45":{"start":{"line":125,"column":28},"end":{"line":125,"column":50}},"46":{"start":{"line":126,"column":24},"end":{"line":126,"column":75}},"47":{"start":{"line":128,"column":6},"end":{"line":132,"column":9}},"48":{"start":{"line":134,"column":6},"end":{"line":137,"column":9}},"49":{"start":{"line":142,"column":4},"end":{"line":172,"column":5}},"50":{"start":{"line":143,"column":30},"end":{"line":143,"column":38}},"51":{"start":{"line":145,"column":6},"end":{"line":150,"column":7}},"52":{"start":{"line":146,"column":8},"end":{"line":149,"column":11}},"53":{"start":{"line":152,"column":6},"end":{"line":157,"column":7}},"54":{"start":{"line":153,"column":8},"end":{"line":156,"column":11}},"55":{"start":{"line":159,"column":27},"end":{"line":159,"column":48}},"56":{"start":{"line":160,"column":24},"end":{"line":160,"column":73}},"57":{"start":{"line":162,"column":6},"end":{"line":166,"column":9}},"58":{"start":{"line":168,"column":6},"end":{"line":171,"column":9}}},"fnMap":{"0":{"name":"(anonymous_0)","decl":{"start":{"line":8,"column":18},"end":{"line":8,"column":19}},"loc":{"start":{"line":8,"column":39},"end":{"line":10,"column":1}}},"1":{"name":"(anonymous_1)","decl":{"start":{"line":12,"column":24},"end":{"line":12,"column":25}},"loc":{"start":{"line":12,"column":54},"end":{"line":14,"column":1}}},"2":{"name":"(anonymous_2)","decl":{"start":{"line":16,"column":34},"end":{"line":16,"column":35}},"loc":{"start":{"line":16,"column":65},"end":{"line":25,"column":1}}},"3":{"name":"(anonymous_3)","decl":{"start":{"line":28,"column":2},"end":{"line":28,"column":7}},"loc":{"start":{"line":28,"column":42},"end":{"line":42,"column":3}}},"4":{"name":"(anonymous_4)","decl":{"start":{"line":44,"column":2},"end":{"line":44,"column":7}},"loc":{"start":{"line":44,"column":42},"end":{"line":105,"column":3}}},"5":{"name":"(anonymous_5)","decl":{"start":{"line":107,"column":2},"end":{"line":107,"column":7}},"loc":{"start":{"line":107,"column":51},"end":{"line":139,"column":3}}},"6":{"name":"(anonymous_6)","decl":{"start":{"line":141,"column":2},"end":{"line":141,"column":7}},"loc":{"start":{"line":141,"column":50},"end":{"line":173,"column":3}}}},"branchMap":{"0":{"loc":{"start":{"line":9,"column":9},"end":{"line":9,"column":55}},"type":"binary-expr","locations":[{"start":{"line":9,"column":9},"end":{"line":9,"column":11}},{"start":{"line":9,"column":15},"end":{"line":9,"column":35}},{"start":{"line":9,"column":39},"end":{"line":9,"column":55}}]},"1":{"loc":{"start":{"line":13,"column":9},"end":{"line":13,"column":44}},"type":"binary-expr","locations":[{"start":{"line":13,"column":9},"end":{"line":13,"column":21}},{"start":{"line":13,"column":25},"end":{"line":13,"column":44}}]},"2":{"loc":{"start":{"line":19,"column":2},"end":{"line":19,"column":45}},"type":"if","locations":[{"start":{"line":19,"column":2},"end":{"line":19,"column":45}},{"start":{},"end":{}}]},"3":{"loc":{"start":{"line":20,"column":2},"end":{"line":20,"column":43}},"type":"if","locations":[{"start":{"line":20,"column":2},"end":{"line":20,"column":43}},{"start":{},"end":{}}]},"4":{"loc":{"start":{"line":21,"column":2},"end":{"line":21,"column":35}},"type":"if","locations":[{"start":{"line":21,"column":2},"end":{"line":21,"column":35}},{"start":{},"end":{}}]},"5":{"loc":{"start":{"line":22,"column":2},"end":{"line":22,"column":41}},"type":"if","locations":[{"start":{"line":22,"column":2},"end":{"line":22,"column":41}},{"start":{},"end":{}}]},"6":{"loc":{"start":{"line":50,"column":6},"end":{"line":55,"column":7}},"type":"if","locations":[{"start":{"line":50,"column":6},"end":{"line":55,"column":7}},{"start":{},"end":{}}]},"7":{"loc":{"start":{"line":58,"column":6},"end":{"line":63,"column":7}},"type":"if","locations":[{"start":{"line":58,"column":6},"end":{"line":63,"column":7}},{"start":{},"end":{}}]},"8":{"loc":{"start":{"line":65,"column":6},"end":{"line":70,"column":7}},"type":"if","locations":[{"start":{"line":65,"column":6},"end":{"line":70,"column":7}},{"start":{},"end":{}}]},"9":{"loc":{"start":{"line":72,"column":6},"end":{"line":77,"column":7}},"type":"if","locations":[{"start":{"line":72,"column":6},"end":{"line":77,"column":7}},{"start":{},"end":{}}]},"10":{"loc":{"start":{"line":80,"column":6},"end":{"line":85,"column":7}},"type":"if","locations":[{"start":{"line":80,"column":6},"end":{"line":85,"column":7}},{"start":{},"end":{}}]},"11":{"loc":{"start":{"line":111,"column":6},"end":{"line":116,"column":7}},"type":"if","locations":[{"start":{"line":111,"column":6},"end":{"line":116,"column":7}},{"start":{},"end":{}}]},"12":{"loc":{"start":{"line":118,"column":6},"end":{"line":123,"column":7}},"type":"if","locations":[{"start":{"line":118,"column":6},"end":{"line":123,"column":7}},{"start":{},"end":{}}]},"13":{"loc":{"start":{"line":145,"column":6},"end":{"line":150,"column":7}},"type":"if","locations":[{"start":{"line":145,"column":6},"end":{"line":150,"column":7}},{"start":{},"end":{}}]},"14":{"loc":{"start":{"line":152,"column":6},"end":{"line":157,"column":7}},"type":"if","locations":[{"start":{"line":152,"column":6},"end":{"line":157,"column":7}},{"start":{},"end":{}}]}},"s":{"0":0,"1":0,"2":0,"3":0,"4":0,"5":0,"6":0,"7":0,"8":0,"9":0,"10":0,"11":0,"12":0,"13":0,"14":0,"15":0,"16":0,"17":0,"18":0,"19":0,"20":0,"21":0,"22":0,"23":0,"24":0,"25":0,"26":0,"27":0,"28":0,"29":0,"30":0,"31":0,"32":0,"33":0,"34":0,"35":0,"36":0,"37":0,"38":0,"39":0,"40":0,"41":0,"42":0,"43":0,"44":0,"45":0,"46":0,"47":0,"48":0,"49":0,"50":0,"51":0,"52":0,"53":0,"54":0,"55":0,"56":0,"57":0,"58":0},"f":{"0":0,"1":0,"2":0,"3":0,"4":0,"5":0,"6":0},"b":{"0":[0,0,0],"1":[0,0],"2":[0,0],"3":[0,0],"4":[0,0],"5":[0,0],"6":[0,0],"7":[0,0],"8":[0,0],"9":[0,0],"10":[0,0],"11":[0,0],"12":[0,0],"13":[0,0],"14":[0,0]}}
,"/home/roberto/Documentos/Ingeniria/Decimo cuatrimestre/Aplicaciones Web Progresivas/mi-backend/src/controllers/clientes-controller.ts": {"path":"/home/roberto/Documentos/Ingeniria/Decimo cuatrimestre/Aplicaciones Web Progresivas/mi-backend/src/controllers/clientes-controller.ts","statementMap":{"0":{"start":{"line":3,"column":0},"end":{"line":3,"column":56}},"1":{"start":{"line":4,"column":0},"end":{"line":4,"column":36}},"2":{"start":{"line":6,"column":21},"end":{"line":6,"column":43}},"3":{"start":{"line":8,"column":24},"end":{"line":10,"column":1}},"4":{"start":{"line":9,"column":2},"end":{"line":9,"column":48}},"5":{"start":{"line":12,"column":22},"end":{"line":14,"column":1}},"6":{"start":{"line":13,"column":2},"end":{"line":13,"column":103}},"7":{"start":{"line":17,"column":22},"end":{"line":19,"column":1}},"8":{"start":{"line":18,"column":2},"end":{"line":18,"column":68}},"9":{"start":{"line":21,"column":13},"end":{"line":270,"column":2}},"10":{"start":{"line":23,"column":4},"end":{"line":35,"column":5}},"11":{"start":{"line":24,"column":23},"end":{"line":24,"column":51}},"12":{"start":{"line":25,"column":6},"end":{"line":29,"column":9}},"13":{"start":{"line":31,"column":6},"end":{"line":34,"column":9}},"14":{"start":{"line":39,"column":4},"end":{"line":75,"column":5}},"15":{"start":{"line":40,"column":25},"end":{"line":40,"column":33}},"16":{"start":{"line":42,"column":6},"end":{"line":47,"column":7}},"17":{"start":{"line":43,"column":8},"end":{"line":46,"column":11}},"18":{"start":{"line":49,"column":6},"end":{"line":54,"column":7}},"19":{"start":{"line":50,"column":8},"end":{"line":53,"column":11}},"20":{"start":{"line":56,"column":22},"end":{"line":56,"column":61}},"21":{"start":{"line":58,"column":6},"end":{"line":63,"column":7}},"22":{"start":{"line":59,"column":8},"end":{"line":62,"column":11}},"23":{"start":{"line":65,"column":6},"end":{"line":69,"column":9}},"24":{"start":{"line":71,"column":6},"end":{"line":74,"column":9}},"25":{"start":{"line":79,"column":4},"end":{"line":141,"column":5}},"26":{"start":{"line":80,"column":54},"end":{"line":80,"column":62}},"27":{"start":{"line":82,"column":6},"end":{"line":87,"column":7}},"28":{"start":{"line":83,"column":8},"end":{"line":86,"column":11}},"29":{"start":{"line":89,"column":6},"end":{"line":94,"column":7}},"30":{"start":{"line":90,"column":8},"end":{"line":93,"column":11}},"31":{"start":{"line":96,"column":6},"end":{"line":101,"column":7}},"32":{"start":{"line":97,"column":8},"end":{"line":100,"column":11}},"33":{"start":{"line":103,"column":6},"end":{"line":108,"column":7}},"34":{"start":{"line":104,"column":8},"end":{"line":107,"column":11}},"35":{"start":{"line":110,"column":6},"end":{"line":115,"column":7}},"36":{"start":{"line":111,"column":8},"end":{"line":114,"column":11}},"37":{"start":{"line":117,"column":6},"end":{"line":122,"column":7}},"38":{"start":{"line":118,"column":8},"end":{"line":121,"column":11}},"39":{"start":{"line":124,"column":27},"end":{"line":129,"column":8}},"40":{"start":{"line":131,"column":6},"end":{"line":135,"column":9}},"41":{"start":{"line":137,"column":6},"end":{"line":140,"column":9}},"42":{"start":{"line":145,"column":4},"end":{"line":195,"column":5}},"43":{"start":{"line":146,"column":45},"end":{"line":146,"column":53}},"44":{"start":{"line":148,"column":6},"end":{"line":153,"column":7}},"45":{"start":{"line":149,"column":8},"end":{"line":152,"column":11}},"46":{"start":{"line":155,"column":6},"end":{"line":160,"column":7}},"47":{"start":{"line":156,"column":8},"end":{"line":159,"column":11}},"48":{"start":{"line":162,"column":6},"end":{"line":167,"column":7}},"49":{"start":{"line":163,"column":8},"end":{"line":166,"column":11}},"50":{"start":{"line":169,"column":6},"end":{"line":174,"column":7}},"51":{"start":{"line":170,"column":8},"end":{"line":173,"column":11}},"52":{"start":{"line":176,"column":33},"end":{"line":176,"column":90}},"53":{"start":{"line":178,"column":6},"end":{"line":183,"column":7}},"54":{"start":{"line":179,"column":8},"end":{"line":182,"column":11}},"55":{"start":{"line":185,"column":6},"end":{"line":189,"column":9}},"56":{"start":{"line":191,"column":6},"end":{"line":194,"column":9}},"57":{"start":{"line":199,"column":4},"end":{"line":234,"column":5}},"58":{"start":{"line":200,"column":25},"end":{"line":200,"column":33}},"59":{"start":{"line":202,"column":6},"end":{"line":207,"column":7}},"60":{"start":{"line":203,"column":8},"end":{"line":206,"column":11}},"61":{"start":{"line":209,"column":6},"end":{"line":214,"column":7}},"62":{"start":{"line":210,"column":8},"end":{"line":213,"column":11}},"63":{"start":{"line":216,"column":24},"end":{"line":216,"column":57}},"64":{"start":{"line":218,"column":6},"end":{"line":223,"column":7}},"65":{"start":{"line":219,"column":8},"end":{"line":222,"column":11}},"66":{"start":{"line":225,"column":6},"end":{"line":228,"column":9}},"67":{"start":{"line":230,"column":6},"end":{"line":233,"column":9}},"68":{"start":{"line":238,"column":4},"end":{"line":268,"column":5}},"69":{"start":{"line":239,"column":25},"end":{"line":239,"column":33}},"70":{"start":{"line":241,"column":6},"end":{"line":246,"column":7}},"71":{"start":{"line":242,"column":8},"end":{"line":245,"column":11}},"72":{"start":{"line":248,"column":6},"end":{"line":253,"column":7}},"73":{"start":{"line":249,"column":8},"end":{"line":252,"column":11}},"74":{"start":{"line":255,"column":22},"end":{"line":255,"column":38}},"75":{"start":{"line":256,"column":23},"end":{"line":256,"column":63}},"76":{"start":{"line":258,"column":6},"end":{"line":262,"column":9}},"77":{"start":{"line":264,"column":6},"end":{"line":267,"column":9}}},"fnMap":{"0":{"name":"(anonymous_0)","decl":{"start":{"line":8,"column":24},"end":{"line":8,"column":25}},"loc":{"start":{"line":8,"column":55},"end":{"line":10,"column":1}}},"1":{"name":"(anonymous_1)","decl":{"start":{"line":12,"column":22},"end":{"line":12,"column":23}},"loc":{"start":{"line":12,"column":50},"end":{"line":14,"column":1}}},"2":{"name":"(anonymous_2)","decl":{"start":{"line":17,"column":22},"end":{"line":17,"column":23}},"loc":{"start":{"line":17,"column":47},"end":{"line":19,"column":1}}},"3":{"name":"(anonymous_3)","decl":{"start":{"line":22,"column":2},"end":{"line":22,"column":7}},"loc":{"start":{"line":22,"column":42},"end":{"line":36,"column":3}}},"4":{"name":"(anonymous_4)","decl":{"start":{"line":38,"column":2},"end":{"line":38,"column":7}},"loc":{"start":{"line":38,"column":47},"end":{"line":76,"column":3}}},"5":{"name":"(anonymous_5)","decl":{"start":{"line":78,"column":2},"end":{"line":78,"column":7}},"loc":{"start":{"line":78,"column":42},"end":{"line":142,"column":3}}},"6":{"name":"(anonymous_6)","decl":{"start":{"line":144,"column":2},"end":{"line":144,"column":7}},"loc":{"start":{"line":144,"column":42},"end":{"line":196,"column":3}}},"7":{"name":"(anonymous_7)","decl":{"start":{"line":198,"column":2},"end":{"line":198,"column":7}},"loc":{"start":{"line":198,"column":42},"end":{"line":235,"column":3}}},"8":{"name":"(anonymous_8)","decl":{"start":{"line":237,"column":2},"end":{"line":237,"column":7}},"loc":{"start":{"line":237,"column":45},"end":{"line":269,"column":3}}}},"branchMap":{"0":{"loc":{"start":{"line":9,"column":9},"end":{"line":9,"column":47}},"type":"binary-expr","locations":[{"start":{"line":9,"column":9},"end":{"line":9,"column":18}},{"start":{"line":9,"column":22},"end":{"line":9,"column":47}}]},"1":{"loc":{"start":{"line":13,"column":9},"end":{"line":13,"column":102}},"type":"binary-expr","locations":[{"start":{"line":13,"column":10},"end":{"line":13,"column":30}},{"start":{"line":13,"column":34},"end":{"line":13,"column":49}},{"start":{"line":13,"column":54},"end":{"line":13,"column":78}},{"start":{"line":13,"column":82},"end":{"line":13,"column":102}}]},"2":{"loc":{"start":{"line":18,"column":9},"end":{"line":18,"column":67}},"type":"binary-expr","locations":[{"start":{"line":18,"column":9},"end":{"line":18,"column":15}},{"start":{"line":18,"column":19},"end":{"line":18,"column":43}},{"start":{"line":18,"column":47},"end":{"line":18,"column":67}}]},"3":{"loc":{"start":{"line":42,"column":6},"end":{"line":47,"column":7}},"type":"if","locations":[{"start":{"line":42,"column":6},"end":{"line":47,"column":7}},{"start":{},"end":{}}]},"4":{"loc":{"start":{"line":49,"column":6},"end":{"line":54,"column":7}},"type":"if","locations":[{"start":{"line":49,"column":6},"end":{"line":54,"column":7}},{"start":{},"end":{}}]},"5":{"loc":{"start":{"line":58,"column":6},"end":{"line":63,"column":7}},"type":"if","locations":[{"start":{"line":58,"column":6},"end":{"line":63,"column":7}},{"start":{},"end":{}}]},"6":{"loc":{"start":{"line":82,"column":6},"end":{"line":87,"column":7}},"type":"if","locations":[{"start":{"line":82,"column":6},"end":{"line":87,"column":7}},{"start":{},"end":{}}]},"7":{"loc":{"start":{"line":89,"column":6},"end":{"line":94,"column":7}},"type":"if","locations":[{"start":{"line":89,"column":6},"end":{"line":94,"column":7}},{"start":{},"end":{}}]},"8":{"loc":{"start":{"line":96,"column":6},"end":{"line":101,"column":7}},"type":"if","locations":[{"start":{"line":96,"column":6},"end":{"line":101,"column":7}},{"start":{},"end":{}}]},"9":{"loc":{"start":{"line":103,"column":6},"end":{"line":108,"column":7}},"type":"if","locations":[{"start":{"line":103,"column":6},"end":{"line":108,"column":7}},{"start":{},"end":{}}]},"10":{"loc":{"start":{"line":110,"column":6},"end":{"line":115,"column":7}},"type":"if","locations":[{"start":{"line":110,"column":6},"end":{"line":115,"column":7}},{"start":{},"end":{}}]},"11":{"loc":{"start":{"line":117,"column":6},"end":{"line":122,"column":7}},"type":"if","locations":[{"start":{"line":117,"column":6},"end":{"line":122,"column":7}},{"start":{},"end":{}}]},"12":{"loc":{"start":{"line":117,"column":10},"end":{"line":117,"column":43}},"type":"binary-expr","locations":[{"start":{"line":117,"column":10},"end":{"line":117,"column":18}},{"start":{"line":117,"column":22},"end":{"line":117,"column":43}}]},"13":{"loc":{"start":{"line":148,"column":6},"end":{"line":153,"column":7}},"type":"if","locations":[{"start":{"line":148,"column":6},"end":{"line":153,"column":7}},{"start":{},"end":{}}]},"14":{"loc":{"start":{"line":155,"column":6},"end":{"line":160,"column":7}},"type":"if","locations":[{"start":{"line":155,"column":6},"end":{"line":160,"column":7}},{"start":{},"end":{}}]},"15":{"loc":{"start":{"line":162,"column":6},"end":{"line":167,"column":7}},"type":"if","locations":[{"start":{"line":162,"column":6},"end":{"line":167,"column":7}},{"start":{},"end":{}}]},"16":{"loc":{"start":{"line":169,"column":6},"end":{"line":174,"column":7}},"type":"if","locations":[{"start":{"line":169,"column":6},"end":{"line":174,"column":7}},{"start":{},"end":{}}]},"17":{"loc":{"start":{"line":169,"column":10},"end":{"line":169,"column":43}},"type":"binary-expr","locations":[{"start":{"line":169,"column":10},"end":{"line":169,"column":18}},{"start":{"line":169,"column":22},"end":{"line":169,"column":43}}]},"18":{"loc":{"start":{"line":178,"column":6},"end":{"line":183,"column":7}},"type":"if","locations":[{"start":{"line":178,"column":6},"end":{"line":183,"column":7}},{"start":{},"end":{}}]},"19":{"loc":{"start":{"line":202,"column":6},"end":{"line":207,"column":7}},"type":"if","locations":[{"start":{"line":202,"column":6},"end":{"line":207,"column":7}},{"start":{},"end":{}}]},"20":{"loc":{"start":{"line":209,"column":6},"end":{"line":214,"column":7}},"type":"if","locations":[{"start":{"line":209,"column":6},"end":{"line":214,"column":7}},{"start":{},"end":{}}]},"21":{"loc":{"start":{"line":218,"column":6},"end":{"line":223,"column":7}},"type":"if","locations":[{"start":{"line":218,"column":6},"end":{"line":223,"column":7}},{"start":{},"end":{}}]},"22":{"loc":{"start":{"line":241,"column":6},"end":{"line":246,"column":7}},"type":"if","locations":[{"start":{"line":241,"column":6},"end":{"line":246,"column":7}},{"start":{},"end":{}}]},"23":{"loc":{"start":{"line":248,"column":6},"end":{"line":253,"column":7}},"type":"if","locations":[{"start":{"line":248,"column":6},"end":{"line":253,"column":7}},{"start":{},"end":{}}]}},"s":{"0":0,"1":0,"2":0,"3":0,"4":0,"5":0,"6":0,"7":0,"8":0,"9":0,"10":0,"11":0,"12":0,"13":0,"14":0,"15":0,"16":0,"17":0,"18":0,"19":0,"20":0,"21":0,"22":0,"23":0,"24":0,"25":0,"26":0,"27":0,"28":0,"29":0,"30":0,"31":0,"32":0,"33":0,"34":0,"35":0,"36":0,"37":0,"38":0,"39":0,"40":0,"41":0,"42":0,"43":0,"44":0,"45":0,"46":0,"47":0,"48":0,"49":0,"50":0,"51":0,"52":0,"53":0,"54":0,"55":0,"56":0,"57":0,"58":0,"59":0,"60":0,"61":0,"62":0,"63":0,"64":0,"65":0,"66":0,"67":0,"68":0,"69":0,"70":0,"71":0,"72":0,"73":0,"74":0,"75":0,"76":0,"77":0},"f":{"0":0,"1":0,"2":0,"3":0,"4":0,"5":0,"6":0,"7":0,"8":0},"b":{"0":[0,0],"1":[0,0,0,0],"2":[0,0,0],"3":[0,0],"4":[0,0],"5":[0,0],"6":[0,0],"7":[0,0],"8":[0,0],"9":[0,0],"10":[0,0],"11":[0,0],"12":[0,0],"13":[0,0],"14":[0,0],"15":[0,0],"16":[0,0],"17":[0,0],"18":[0,0],"19":[0,0],"20":[0,0],"21":[0,0],"22":[0,0],"23":[0,0]}}
,"/home/roberto/Documentos/Ingeniria/Decimo cuatrimestre/Aplicaciones Web Progresivas/mi-backend/src/controllers/movimientos-controller.ts": {"path":"/home/roberto/Documentos/Ingeniria/Decimo cuatrimestre/Aplicaciones Web Progresivas/mi-backend/src/controllers/movimientos-controller.ts","statementMap":{"0":{"start":{"line":3,"column":0},"end":{"line":3,"column":74}},"1":{"start":{"line":4,"column":0},"end":{"line":4,"column":58}},"2":{"start":{"line":5,"column":0},"end":{"line":5,"column":36}},"3":{"start":{"line":6,"column":0},"end":{"line":6,"column":60}},"4":{"start":{"line":8,"column":24},"end":{"line":8,"column":49}},"5":{"start":{"line":9,"column":22},"end":{"line":9,"column":45}},"6":{"start":{"line":10,"column":26},"end":{"line":10,"column":53}},"7":{"start":{"line":12,"column":18},"end":{"line":14,"column":1}},"8":{"start":{"line":13,"column":2},"end":{"line":13,"column":56}},"9":{"start":{"line":16,"column":20},"end":{"line":18,"column":1}},"10":{"start":{"line":17,"column":2},"end":{"line":17,"column":46}},"11":{"start":{"line":20,"column":24},"end":{"line":22,"column":1}},"12":{"start":{"line":21,"column":2},"end":{"line":21,"column":45}},"13":{"start":{"line":24,"column":30},"end":{"line":26,"column":1}},"14":{"start":{"line":25,"column":2},"end":{"line":25,"column":70}},"15":{"start":{"line":28,"column":26},"end":{"line":30,"column":1}},"16":{"start":{"line":29,"column":2},"end":{"line":29,"column":49}},"17":{"start":{"line":32,"column":22},"end":{"line":39,"column":1}},"18":{"start":{"line":33,"column":2},"end":{"line":33,"column":46}},"19":{"start":{"line":33,"column":33},"end":{"line":33,"column":46}},"20":{"start":{"line":35,"column":17},"end":{"line":35,"column":38}},"21":{"start":{"line":36,"column":14},"end":{"line":36,"column":32}},"22":{"start":{"line":38,"column":2},"end":{"line":38,"column":23}},"23":{"start":{"line":41,"column":13},"end":{"line":331,"column":2}},"24":{"start":{"line":43,"column":4},"end":{"line":55,"column":5}},"25":{"start":{"line":44,"column":26},"end":{"line":44,"column":57}},"26":{"start":{"line":45,"column":6},"end":{"line":49,"column":9}},"27":{"start":{"line":51,"column":6},"end":{"line":54,"column":9}},"28":{"start":{"line":59,"column":4},"end":{"line":96,"column":5}},"29":{"start":{"line":60,"column":21},"end":{"line":60,"column":29}},"30":{"start":{"line":62,"column":6},"end":{"line":67,"column":7}},"31":{"start":{"line":63,"column":8},"end":{"line":66,"column":11}},"32":{"start":{"line":69,"column":6},"end":{"line":74,"column":7}},"33":{"start":{"line":70,"column":8},"end":{"line":73,"column":11}},"34":{"start":{"line":76,"column":27},"end":{"line":76,"column":39}},"35":{"start":{"line":77,"column":25},"end":{"line":77,"column":69}},"36":{"start":{"line":79,"column":6},"end":{"line":84,"column":7}},"37":{"start":{"line":80,"column":8},"end":{"line":83,"column":11}},"38":{"start":{"line":86,"column":6},"end":{"line":90,"column":9}},"39":{"start":{"line":92,"column":6},"end":{"line":95,"column":9}},"40":{"start":{"line":100,"column":4},"end":{"line":226,"column":5}},"41":{"start":{"line":101,"column":86},"end":{"line":101,"column":94}},"42":{"start":{"line":104,"column":6},"end":{"line":109,"column":7}},"43":{"start":{"line":105,"column":8},"end":{"line":108,"column":11}},"44":{"start":{"line":111,"column":6},"end":{"line":116,"column":7}},"45":{"start":{"line":112,"column":8},"end":{"line":115,"column":11}},"46":{"start":{"line":118,"column":6},"end":{"line":123,"column":7}},"47":{"start":{"line":119,"column":8},"end":{"line":122,"column":11}},"48":{"start":{"line":125,"column":6},"end":{"line":130,"column":7}},"49":{"start":{"line":126,"column":8},"end":{"line":129,"column":11}},"50":{"start":{"line":133,"column":6},"end":{"line":138,"column":7}},"51":{"start":{"line":134,"column":8},"end":{"line":137,"column":11}},"52":{"start":{"line":140,"column":6},"end":{"line":145,"column":7}},"53":{"start":{"line":141,"column":8},"end":{"line":144,"column":11}},"54":{"start":{"line":147,"column":6},"end":{"line":152,"column":7}},"55":{"start":{"line":148,"column":8},"end":{"line":151,"column":11}},"56":{"start":{"line":154,"column":6},"end":{"line":159,"column":7}},"57":{"start":{"line":155,"column":8},"end":{"line":158,"column":11}},"58":{"start":{"line":161,"column":6},"end":{"line":166,"column":7}},"59":{"start":{"line":162,"column":8},"end":{"line":165,"column":11}},"60":{"start":{"line":168,"column":6},"end":{"line":173,"column":7}},"61":{"start":{"line":169,"column":8},"end":{"line":172,"column":11}},"62":{"start":{"line":175,"column":24},"end":{"line":175,"column":72}},"63":{"start":{"line":177,"column":6},"end":{"line":182,"column":7}},"64":{"start":{"line":178,"column":8},"end":{"line":181,"column":11}},"65":{"start":{"line":185,"column":23},"end":{"line":185,"column":35}},"66":{"start":{"line":187,"column":6},"end":{"line":189,"column":7}},"67":{"start":{"line":188,"column":8},"end":{"line":188,"column":119}},"68":{"start":{"line":192,"column":6},"end":{"line":197,"column":7}},"69":{"start":{"line":193,"column":8},"end":{"line":196,"column":11}},"70":{"start":{"line":201,"column":30},"end":{"line":208,"column":8}},"71":{"start":{"line":216,"column":6},"end":{"line":220,"column":9}},"72":{"start":{"line":222,"column":6},"end":{"line":225,"column":9}},"73":{"start":{"line":230,"column":4},"end":{"line":284,"column":5}},"74":{"start":{"line":231,"column":33},"end":{"line":231,"column":41}},"75":{"start":{"line":233,"column":6},"end":{"line":238,"column":7}},"76":{"start":{"line":234,"column":8},"end":{"line":237,"column":11}},"77":{"start":{"line":240,"column":6},"end":{"line":245,"column":7}},"78":{"start":{"line":241,"column":8},"end":{"line":244,"column":11}},"79":{"start":{"line":247,"column":24},"end":{"line":247,"column":82}},"80":{"start":{"line":250,"column":6},"end":{"line":258,"column":7}},"81":{"start":{"line":251,"column":8},"end":{"line":257,"column":11}},"82":{"start":{"line":260,"column":26},"end":{"line":260,"column":51}},"83":{"start":{"line":262,"column":6},"end":{"line":270,"column":7}},"84":{"start":{"line":263,"column":8},"end":{"line":269,"column":11}},"85":{"start":{"line":272,"column":6},"end":{"line":278,"column":9}},"86":{"start":{"line":280,"column":6},"end":{"line":283,"column":9}},"87":{"start":{"line":288,"column":4},"end":{"line":329,"column":5}},"88":{"start":{"line":289,"column":40},"end":{"line":289,"column":48}},"89":{"start":{"line":291,"column":6},"end":{"line":296,"column":7}},"90":{"start":{"line":292,"column":8},"end":{"line":295,"column":11}},"91":{"start":{"line":298,"column":6},"end":{"line":303,"column":7}},"92":{"start":{"line":299,"column":8},"end":{"line":302,"column":11}},"93":{"start":{"line":306,"column":21},"end":{"line":306,"column":42}},"94":{"start":{"line":307,"column":18},"end":{"line":307,"column":36}},"95":{"start":{"line":308,"column":25},"end":{"line":308,"column":50}},"96":{"start":{"line":310,"column":6},"end":{"line":315,"column":7}},"97":{"start":{"line":311,"column":8},"end":{"line":314,"column":11}},"98":{"start":{"line":317,"column":26},"end":{"line":317,"column":76}},"99":{"start":{"line":319,"column":6},"end":{"line":323,"column":9}},"100":{"start":{"line":325,"column":6},"end":{"line":328,"column":9}},"101":{"start":{"line":334,"column":13},"end":{"line":370,"column":2}},"102":{"start":{"line":336,"column":4},"end":{"line":351,"column":5}},"103":{"start":{"line":337,"column":22},"end":{"line":337,"column":73}},"104":{"start":{"line":339,"column":6},"end":{"line":344,"column":9}},"105":{"start":{"line":346,"column":6},"end":{"line":350,"column":9}},"106":{"start":{"line":355,"column":4},"end":{"line":368,"column":5}},"107":{"start":{"line":356,"column":24},"end":{"line":356,"column":58}},"108":{"start":{"line":358,"column":6},"end":{"line":362,"column":9}},"109":{"start":{"line":364,"column":6},"end":{"line":367,"column":9}}},"fnMap":{"0":{"name":"(anonymous_0)","decl":{"start":{"line":12,"column":18},"end":{"line":12,"column":19}},"loc":{"start":{"line":12,"column":39},"end":{"line":14,"column":1}}},"1":{"name":"(anonymous_1)","decl":{"start":{"line":16,"column":20},"end":{"line":16,"column":21}},"loc":{"start":{"line":16,"column":46},"end":{"line":18,"column":1}}},"2":{"name":"(anonymous_2)","decl":{"start":{"line":20,"column":24},"end":{"line":20,"column":25}},"loc":{"start":{"line":20,"column":54},"end":{"line":22,"column":1}}},"3":{"name":"(anonymous_3)","decl":{"start":{"line":24,"column":30},"end":{"line":24,"column":31}},"loc":{"start":{"line":24,"column":58},"end":{"line":26,"column":1}}},"4":{"name":"(anonymous_4)","decl":{"start":{"line":28,"column":26},"end":{"line":28,"column":27}},"loc":{"start":{"line":28,"column":58},"end":{"line":30,"column":1}}},"5":{"name":"(anonymous_5)","decl":{"start":{"line":32,"column":22},"end":{"line":32,"column":23}},"loc":{"start":{"line":32,"column":73},"end":{"line":39,"column":1}}},"6":{"name":"(anonymous_6)","decl":{"start":{"line":42,"column":2},"end":{"line":42,"column":7}},"loc":{"start":{"line":42,"column":42},"end":{"line":56,"column":3}}},"7":{"name":"(anonymous_7)","decl":{"start":{"line":58,"column":2},"end":{"line":58,"column":7}},"loc":{"start":{"line":58,"column":43},"end":{"line":97,"column":3}}},"8":{"name":"(anonymous_8)","decl":{"start":{"line":99,"column":2},"end":{"line":99,"column":7}},"loc":{"start":{"line":99,"column":42},"end":{"line":227,"column":3}}},"9":{"name":"(anonymous_9)","decl":{"start":{"line":229,"column":2},"end":{"line":229,"column":7}},"loc":{"start":{"line":229,"column":49},"end":{"line":285,"column":3}}},"10":{"name":"(anonymous_10)","decl":{"start":{"line":287,"column":2},"end":{"line":287,"column":7}},"loc":{"start":{"line":287,"column":50},"end":{"line":330,"column":3}}},"11":{"name":"(anonymous_11)","decl":{"start":{"line":335,"column":2},"end":{"line":335,"column":7}},"loc":{"start":{"line":335,"column":60},"end":{"line":352,"column":3}}},"12":{"name":"(anonymous_12)","decl":{"start":{"line":354,"column":2},"end":{"line":354,"column":7}},"loc":{"start":{"line":354,"column":61},"end":{"line":369,"column":3}}}},"branchMap":{"0":{"loc":{"start":{"line":13,"column":9},"end":{"line":13,"column":55}},"type":"binary-expr","locations":[{"start":{"line":13,"column":9},"end":{"line":13,"column":11}},{"start":{"line":13,"column":15},"end":{"line":13,"column":35}},{"start":{"line":13,"column":39},"end":{"line":13,"column":55}}]},"1":{"loc":{"start":{"line":21,"column":9},"end":{"line":21,"column":44}},"type":"binary-expr","locations":[{"start":{"line":21,"column":9},"end":{"line":21,"column":21}},{"start":{"line":21,"column":25},"end":{"line":21,"column":44}}]},"2":{"loc":{"start":{"line":25,"column":9},"end":{"line":25,"column":69}},"type":"binary-expr","locations":[{"start":{"line":25,"column":9},"end":{"line":25,"column":17}},{"start":{"line":25,"column":21},"end":{"line":25,"column":45}},{"start":{"line":25,"column":49},"end":{"line":25,"column":69}}]},"3":{"loc":{"start":{"line":29,"column":9},"end":{"line":29,"column":48}},"type":"binary-expr","locations":[{"start":{"line":29,"column":9},"end":{"line":29,"column":20}},{"start":{"line":29,"column":24},"end":{"line":29,"column":48}}]},"4":{"loc":{"start":{"line":33,"column":2},"end":{"line":33,"column":46}},"type":"if","locations":[{"start":{"line":33,"column":2},"end":{"line":33,"column":46}},{"start":{},"end":{}}]},"5":{"loc":{"start":{"line":33,"column":6},"end":{"line":33,"column":31}},"type":"binary-expr","locations":[{"start":{"line":33,"column":6},"end":{"line":33,"column":18}},{"start":{"line":33,"column":22},"end":{"line":33,"column":31}}]},"6":{"loc":{"start":{"line":62,"column":6},"end":{"line":67,"column":7}},"type":"if","locations":[{"start":{"line":62,"column":6},"end":{"line":67,"column":7}},{"start":{},"end":{}}]},"7":{"loc":{"start":{"line":69,"column":6},"end":{"line":74,"column":7}},"type":"if","locations":[{"start":{"line":69,"column":6},"end":{"line":74,"column":7}},{"start":{},"end":{}}]},"8":{"loc":{"start":{"line":79,"column":6},"end":{"line":84,"column":7}},"type":"if","locations":[{"start":{"line":79,"column":6},"end":{"line":84,"column":7}},{"start":{},"end":{}}]},"9":{"loc":{"start":{"line":104,"column":6},"end":{"line":109,"column":7}},"type":"if","locations":[{"start":{"line":104,"column":6},"end":{"line":109,"column":7}},{"start":{},"end":{}}]},"10":{"loc":{"start":{"line":111,"column":6},"end":{"line":116,"column":7}},"type":"if","locations":[{"start":{"line":111,"column":6},"end":{"line":116,"column":7}},{"start":{},"end":{}}]},"11":{"loc":{"start":{"line":118,"column":6},"end":{"line":123,"column":7}},"type":"if","locations":[{"start":{"line":118,"column":6},"end":{"line":123,"column":7}},{"start":{},"end":{}}]},"12":{"loc":{"start":{"line":125,"column":6},"end":{"line":130,"column":7}},"type":"if","locations":[{"start":{"line":125,"column":6},"end":{"line":130,"column":7}},{"start":{},"end":{}}]},"13":{"loc":{"start":{"line":133,"column":6},"end":{"line":138,"column":7}},"type":"if","locations":[{"start":{"line":133,"column":6},"end":{"line":138,"column":7}},{"start":{},"end":{}}]},"14":{"loc":{"start":{"line":140,"column":6},"end":{"line":145,"column":7}},"type":"if","locations":[{"start":{"line":140,"column":6},"end":{"line":145,"column":7}},{"start":{},"end":{}}]},"15":{"loc":{"start":{"line":147,"column":6},"end":{"line":152,"column":7}},"type":"if","locations":[{"start":{"line":147,"column":6},"end":{"line":152,"column":7}},{"start":{},"end":{}}]},"16":{"loc":{"start":{"line":154,"column":6},"end":{"line":159,"column":7}},"type":"if","locations":[{"start":{"line":154,"column":6},"end":{"line":159,"column":7}},{"start":{},"end":{}}]},"17":{"loc":{"start":{"line":161,"column":6},"end":{"line":166,"column":7}},"type":"if","locations":[{"start":{"line":161,"column":6},"end":{"line":166,"column":7}},{"start":{},"end":{}}]},"18":{"loc":{"start":{"line":168,"column":6},"end":{"line":173,"column":7}},"type":"if","locations":[{"start":{"line":168,"column":6},"end":{"line":173,"column":7}},{"start":{},"end":{}}]},"19":{"loc":{"start":{"line":168,"column":10},"end":{"line":168,"column":46}},"type":"binary-expr","locations":[{"start":{"line":168,"column":10},"end":{"line":168,"column":20}},{"start":{"line":168,"column":24},"end":{"line":168,"column":46}}]},"20":{"loc":{"start":{"line":177,"column":6},"end":{"line":182,"column":7}},"type":"if","locations":[{"start":{"line":177,"column":6},"end":{"line":182,"column":7}},{"start":{},"end":{}}]},"21":{"loc":{"start":{"line":177,"column":10},"end":{"line":177,"column":46}},"type":"binary-expr","locations":[{"start":{"line":177,"column":10},"end":{"line":177,"column":20}},{"start":{"line":177,"column":24},"end":{"line":177,"column":46}}]},"22":{"loc":{"start":{"line":187,"column":6},"end":{"line":189,"column":7}},"type":"if","locations":[{"start":{"line":187,"column":6},"end":{"line":189,"column":7}},{"start":{},"end":{}}]},"23":{"loc":{"start":{"line":192,"column":6},"end":{"line":197,"column":7}},"type":"if","locations":[{"start":{"line":192,"column":6},"end":{"line":197,"column":7}},{"start":{},"end":{}}]},"24":{"loc":{"start":{"line":192,"column":10},"end":{"line":192,"column":63}},"type":"binary-expr","locations":[{"start":{"line":192,"column":10},"end":{"line":192,"column":27}},{"start":{"line":192,"column":31},"end":{"line":192,"column":63}}]},"25":{"loc":{"start":{"line":207,"column":20},"end":{"line":207,"column":65}},"type":"cond-expr","locations":[{"start":{"line":207,"column":33},"end":{"line":207,"column":53}},{"start":{"line":207,"column":56},"end":{"line":207,"column":65}}]},"26":{"loc":{"start":{"line":233,"column":6},"end":{"line":238,"column":7}},"type":"if","locations":[{"start":{"line":233,"column":6},"end":{"line":238,"column":7}},{"start":{},"end":{}}]},"27":{"loc":{"start":{"line":240,"column":6},"end":{"line":245,"column":7}},"type":"if","locations":[{"start":{"line":240,"column":6},"end":{"line":245,"column":7}},{"start":{},"end":{}}]},"28":{"loc":{"start":{"line":250,"column":6},"end":{"line":258,"column":7}},"type":"if","locations":[{"start":{"line":250,"column":6},"end":{"line":258,"column":7}},{"start":{},"end":{}}]},"29":{"loc":{"start":{"line":250,"column":10},"end":{"line":250,"column":65}},"type":"binary-expr","locations":[{"start":{"line":250,"column":10},"end":{"line":250,"column":39}},{"start":{"line":250,"column":43},"end":{"line":250,"column":65}}]},"30":{"loc":{"start":{"line":262,"column":6},"end":{"line":270,"column":7}},"type":"if","locations":[{"start":{"line":262,"column":6},"end":{"line":270,"column":7}},{"start":{},"end":{}}]},"31":{"loc":{"start":{"line":291,"column":6},"end":{"line":296,"column":7}},"type":"if","locations":[{"start":{"line":291,"column":6},"end":{"line":296,"column":7}},{"start":{},"end":{}}]},"32":{"loc":{"start":{"line":291,"column":10},"end":{"line":291,"column":35}},"type":"binary-expr","locations":[{"start":{"line":291,"column":10},"end":{"line":291,"column":22}},{"start":{"line":291,"column":26},"end":{"line":291,"column":35}}]},"33":{"loc":{"start":{"line":298,"column":6},"end":{"line":303,"column":7}},"type":"if","locations":[{"start":{"line":298,"column":6},"end":{"line":303,"column":7}},{"start":{},"end":{}}]},"34":{"loc":{"start":{"line":310,"column":6},"end":{"line":315,"column":7}},"type":"if","locations":[{"start":{"line":310,"column":6},"end":{"line":315,"column":7}},{"start":{},"end":{}}]}},"s":{"0":0,"1":0,"2":0,"3":0,"4":0,"5":0,"6":0,"7":0,"8":0,"9":0,"10":0,"11":0,"12":0,"13":0,"14":0,"15":0,"16":0,"17":0,"18":0,"19":0,"20":0,"21":0,"22":0,"23":0,"24":0,"25":0,"26":0,"27":0,"28":0,"29":0,"30":0,"31":0,"32":0,"33":0,"34":0,"35":0,"36":0,"37":0,"38":0,"39":0,"40":0,"41":0,"42":0,"43":0,"44":0,"45":0,"46":0,"47":0,"48":0,"49":0,"50":0,"51":0,"52":0,"53":0,"54":0,"55":0,"56":0,"57":0,"58":0,"59":0,"60":0,"61":0,"62":0,"63":0,"64":0,"65":0,"66":0,"67":0,"68":0,"69":0,"70":0,"71":0,"72":0,"73":0,"74":0,"75":0,"76":0,"77":0,"78":0,"79":0,"80":0,"81":0,"82":0,"83":0,"84":0,"85":0,"86":0,"87":0,"88":0,"89":0,"90":0,"91":0,"92":0,"93":0,"94":0,"95":0,"96":0,"97":0,"98":0,"99":0,"100":0,"101":0,"102":0,"103":0,"104":0,"105":0,"106":0,"107":0,"108":0,"109":0},"f":{"0":0,"1":0,"2":0,"3":0,"4":0,"5":0,"6":0,"7":0,"8":0,"9":0,"10":0,"11":0,"12":0},"b":{"0":[0,0,0],"1":[0,0],"2":[0,0,0],"3":[0,0],"4":[0,0],"5":[0,0],"6":[0,0],"7":[0,0],"8":[0,0],"9":[0,0],"10":[0,0],"11":[0,0],"12":[0,0],"13":[0,0],"14":[0,0],"15":[0,0],"16":[0,0],"17":[0,0],"18":[0,0],"19":[0,0],"20":[0,0],"21":[0,0],"22":[0,0],"23":[0,0],"24":[0,0],"25":[0,0],"26":[0,0],"27":[0,0],"28":[0,0],"29":[0,0],"30":[0,0],"31":[0,0],"32":[0,0],"33":[0,0],"34":[0,0]}}
,"/home/roberto/Documentos/Ingeniria/Decimo cuatrimestre/Aplicaciones Web Progresivas/mi-backend/src/controllers/productos-controller.ts": {"path":"/home/roberto/Documentos/Ingeniria/Decimo cuatrimestre/Aplicaciones Web Progresivas/mi-backend/src/controllers/productos-controller.ts","statementMap":{"0":{"start":{"line":3,"column":0},"end":{"line":3,"column":68}},"1":{"start":{"line":4,"column":0},"end":{"line":4,"column":36}},"2":{"start":{"line":5,"column":0},"end":{"line":5,"column":60}},"3":{"start":{"line":8,"column":22},"end":{"line":8,"column":45}},"4":{"start":{"line":9,"column":26},"end":{"line":9,"column":53}},"5":{"start":{"line":11,"column":22},"end":{"line":13,"column":1}},"6":{"start":{"line":12,"column":2},"end":{"line":12,"column":70}},"7":{"start":{"line":15,"column":22},"end":{"line":17,"column":1}},"8":{"start":{"line":16,"column":2},"end":{"line":16,"column":69}},"9":{"start":{"line":19,"column":22},"end":{"line":21,"column":1}},"10":{"start":{"line":20,"column":2},"end":{"line":20,"column":69}},"11":{"start":{"line":24,"column":21},"end":{"line":26,"column":1}},"12":{"start":{"line":25,"column":2},"end":{"line":25,"column":20}},"13":{"start":{"line":28,"column":27},"end":{"line":30,"column":1}},"14":{"start":{"line":29,"column":2},"end":{"line":29,"column":89}},"15":{"start":{"line":32,"column":13},"end":{"line":387,"column":2}},"16":{"start":{"line":34,"column":4},"end":{"line":46,"column":5}},"17":{"start":{"line":35,"column":24},"end":{"line":35,"column":53}},"18":{"start":{"line":36,"column":6},"end":{"line":40,"column":9}},"19":{"start":{"line":42,"column":6},"end":{"line":45,"column":9}},"20":{"start":{"line":50,"column":4},"end":{"line":63,"column":5}},"21":{"start":{"line":51,"column":22},"end":{"line":51,"column":73}},"22":{"start":{"line":53,"column":6},"end":{"line":57,"column":9}},"23":{"start":{"line":59,"column":6},"end":{"line":62,"column":9}},"24":{"start":{"line":67,"column":4},"end":{"line":119,"column":5}},"25":{"start":{"line":68,"column":25},"end":{"line":68,"column":33}},"26":{"start":{"line":70,"column":6},"end":{"line":75,"column":7}},"27":{"start":{"line":71,"column":8},"end":{"line":74,"column":11}},"28":{"start":{"line":77,"column":6},"end":{"line":82,"column":7}},"29":{"start":{"line":78,"column":8},"end":{"line":81,"column":11}},"30":{"start":{"line":84,"column":24},"end":{"line":84,"column":64}},"31":{"start":{"line":86,"column":6},"end":{"line":91,"column":7}},"32":{"start":{"line":87,"column":8},"end":{"line":90,"column":11}},"33":{"start":{"line":94,"column":32},"end":{"line":94,"column":61}},"34":{"start":{"line":95,"column":38},"end":{"line":95,"column":83}},"35":{"start":{"line":97,"column":6},"end":{"line":105,"column":7}},"36":{"start":{"line":98,"column":8},"end":{"line":104,"column":11}},"37":{"start":{"line":107,"column":6},"end":{"line":113,"column":9}},"38":{"start":{"line":115,"column":6},"end":{"line":118,"column":9}},"39":{"start":{"line":123,"column":4},"end":{"line":233,"column":5}},"40":{"start":{"line":124,"column":107},"end":{"line":124,"column":115}},"41":{"start":{"line":126,"column":6},"end":{"line":131,"column":7}},"42":{"start":{"line":127,"column":8},"end":{"line":130,"column":11}},"43":{"start":{"line":133,"column":6},"end":{"line":138,"column":7}},"44":{"start":{"line":134,"column":8},"end":{"line":137,"column":11}},"45":{"start":{"line":140,"column":6},"end":{"line":145,"column":7}},"46":{"start":{"line":141,"column":8},"end":{"line":144,"column":11}},"47":{"start":{"line":147,"column":6},"end":{"line":152,"column":7}},"48":{"start":{"line":148,"column":8},"end":{"line":151,"column":11}},"49":{"start":{"line":154,"column":6},"end":{"line":159,"column":7}},"50":{"start":{"line":155,"column":8},"end":{"line":158,"column":11}},"51":{"start":{"line":161,"column":6},"end":{"line":166,"column":7}},"52":{"start":{"line":162,"column":8},"end":{"line":165,"column":11}},"53":{"start":{"line":168,"column":6},"end":{"line":173,"column":7}},"54":{"start":{"line":169,"column":8},"end":{"line":172,"column":11}},"55":{"start":{"line":175,"column":6},"end":{"line":180,"column":7}},"56":{"start":{"line":176,"column":8},"end":{"line":179,"column":11}},"57":{"start":{"line":182,"column":6},"end":{"line":187,"column":7}},"58":{"start":{"line":183,"column":8},"end":{"line":186,"
[...]
lumn":5}},{"start":{},"end":{}}]},"16":{"loc":{"start":{"line":149,"column":6},"end":{"line":151,"column":7}},"type":"if","locations":[{"start":{"line":149,"column":6},"end":{"line":151,"column":7}},{"start":{},"end":{}}]},"17":{"loc":{"start":{"line":153,"column":6},"end":{"line":155,"column":7}},"type":"if","locations":[{"start":{"line":153,"column":6},"end":{"line":155,"column":7}},{"start":{},"end":{}}]},"18":{"loc":{"start":{"line":153,"column":10},"end":{"line":153,"column":45}},"type":"binary-expr","locations":[{"start":{"line":153,"column":10},"end":{"line":153,"column":18}},{"start":{"line":153,"column":22},"end":{"line":153,"column":45}}]},"19":{"loc":{"start":{"line":158,"column":4},"end":{"line":160,"column":5}},"type":"if","locations":[{"start":{"line":158,"column":4},"end":{"line":160,"column":5}},{"start":{},"end":{}}]},"20":{"loc":{"start":{"line":158,"column":8},"end":{"line":158,"column":53}},"type":"binary-expr","locations":[{"start":{"line":158,"column":8},"end":{"line":158,"column":18}},{"start":{"line":158,"column":22},"end":{"line":158,"column":53}}]},"21":{"loc":{"start":{"line":162,"column":4},"end":{"line":164,"column":5}},"type":"if","locations":[{"start":{"line":162,"column":4},"end":{"line":164,"column":5}},{"start":{},"end":{}}]},"22":{"loc":{"start":{"line":162,"column":8},"end":{"line":162,"column":68}},"type":"binary-expr","locations":[{"start":{"line":162,"column":8},"end":{"line":162,"column":21}},{"start":{"line":162,"column":25},"end":{"line":162,"column":68}}]},"23":{"loc":{"start":{"line":166,"column":27},"end":{"line":166,"column":91}},"type":"cond-expr","locations":[{"start":{"line":166,"column":43},"end":{"line":166,"column":79}},{"start":{"line":166,"column":82},"end":{"line":166,"column":91}}]},"24":{"loc":{"start":{"line":180,"column":11},"end":{"line":180,"column":33}},"type":"binary-expr","locations":[{"start":{"line":180,"column":11},"end":{"line":180,"column":25}},{"start":{"line":180,"column":29},"end":{"line":180,"column":33}}]},"25":{"loc":{"start":{"line":185,"column":12},"end":{"line":185,"column":32}},"type":"binary-expr","locations":[{"start":{"line":185,"column":12},"end":{"line":185,"column":27}},{"start":{"line":185,"column":31},"end":{"line":185,"column":32}}]},"26":{"loc":{"start":{"line":190,"column":4},"end":{"line":190,"column":27}},"type":"if","locations":[{"start":{"line":190,"column":4},"end":{"line":190,"column":27}},{"start":{},"end":{}}]},"27":{"loc":{"start":{"line":193,"column":11},"end":{"line":193,"column":30}},"type":"cond-expr","locations":[{"start":{"line":193,"column":19},"end":{"line":193,"column":23}},{"start":{"line":193,"column":26},"end":{"line":193,"column":30}}]},"28":{"loc":{"start":{"line":201,"column":11},"end":{"line":201,"column":33}},"type":"binary-expr","locations":[{"start":{"line":201,"column":11},"end":{"line":201,"column":25}},{"start":{"line":201,"column":29},"end":{"line":201,"column":33}}]},"29":{"loc":{"start":{"line":206,"column":11},"end":{"line":206,"column":33}},"type":"binary-expr","locations":[{"start":{"line":206,"column":11},"end":{"line":206,"column":25}},{"start":{"line":206,"column":29},"end":{"line":206,"column":33}}]},"30":{"loc":{"start":{"line":212,"column":4},"end":{"line":212,"column":128}},"type":"if","locations":[{"start":{"line":212,"column":4},"end":{"line":212,"column":128}},{"start":{},"end":{}}]},"31":{"loc":{"start":{"line":218,"column":4},"end":{"line":218,"column":94}},"type":"if","locations":[{"start":{"line":218,"column":4},"end":{"line":218,"column":94}},{"start":{},"end":{}}]},"32":{"loc":{"start":{"line":223,"column":4},"end":{"line":223,"column":101}},"type":"if","locations":[{"start":{"line":223,"column":4},"end":{"line":223,"column":101}},{"start":{},"end":{}}]},"33":{"loc":{"start":{"line":223,"column":8},"end":{"line":223,"column":36}},"type":"binary-expr","locations":[{"start":{"line":223,"column":8},"end":{"line":223,"column":14}},{"start":{"line":223,"column":18},"end":{"line":223,"column":36}}]},"34":{"loc":{"start":{"line":228,"column":4},"end":{"line":228,"column":126}},"type":"if","locations":[{"start":{"line":228,"column":4},"end":{"line":228,"column":126}},{"start":{},"end":{}}]},"35":{"loc":{"start":{"line":228,"column":8},"end":{"line":228,"column":58}},"type":"binary-expr","locations":[{"start":{"line":228,"column":8},"end":{"line":228,"column":31}},{"start":{"line":228,"column":35},"end":{"line":228,"column":58}}]},"36":{"loc":{"start":{"line":229,"column":4},"end":{"line":229,"column":121}},"type":"if","locations":[{"start":{"line":229,"column":4},"end":{"line":229,"column":121}},{"start":{},"end":{}}]},"37":{"loc":{"start":{"line":229,"column":8},"end":{"line":229,"column":56}},"type":"binary-expr","locations":[{"start":{"line":229,"column":8},"end":{"line":229,"column":17}},{"start":{"line":229,"column":21},"end":{"line":229,"column":29}},{"start":{"line":229,"column":33},"end":{"line":229,"column":43}},{"start":{"line":229,"column":47},"end":{"line":229,"column":56}}]},"38":{"loc":{"start":{"line":235,"column":4},"end":{"line":235,"column":94}},"type":"if","locations":[{"start":{"line":235,"column":4},"end":{"line":235,"column":94}},{"start":{},"end":{}}]}},"s":{"0":1,"1":1,"2":1,"3":1,"4":0,"5":0,"6":0,"7":0,"8":0,"9":0,"10":0,"11":0,"12":0,"13":0,"14":0,"15":0,"16":0,"17":0,"18":0,"19":0,"20":0,"21":0,"22":0,"23":0,"24":0,"25":0,"26":0,"27":0,"28":0,"29":0,"30":0,"31":0,"32":0,"33":0,"34":0,"35":0,"36":0,"37":0,"38":0,"39":0,"40":0,"41":0,"42":0,"43":0,"44":0,"45":0,"46":0,"47":0,"48":0,"49":0,"50":0,"51":0,"52":0,"53":0,"54":0,"55":0,"56":0,"57":0,"58":0,"59":0,"60":0,"61":0,"62":0,"63":0,"64":0,"65":0,"66":0,"67":0,"68":0,"69":0,"70":0,"71":0,"72":0,"73":0,"74":0,"75":0,"76":0,"77":0,"78":0,"79":0,"80":0,"81":0,"82":0,"83":0,"84":0,"85":0,"86":0,"87":0,"88":0,"89":0,"90":0,"91":0,"92":0,"93":0,"94":0,"95":0,"96":0,"97":0,"98":0,"99":1,"100":1},"f":{"0":0,"1":0,"2":0,"3":0,"4":0,"5":0,"6":0,"7":0,"8":0,"9":0,"10":0,"11":0,"12":0,"13":0,"14":0,"15":0,"16":0,"17":0},"b":{"0":[0,0],"1":[0,0],"2":[0,0],"3":[0,0],"4":[0,0],"5":[0,0],"6":[0,0,0,0],"7":[0,0],"8":[0,0],"9":[0,0],"10":[0,0],"11":[0,0],"12":[0,0],"13":[0,0],"14":[0,0],"15":[0,0],"16":[0,0],"17":[0,0],"18":[0,0],"19":[0,0],"20":[0,0],"21":[0,0],"22":[0,0],"23":[0,0],"24":[0,0],"25":[0,0],"26":[0,0],"27":[0,0],"28":[0,0],"29":[0,0],"30":[0,0],"31":[0,0],"32":[0,0],"33":[0,0],"34":[0,0],"35":[0,0],"36":[0,0],"37":[0,0,0,0],"38":[0,0]}}
,"/home/roberto/Documentos/Ingeniria/Decimo cuatrimestre/Aplicaciones Web Progresivas/mi-backend/src/routes/auth-routes.ts": {"path":"/home/roberto/Documentos/Ingeniria/Decimo cuatrimestre/Aplicaciones Web Progresivas/mi-backend/src/routes/auth-routes.ts","statementMap":{"0":{"start":{"line":2,"column":0},"end":{"line":2,"column":33}},"1":{"start":{"line":3,"column":0},"end":{"line":3,"column":64}},"2":{"start":{"line":4,"column":0},"end":{"line":4,"column":91}},"3":{"start":{"line":5,"column":0},"end":{"line":5,"column":87}},"4":{"start":{"line":6,"column":0},"end":{"line":6,"column":66}},"5":{"start":{"line":9,"column":11},"end":{"line":9,"column":37}},"6":{"start":{"line":12,"column":8},"end":{"line":12,"column":22}},"7":{"start":{"line":17,"column":8},"end":{"line":17,"column":60}},"8":{"start":{"line":18,"column":8},"end":{"line":18,"column":71}},"9":{"start":{"line":21,"column":8},"end":{"line":24,"column":8}},"10":{"start":{"line":26,"column":6},"end":{"line":29,"column":8}},"11":{"start":{"line":31,"column":6},"end":{"line":34,"column":8}},"12":{"start":{"line":36,"column":6},"end":{"line":39,"column":8}},"13":{"start":{"line":41,"column":6},"end":{"line":60,"column":9}},"14":{"start":{"line":42,"column":28},"end":{"line":42,"column":37}},"15":{"start":{"line":43,"column":10},"end":{"line":59,"column":13}},"16":{"start":{"line":62,"column":6},"end":{"line":65,"column":8}},"17":{"start":{"line":67,"column":6},"end":{"line":70,"column":8}},"18":{"start":{"line":72,"column":6},"end":{"line":72,"column":76}},"19":{"start":{"line":73,"column":6},"end":{"line":73,"column":88}},"20":{"start":{"line":74,"column":6},"end":{"line":74,"column":105}},"21":{"start":{"line":75,"column":6},"end":{"line":75,"column":98}},"22":{"start":{"line":76,"column":6},"end":{"line":76,"column":89}},"23":{"start":{"line":82,"column":19},"end":{"line":82,"column":35}},"24":{"start":{"line":83,"column":0},"end":{"line":83,"column":33}}},"fnMap":{"0":{"name":"(anonymous_0)","decl":{"start":{"line":11,"column":4},"end":{"line":11,"column":null}},"loc":{"start":{"line":11,"column":4},"end":{"line":13,"column":5}}},"1":{"name":"(anonymous_1)","decl":{"start":{"line":15,"column":4},"end":{"line":15,"column":10}},"loc":{"start":{"line":15,"column":10},"end":{"line":77,"column":3}}},"2":{"name":"(anonymous_2)","decl":{"start":{"line":41,"column":49},"end":{"line":41,"column":50}},"loc":{"start":{"line":41,"column":62},"end":{"line":60,"column":7}}}},"branchMap":{},"s":{"0":0,"1":0,"2":0,"3":0,"4":0,"5":0,"6":0,"7":0,"8":0,"9":0,"10":0,"11":0,"12":0,"13":0,"14":0,"15":0,"16":0,"17":0,"18":0,"19":0,"20":0,"21":0,"22":0,"23":0,"24":0},"f":{"0":0,"1":0,"2":0},"b":{}}
,"/home/roberto/Documentos/Ingeniria/Decimo cuatrimestre/Aplicaciones Web Progresivas/mi-backend/src/routes/bitacora-routes.ts": {"path":"/home/roberto/Documentos/Ingeniria/Decimo cuatrimestre/Aplicaciones Web Progresivas/mi-backend/src/routes/bitacora-routes.ts","statementMap":{"0":{"start":{"line":2,"column":0},"end":{"line":2,"column":33}},"1":{"start":{"line":3,"column":0},"end":{"line":3,"column":72}},"2":{"start":{"line":4,"column":0},"end":{"line":4,"column":87}},"3":{"start":{"line":7,"column":9},"end":{"line":7,"column":35}},"4":{"start":{"line":10,"column":4},"end":{"line":10,"column":18}},"5":{"start":{"line":14,"column":4},"end":{"line":14,"column":62}},"6":{"start":{"line":15,"column":4},"end":{"line":15,"column":67}},"7":{"start":{"line":17,"column":4},"end":{"line":17,"column":52}},"8":{"start":{"line":18,"column":4},"end":{"line":18,"column":53}},"9":{"start":{"line":19,"column":4},"end":{"line":19,"column":72}},"10":{"start":{"line":20,"column":4},"end":{"line":20,"column":70}},"11":{"start":{"line":24,"column":23},"end":{"line":24,"column":43}},"12":{"start":{"line":25,"column":0},"end":{"line":25,"column":37}}},"fnMap":{"0":{"name":"(anonymous_0)","decl":{"start":{"line":9,"column":2},"end":{"line":9,"column":null}},"loc":{"start":{"line":9,"column":2},"end":{"line":11,"column":3}}},"1":{"name":"(anonymous_1)","decl":{"start":{"line":13,"column":2},"end":{"line":13,"column":8}},"loc":{"start":{"line":13,"column":8},"end":{"line":21,"column":3}}}},"branchMap":{},"s":{"0":0,"1":0,"2":0,"3":0,"4":0,"5":0,"6":0,"7":0,"8":0,"9":0,"10":0,"11":0,"12":0},"f":{"0":0,"1":0},"b":{}}
,"/home/roberto/Documentos/Ingeniria/Decimo cuatrimestre/Aplicaciones Web Progresivas/mi-backend/src/routes/clientes-routes.ts": {"path":"/home/roberto/Documentos/Ingeniria/Decimo cuatrimestre/Aplicaciones Web Progresivas/mi-backend/src/routes/clientes-routes.ts","statementMap":{"0":{"start":{"line":2,"column":0},"end":{"line":2,"column":33}},"1":{"start":{"line":3,"column":0},"end":{"line":3,"column":71}},"2":{"start":{"line":4,"column":0},"end":{"line":4,"column":87}},"3":{"start":{"line":7,"column":9},"end":{"line":7,"column":35}},"4":{"start":{"line":10,"column":4},"end":{"line":10,"column":18}},"5":{"start":{"line":14,"column":4},"end":{"line":14,"column":62}},"6":{"start":{"line":15,"column":4},"end":{"line":15,"column":67}},"7":{"start":{"line":17,"column":4},"end":{"line":17,"column":null}},"8":{"start":{"line":18,"column":4},"end":{"line":18,"column":null}},"9":{"start":{"line":19,"column":4},"end":{"line":19,"column":null}},"10":{"start":{"line":20,"column":4},"end":{"line":20,"column":51}},"11":{"start":{"line":21,"column":4},"end":{"line":21,"column":54}},"12":{"start":{"line":22,"column":4},"end":{"line":22,"column":59}},"13":{"start":{"line":26,"column":22},"end":{"line":26,"column":41}},"14":{"start":{"line":27,"column":0},"end":{"line":27,"column":36}}},"fnMap":{"0":{"name":"(anonymous_0)","decl":{"start":{"line":9,"column":2},"end":{"line":9,"column":null}},"loc":{"start":{"line":9,"column":2},"end":{"line":11,"column":3}}},"1":{"name":"(anonymous_1)","decl":{"start":{"line":13,"column":2},"end":{"line":13,"column":8}},"loc":{"start":{"line":13,"column":8},"end":{"line":23,"column":3}}}},"branchMap":{},"s":{"0":0,"1":0,"2":0,"3":0,"4":0,"5":0,"6":0,"7":0,"8":0,"9":0,"10":0,"11":0,"12":0,"13":0,"14":0},"f":{"0":0,"1":0},"b":{}}
,"/home/roberto/Documentos/Ingeniria/Decimo cuatrimestre/Aplicaciones Web Progresivas/mi-backend/src/routes/movimientos-routes.ts": {"path":"/home/roberto/Documentos/Ingeniria/Decimo cuatrimestre/Aplicaciones Web Progresivas/mi-backend/src/routes/movimientos-routes.ts","statementMap":{"0":{"start":{"line":2,"column":0},"end":{"line":2,"column":33}},"1":{"start":{"line":3,"column":0},"end":{"line":3,"column":94}},"2":{"start":{"line":4,"column":0},"end":{"line":4,"column":87}},"3":{"start":{"line":7,"column":9},"end":{"line":7,"column":35}},"4":{"start":{"line":10,"column":4},"end":{"line":10,"column":18}},"5":{"start":{"line":14,"column":4},"end":{"line":14,"column":62}},"6":{"start":{"line":15,"column":4},"end":{"line":15,"column":67}},"7":{"start":{"line":17,"column":4},"end":{"line":17,"column":54}},"8":{"start":{"line":18,"column":4},"end":{"line":18,"column":62}},"9":{"start":{"line":19,"column":4},"end":{"line":19,"column":55}},"10":{"start":{"line":20,"column":4},"end":{"line":20,"column":70}},"11":{"start":{"line":21,"column":4},"end":{"line":21,"column":80}},"12":{"start":{"line":22,"column":4},"end":{"line":22,"column":91}},"13":{"start":{"line":23,"column":4},"end":{"line":23,"column":78}},"14":{"start":{"line":27,"column":25},"end":{"line":27,"column":47}},"15":{"start":{"line":28,"column":0},"end":{"line":28,"column":39}}},"fnMap":{"0":{"name":"(anonymous_0)","decl":{"start":{"line":9,"column":2},"end":{"line":9,"column":null}},"loc":{"start":{"line":9,"column":2},"end":{"line":11,"column":3}}},"1":{"name":"(anonymous_1)","decl":{"start":{"line":13,"column":2},"end":{"line":13,"column":8}},"loc":{"start":{"line":13,"column":8},"end":{"line":24,"column":3}}}},"branchMap":{},"s":{"0":0,"1":0,"2":0,"3":0,"4":0,"5":0,"6":0,"7":0,"8":0,"9":0,"10":0,"11":0,"12":0,"13":0,"14":0,"15":0},"f":{"0":0,"1":0},"b":{}}
,"/home/roberto/Documentos/Ingeniria/Decimo cuatrimestre/Aplicaciones Web Progresivas/mi-backend/src/routes/productos-routes.ts": {"path":"/home/roberto/Documentos/Ingeniria/Decimo cuatrimestre/Aplicaciones Web Progresivas/mi-backend/src/routes/productos-routes.ts","statementMap":{"0":{"start":{"line":2,"column":0},"end":{"line":2,"column":33}},"1":{"start":{"line":3,"column":0},"end":{"line":3,"column":73}},"2":{"start":{"line":4,"column":0},"end":{"line":4,"column":87}},"3":{"start":{"line":7,"column":9},"end":{"line":7,"column":35}},"4":{"start":{"line":10,"column":4},"end":{"line":10,"column":18}},"5":{"start":{"line":14,"column":4},"end":{"line":14,"column":62}},"6":{"start":{"line":15,"column":4},"end":{"line":15,"column":67}},"7":{"start":{"line":17,"column":4},"end":{"line":17,"column":52}},"8":{"start":{"line":18,"column":4},"end":{"line":18,"column":64}},"9":{"start":{"line":19,"column":4},"end":{"line":19,"column":53}},"10":{"start":{"line":20,"column":4},"end":{"line":20,"column":52}},"11":{"start":{"line":21,"column":4},"end":{"line":21,"column":55}},"12":{"start":{"line":22,"column":4},"end":{"line":22,"column":76}},"13":{"start":{"line":23,"column":4},"end":{"line":23,"column":75}},"14":{"start":{"line":27,"column":23},"end":{"line":27,"column":43}},"15":{"start":{"line":28,"column":0},"end":{"line":28,"column":37}}},"fnMap":{"0":{"name":"(anonymous_0)","decl":{"start":{"line":9,"column":2},"end":{"line":9,"column":null}},"loc":{"start":{"line":9,"column":2},"end":{"line":11,"column":3}}},"1":{"name":"(anonymous_1)","decl":{"start":{"line":13,"column":2},"end":{"line":13,"column":8}},"loc":{"start":{"line":13,"column":8},"end":{"line":24,"column":3}}}},"branchMap":{},"s":{"0":0,"1":0,"2":0,"3":0,"4":0,"5":0,"6":0,"7":0,"8":0,"9":0,"10":0,"11":0,"12":0,"13":0,"14":0,"15":0},"f":{"0":0,"1":0},"b":{}}
,"/home/roberto/Documentos/Ingeniria/Decimo cuatrimestre/Aplicaciones Web Progresivas/mi-backend/src/routes/proveedores-routes.ts": {"path":"/home/roberto/Documentos/Ingeniria/Decimo cuatrimestre/Aplicaciones Web Progresivas/mi-backend/src/routes/proveedores-routes.ts","statementMap":{"0":{"start":{"line":2,"column":0},"end":{"line":2,"column":33}},"1":{"start":{"line":3,"column":0},"end":{"line":3,"column":76}},"2":{"start":{"line":4,"column":0},"end":{"line":4,"column":87}},"3":{"start":{"line":7,"column":9},"end":{"line":7,"column":35}},"4":{"start":{"line":10,"column":4},"end":{"line":10,"column":18}},"5":{"start":{"line":14,"column":4},"end":{"line":14,"column":62}},"6":{"start":{"line":15,"column":4},"end":{"line":15,"column":67}},"7":{"start":{"line":17,"column":4},"end":{"line":17,"column":53}},"8":{"start":{"line":18,"column":4},"end":{"line":18,"column":65}},"9":{"start":{"line":19,"column":4},"end":{"line":19,"column":54}},"10":{"start":{"line":20,"column":4},"end":{"line":20,"column":53}},"11":{"start":{"line":21,"column":4},"end":{"line":21,"column":56}},"12":{"start":{"line":25,"column":24},"end":{"line":25,"column":45}},"13":{"start":{"line":26,"column":0},"end":{"line":26,"column":38}}},"fnMap":{"0":{"name":"(anonymous_0)","decl":{"start":{"line":9,"column":2},"end":{"line":9,"column":null}},"loc":{"start":{"line":9,"column":2},"end":{"line":11,"column":3}}},"1":{"name":"(anonymous_1)","decl":{"start":{"line":13,"column":2},"end":{"line":13,"column":8}},"loc":{"start":{"line":13,"column":8},"end":{"line":22,"column":3}}}},"branchMap":{},"s":{"0":0,"1":0,"2":0,"3":0,"4":0,"5":0,"6":0,"7":0,"8":0,"9":0,"10":0,"11":0,"12":0,"13":0},"f":{"0":0,"1":0},"b":{}}
,"/home/roberto/Documentos/Ingeniria/Decimo cuatrimestre/Aplicaciones Web Progresivas/mi-backend/src/routes/user-routes.ts": {"path":"/home/roberto/Documentos/Ingeniria/Decimo cuatrimestre/Aplicaciones Web Progresivas/mi-backend/src/routes/user-routes.ts","statementMap":{"0":{"start":{"line":1,"column":0},"end":{"line":1,"column":33}},"1":{"start":{"line":2,"column":0},"end":{"line":2,"column":64}},"2":{"start":{"line":3,"column":0},"end":{"line":3,"column":91}},"3":{"start":{"line":4,"column":0},"end":{"line":4,"column":87}},"4":{"start":{"line":8,"column":11},"end":{"line":8,"column":37}},"5":{"start":{"line":11,"column":8},"end":{"line":11,"column":22}},"6":{"start":{"line":16,"column":8},"end":{"line":16,"column":60}},"7":{"start":{"line":17,"column":8},"end":{"line":17,"column":71}},"8":{"start":{"line":20,"column":8},"end":{"line":20,"column":57}},"9":{"start":{"line":22,"column":8},"end":{"line":25,"column":10}},"10":{"start":{"line":27,"column":8},"end":{"line":30,"column":10}},"11":{"start":{"line":32,"column":8},"end":{"line":32,"column":68}},"12":{"start":{"line":34,"column":8},"end":{"line":37,"column":10}},"13":{"start":{"line":39,"column":8},"end":{"line":42,"column":10}},"14":{"start":{"line":44,"column":8},"end":{"line":44,"column":92}},"15":{"start":{"line":46,"column":8},"end":{"line":49,"column":10}},"16":{"start":{"line":51,"column":8},"end":{"line":51,"column":68}},"17":{"start":{"line":55,"column":19},"end":{"line":55,"column":35}},"18":{"start":{"line":56,"column":0},"end":{"line":56,"column":33}}},"fnMap":{"0":{"name":"(anonymous_0)","decl":{"start":{"line":10,"column":4},"end":{"line":10,"column":null}},"loc":{"start":{"line":10,"column":4},"end":{"line":12,"column":5}}},"1":{"name":"(anonymous_1)","decl":{"start":{"line":14,"column":4},"end":{"line":14,"column":10}},"loc":{"start":{"line":14,"column":10},"end":{"line":52,"column":5}}}},"branchMap":{},"s":{"0":0,"1":0,"2":0,"3":0,"4":0,"5":0,"6":0,"7":0,"8":0,"9":0,"10":0,"11":0,"12":0,"13":0,"14":0,"15":0,"16":0,"17":0,"18":0},"f":{"0":0,"1":0},"b":{}}
}
