TN:
SF:src/index.ts
FN:24,(anonymous_1)
FN:33,(anonymous_2)
FN:38,(anonymous_3)
FN:58,(anonymous_4)
FN:59,(anonymous_5)
FN:69,(anonymous_6)
FN:70,(anonymous_7)
FN:77,(anonymous_8)
FN:89,(anonymous_9)
FN:102,(anonymous_10)
FN:107,(anonymous_11)
FNF:11
FNH:0
FNDA:0,(anonymous_1)
FNDA:0,(anonymous_2)
FNDA:0,(anonymous_3)
FNDA:0,(anonymous_4)
FNDA:0,(anonymous_5)
FNDA:0,(anonymous_6)
FNDA:0,(anonymous_7)
FNDA:0,(anonymous_8)
FNDA:0,(anonymous_9)
FNDA:0,(anonymous_10)
FNDA:0,(anonymous_11)
DA:2,0
DA:3,0
DA:4,0
DA:5,0
DA:6,0
DA:7,0
DA:8,0
DA:9,0
DA:10,0
DA:11,0
DA:12,0
DA:14,0
DA:15,0
DA:16,0
DA:17,0
DA:18,0
DA:25,0
DA:26,0
DA:27,0
DA:28,0
DA:34,0
DA:36,0
DA:39,0
DA:42,0
DA:43,0
DA:45,0
DA:52,0
DA:53,0
DA:54,0
DA:59,0
DA:60,0
DA:61,0
DA:62,0
DA:63,0
DA:64,0
DA:65,0
DA:66,0
DA:70,0
DA:71,0
DA:77,0
DA:78,0
DA:80,0
DA:90,0
DA:91,0
DA:93,0
DA:99,0
DA:103,0
DA:104,0
DA:105,0
DA:107,0
DA:108,0
DA:111,0
DA:112,0
DA:117,0
DA:118,0
LF:55
LH:0
BRDA:34,0,0,0
BRDA:34,0,1,0
BRDA:46,1,0,0
BRDA:46,1,1,0
BRDA:80,2,0,0
BRDA:80,2,1,0
BRDA:82,3,0,0
BRDA:82,3,1,0
BRDA:83,4,0,0
BRDA:83,4,1,0
BRF:10
BRH:0
end_of_record
TN:
SF:src/config/db.ts
FN:14,(anonymous_1)
FN:18,(anonymous_2)
FNF:2
FNH:1
FNDA:1,(anonymous_1)
FNDA:0,(anonymous_2)
DA:1,4
DA:2,4
DA:4,4
DA:6,4
DA:14,4
DA:15,1
DA:18,4
DA:19,0
DA:20,0
DA:21,0
DA:22,0
DA:23,0
DA:25,0
DA:26,0
LF:14
LH:7
BRF:0
BRH:0
end_of_record
TN:
SF:src/controllers/auth-controller.ts
FN:15,(anonymous_1)
FN:105,(anonymous_2)
FN:154,(anonymous_3)
FN:213,(anonymous_4)
FN:233,(anonymous_5)
FN:251,(anonymous_6)
FN:276,(anonymous_7)
FN:289,(anonymous_8)
FN:293,(anonymous_9)
FN:314,(anonymous_10)
FN:329,(anonymous_11)
FN:334,(anonymous_12)
FN:346,(anonymous_13)
FNF:13
FNH:11
FNDA:0,(anonymous_1)
FNDA:0,(anonymous_2)
FNDA:3,(anonymous_3)
FNDA:3,(anonymous_4)
FNDA:4,(anonymous_5)
FNDA:3,(anonymous_6)
FNDA:2,(anonymous_7)
FNDA:2,(anonymous_8)
FNDA:2,(anonymous_9)
FNDA:1,(anonymous_10)
FNDA:2,(anonymous_11)
FNDA:3,(anonymous_12)
FNDA:2,(anonymous_13)
DA:3,1
DA:4,1
DA:5,1
DA:6,1
DA:7,1
DA:8,1
DA:9,1
DA:10,1
DA:13,1
DA:16,0
DA:17,0
DA:18,0
DA:19,0
DA:20,0
DA:21,0
DA:23,0
DA:24,0
DA:25,0
DA:37,0
DA:38,0
DA:39,0
DA:40,0
DA:42,0
DA:43,0
DA:44,0
DA:45,0
DA:50,0
DA:51,0
DA:54,0
DA:56,0
DA:64,0
DA:69,0
DA:70,0
DA:81,0
DA:93,0
DA:94,0
DA:100,0
DA:101,0
DA:106,0
DA:107,0
DA:108,0
DA:109,0
DA:110,0
DA:111,0
DA:112,0
DA:113,0
DA:114,0
DA:115,0
DA:118,0
DA:123,0
DA:124,0
DA:125,0
DA:126,0
DA:138,0
DA:149,0
DA:150,0
DA:155,3
DA:156,3
DA:157,3
DA:158,3
DA:159,3
DA:160,3
DA:161,1
DA:164,2
DA:165,2
DA:166,1
DA:169,1
DA:171,1
DA:172,1
DA:173,0
DA:176,1
DA:181,1
DA:182,1
DA:183,1
DA:184,1
DA:195,1
DA:208,0
DA:209,0
DA:214,3
DA:215,3
DA:216,3
DA:217,3
DA:218,2
DA:219,2
DA:220,2
DA:221,2
DA:222,2
DA:223,1
DA:224,1
DA:225,1
DA:227,2
DA:229,0
DA:230,0
DA:234,4
DA:235,4
DA:236,4
DA:237,3
DA:238,3
DA:239,2
DA:240,1
DA:242,1
DA:243,1
DA:244,1
DA:245,1
DA:247,0
DA:248,0
DA:252,3
DA:253,3
DA:254,3
DA:255,3
DA:256,2
DA:258,1
DA:259,1
DA:261,3
DA:262,1
DA:263,1
DA:265,1
DA:266,1
DA:269,1
DA:271,0
DA:272,0
DA:277,2
DA:278,2
DA:280,2
DA:281,1
DA:283,2
DA:285,0
DA:286,0
DA:290,2
DA:291,2
DA:293,2
DA:305,2
DA:310,0
DA:311,0
DA:315,1
DA:316,1
DA:317,1
DA:318,1
DA:319,3
DA:320,2
DA:323,1
DA:325,0
DA:326,0
DA:330,2
DA:331,2
DA:332,2
DA:334,3
DA:336,2
DA:337,1
DA:339,1
DA:340,1
DA:342,0
DA:343,0
DA:347,2
DA:348,2
DA:350,2
DA:351,1
DA:353,1
DA:354,1
DA:359,1
DA:360,1
DA:361,1
DA:362,1
DA:373,1
DA:379,0
DA:380,0
LF:166
LH:100
BRDA:19,0,0,0
BRDA:19,0,1,0
BRDA:21,1,0,0
BRDA:21,1,1,0
BRDA:24,2,0,0
BRDA:24,2,1,0
BRDA:37,3,0,0
BRDA:37,3,1,0
BRDA:44,4,0,0
BRDA:44,4,1,0
BRDA:50,5,0,0
BRDA:50,5,1,0
BRDA:74,6,0,0
BRDA:74,6,1,0
BRDA:75,7,0,0
BRDA:75,7,1,0
BRDA:93,8,0,0
BRDA:93,8,1,0
BRDA:111,9,0,0
BRDA:111,9,1,0
BRDA:114,10,0,0
BRDA:114,10,1,0
BRDA:114,11,0,0
BRDA:114,11,1,0
BRDA:130,12,0,0
BRDA:130,12,1,0
BRDA:131,13,0,0
BRDA:131,13,1,0
BRDA:160,14,0,1
BRDA:160,14,1,2
BRDA:160,15,0,3
BRDA:160,15,1,2
BRDA:165,16,0,1
BRDA:165,16,1,1
BRDA:172,17,0,0
BRDA:172,17,1,1
BRDA:172,18,0,1
BRDA:172,18,1,1
BRDA:188,19,0,1
BRDA:188,19,1,0
BRDA:189,20,0,1
BRDA:189,20,1,0
BRDA:214,21,0,0
BRDA:217,22,0,1
BRDA:217,22,1,2
BRDA:219,23,0,1
BRDA:219,23,1,1
BRDA:222,24,0,1
BRDA:222,24,1,1
BRDA:224,25,0,1
BRDA:224,25,1,0
BRDA:224,26,0,1
BRDA:224,26,1,1
BRDA:236,27,0,1
BRDA:236,27,1,3
BRDA:238,28,0,1
BRDA:238,28,1,2
BRDA:239,29,0,1
BRDA:239,29,1,1
BRDA:255,30,0,2
BRDA:255,30,1,1
BRDA:261,31,0,2
BRDA:261,31,1,1
BRDA:262,32,0,1
BRDA:262,32,1,0
BRDA:265,33,0,1
BRDA:265,33,1,0
BRDA:280,34,0,1
BRDA:280,34,1,1
BRDA:300,35,0,1
BRDA:300,35,1,1
BRDA:300,36,0,2
BRDA:300,36,1,1
BRDA:319,37,0,2
BRDA:319,37,1,1
BRDA:336,38,0,1
BRDA:336,38,1,1
BRDA:350,39,0,1
BRDA:350,39,1,1
BRDA:366,40,0,1
BRDA:366,40,1,0
BRDA:367,41,0,1
BRDA:367,41,1,0
BRF:83
BRH:46
end_of_record
TN:
SF:src/controllers/bitacora-controller.ts
FN:8,(anonymous_0)
FN:12,(anonymous_1)
FN:16,(anonymous_2)
FN:28,(anonymous_3)
FN:44,(anonymous_4)
FN:107,(anonymous_5)
FN:141,(anonymous_6)
FNF:7
FNH:0
FNDA:0,(anonymous_0)
FNDA:0,(anonymous_1)
FNDA:0,(anonymous_2)
FNDA:0,(anonymous_3)
FNDA:0,(anonymous_4)
FNDA:0,(anonymous_5)
FNDA:0,(anonymous_6)
DA:3,0
DA:4,0
DA:6,0
DA:8,0
DA:9,0
DA:12,0
DA:13,0
DA:16,0
DA:17,0
DA:19,0
DA:20,0
DA:21,0
DA:22,0
DA:24,0
DA:27,0
DA:29,0
DA:30,0
DA:31,0
DA:37,0
DA:45,0
DA:46,0
DA:49,0
DA:50,0
DA:51,0
DA:58,0
DA:59,0
DA:65,0
DA:66,0
DA:72,0
DA:73,0
DA:80,0
DA:81,0
DA:87,0
DA:94,0
DA:100,0
DA:108,0
DA:109,0
DA:111,0
DA:112,0
DA:118,0
DA:119,0
DA:125,0
DA:126,0
DA:128,0
DA:134,0
DA:142,0
DA:143,0
DA:145,0
DA:146,0
DA:152,0
DA:153,0
DA:159,0
DA:160,0
DA:162,0
DA:168,0
LF:55
LH:0
BRDA:9,0,0,0
BRDA:9,0,1,0
BRDA:9,0,2,0
BRDA:13,1,0,0
BRDA:13,1,1,0
BRDA:19,2,0,0
BRDA:19,2,1,0
BRDA:20,3,0,0
BRDA:20,3,1,0
BRDA:21,4,0,0
BRDA:21,4,1,0
BRDA:22,5,0,0
BRDA:22,5,1,0
BRDA:50,6,0,0
BRDA:50,6,1,0
BRDA:58,7,0,0
BRDA:58,7,1,0
BRDA:65,8,0,0
BRDA:65,8,1,0
BRDA:72,9,0,0
BRDA:72,9,1,0
BRDA:80,10,0,0
BRDA:80,10,1,0
BRDA:111,11,0,0
BRDA:111,11,1,0
BRDA:118,12,0,0
BRDA:118,12,1,0
BRDA:145,13,0,0
BRDA:145,13,1,0
BRDA:152,14,0,0
BRDA:152,14,1,0
BRF:31
BRH:0
end_of_record
TN:
SF:src/controllers/clientes-controller.ts
FN:8,(anonymous_0)
FN:12,(anonymous_1)
FN:17,(anonymous_2)
FN:22,(anonymous_3)
FN:38,(anonymous_4)
FN:78,(anonymous_5)
FN:144,(anonymous_6)
FN:198,(anonymous_7)
FN:237,(anonymous_8)
FNF:9
FNH:0
FNDA:0,(anonymous_0)
FNDA:0,(anonymous_1)
FNDA:0,(anonymous_2)
FNDA:0,(anonymous_3)
FNDA:0,(anonymous_4)
FNDA:0,(anonymous_5)
FNDA:0,(anonymous_6)
FNDA:0,(anonymous_7)
FNDA:0,(anonymous_8)
DA:3,0
DA:4,0
DA:6,0
DA:8,0
DA:9,0
DA:12,0
DA:13,0
DA:17,0
DA:18,0
DA:21,0
DA:23,0
DA:24,0
DA:25,0
DA:31,0
DA:39,0
DA:40,0
DA:42,0
DA:43,0
DA:49,0
DA:50,0
DA:56,0
DA:58,0
DA:59,0
DA:65,0
DA:71,0
DA:79,0
DA:80,0
DA:82,0
DA:83,0
DA:89,0
DA:90,0
DA:96,0
DA:97,0
DA:103,0
DA:104,0
DA:110,0
DA:111,0
DA:117,0
DA:118,0
DA:124,0
DA:131,0
DA:137,0
DA:145,0
DA:146,0
DA:148,0
DA:149,0
DA:155,0
DA:156,0
DA:162,0
DA:163,0
DA:169,0
DA:170,0
DA:176,0
DA:178,0
DA:179,0
DA:185,0
DA:191,0
DA:199,0
DA:200,0
DA:202,0
DA:203,0
DA:209,0
DA:210,0
DA:216,0
DA:218,0
DA:219,0
DA:225,0
DA:230,0
DA:238,0
DA:239,0
DA:241,0
DA:242,0
DA:248,0
DA:249,0
DA:255,0
DA:256,0
DA:258,0
DA:264,0
LF:78
LH:0
BRDA:9,0,0,0
BRDA:9,0,1,0
BRDA:13,1,0,0
BRDA:13,1,1,0
BRDA:13,1,2,0
BRDA:13,1,3,0
BRDA:18,2,0,0
BRDA:18,2,1,0
BRDA:18,2,2,0
BRDA:42,3,0,0
BRDA:42,3,1,0
BRDA:49,4,0,0
BRDA:49,4,1,0
BRDA:58,5,0,0
BRDA:58,5,1,0
BRDA:82,6,0,0
BRDA:82,6,1,0
BRDA:89,7,0,0
BRDA:89,7,1,0
BRDA:96,8,0,0
BRDA:96,8,1,0
BRDA:103,9,0,0
BRDA:103,9,1,0
BRDA:110,10,0,0
BRDA:110,10,1,0
BRDA:117,11,0,0
BRDA:117,11,1,0
BRDA:117,12,0,0
BRDA:117,12,1,0
BRDA:148,13,0,0
BRDA:148,13,1,0
BRDA:155,14,0,0
BRDA:155,14,1,0
BRDA:162,15,0,0
BRDA:162,15,1,0
BRDA:169,16,0,0
BRDA:169,16,1,0
BRDA:169,17,0,0
BRDA:169,17,1,0
BRDA:178,18,0,0
BRDA:178,18,1,0
BRDA:202,19,0,0
BRDA:202,19,1,0
BRDA:209,20,0,0
BRDA:209,20,1,0
BRDA:218,21,0,0
BRDA:218,21,1,0
BRDA:241,22,0,0
BRDA:241,22,1,0
BRDA:248,23,0,0
BRDA:248,23,1,0
BRF:51
BRH:0
end_of_record
TN:
SF:src/controllers/movimientos-controller.ts
FN:12,(anonymous_0)
FN:16,(anonymous_1)
FN:20,(anonymous_2)
FN:24,(anonymous_3)
FN:28,(anonymous_4)
FN:32,(anonymous_5)
FN:42,(anonymous_6)
FN:58,(anonymous_7)
FN:99,(anonymous_8)
FN:229,(anonymous_9)
FN:287,(anonymous_10)
FN:335,(anonymous_11)
FN:354,(anonymous_12)
FNF:13
FNH:0
FNDA:0,(anonymous_0)
FNDA:0,(anonymous_1)
FNDA:0,(anonymous_2)
FNDA:0,(anonymous_3)
FNDA:0,(anonymous_4)
FNDA:0,(anonymous_5)
FNDA:0,(anonymous_6)
FNDA:0,(anonymous_7)
FNDA:0,(anonymous_8)
FNDA:0,(anonymous_9)
FNDA:0,(anonymous_10)
FNDA:0,(anonymous_11)
FNDA:0,(anonymous_12)
DA:3,0
DA:4,0
DA:5,0
DA:6,0
DA:8,0
DA:9,0
DA:10,0
DA:12,0
DA:13,0
DA:16,0
DA:17,0
DA:20,0
DA:21,0
DA:24,0
DA:25,0
DA:28,0
DA:29,0
DA:32,0
DA:33,0
DA:35,0
DA:36,0
DA:38,0
DA:41,0
DA:43,0
DA:44,0
DA:45,0
DA:51,0
DA:59,0
DA:60,0
DA:62,0
DA:63,0
DA:69,0
DA:70,0
DA:76,0
DA:77,0
DA:79,0
DA:80,0
DA:86,0
DA:92,0
DA:100,0
DA:101,0
DA:104,0
DA:105,0
DA:111,0
DA:112,0
DA:118,0
DA:119,0
DA:125,0
DA:126,0
DA:133,0
DA:134,0
DA:140,0
DA:141,0
DA:147,0
DA:148,0
DA:154,0
DA:155,0
DA:161,0
DA:162,0
DA:168,0
DA:169,0
DA:175,0
DA:177,0
DA:178,0
DA:185,0
DA:187,0
DA:188,0
DA:192,0
DA:193,0
DA:201,0
DA:216,0
DA:222,0
DA:230,0
DA:231,0
DA:233,0
DA:234,0
DA:240,0
DA:241,0
DA:247,0
DA:250,0
DA:251,0
DA:260,0
DA:262,0
DA:263,0
DA:272,0
DA:280,0
DA:288,0
DA:289,0
DA:291,0
DA:292,0
DA:298,0
DA:299,0
DA:306,0
DA:307,0
DA:308,0
DA:310,0
DA:311,0
DA:317,0
DA:319,0
DA:325,0
DA:334,0
DA:336,0
DA:337,0
DA:339,0
DA:346,0
DA:355,0
DA:356,0
DA:358,0
DA:364,0
LF:109
LH:0
BRDA:13,0,0,0
BRDA:13,0,1,0
BRDA:13,0,2,0
BRDA:21,1,0,0
BRDA:21,1,1,0
BRDA:25,2,0,0
BRDA:25,2,1,0
BRDA:25,2,2,0
BRDA:29,3,0,0
BRDA:29,3,1,0
BRDA:33,4,0,0
BRDA:33,4,1,0
BRDA:33,5,0,0
BRDA:33,5,1,0
BRDA:62,6,0,0
BRDA:62,6,1,0
BRDA:69,7,0,0
BRDA:69,7,1,0
BRDA:79,8,0,0
BRDA:79,8,1,0
BRDA:104,9,0,0
BRDA:104,9,1,0
BRDA:111,10,0,0
BRDA:111,10,1,0
BRDA:118,11,0,0
BRDA:118,11,1,0
BRDA:125,12,0,0
BRDA:125,12,1,0
BRDA:133,13,0,0
BRDA:133,13,1,0
BRDA:140,14,0,0
BRDA:140,14,1,0
BRDA:147,15,0,0
BRDA:147,15,1,0
BRDA:154,16,0,0
BRDA:154,16,1,0
BRDA:161,17,0,0
BRDA:161,17,1,0
BRDA:168,18,0,0
BRDA:168,18,1,0
BRDA:168,19,0,0
BRDA:168,19,1,0
BRDA:177,20,0,0
BRDA:177,20,1,0
BRDA:177,21,0,0
BRDA:177,21,1,0
BRDA:187,22,0,0
BRDA:187,22,1,0
BRDA:192,23,0,0
BRDA:192,23,1,0
BRDA:192,24,0,0
BRDA:192,24,1,0
BRDA:207,25,0,0
BRDA:207,25,1,0
BRDA:233,26,0,0
BRDA:233,26,1,0
BRDA:240,27,0,0
BRDA:240,27,1,0
BRDA:250,28,0,0
BRDA:250,28,1,0
BRDA:250,29,0,0
BRDA:250,29,1,0
BRDA:262,30,0,0
BRDA:262,30,1,0
BRDA:291,31,0,0
BRDA:291,31,1,0
BRDA:291,32,0,0
BRDA:291,32,1,0
BRDA:298,33,0,0
BRDA:298,33,1,0
BRDA:310,34,0,0
BRDA:310,34,1,0
BRF:72
BRH:0
end_of_record
TN:
SF:src/controllers/productos-controller.ts
FN:11,(anonymous_0)
FN:15,(anonymous_1)
FN:19,(anonymous_2)
FN:24,(anonymous_3)
FN:28,(anonymous_4)
FN:33,(anonymous_5)
FN:49,(anonymous_6)
FN:66,(anonymous_7)
FN:122,(anonymous_8)
FN:236,(anonymous_9)
FN:333,(anonymous_10)
FN:372,(anonymous_11)
FNF:12
FNH:0
FNDA:0,(anonymous_0)
FNDA:0,(anonymous_1)
FNDA:0,(anonymous_2)
FNDA:0,(anonymous_3)
FNDA:0,(anonymous_4)
FNDA:0,(anonymous_5)
FNDA:0,(anonymous_6)
FNDA:0,(anonymous_7)
FNDA:0,(anonymous_8)
FNDA:0,(anonymous_9)
FNDA:0,(anonymous_10)
FNDA:0,(anonymous_11)
DA:3,0
DA:4,0
DA:5,0
DA:8,0
DA:9,0
DA:11,0
DA:12,0
DA:15,0
DA:16,0
DA:19,0
DA:20,0
DA:24,0
DA:25,0
DA:28,0
DA:29,0
DA:32,0
DA:34,0
DA:35,0
DA:36,0
DA:42,0
DA:50,0
DA:51,0
DA:53,0
DA:59,0
DA:67,0
DA:68,0
DA:70,0
DA:71,0
DA:77,0
DA:78,0
DA:84,0
DA:86,0
DA:87,0
DA:94,0
DA:95,0
DA:97,0
DA:98,0
DA:107,0
DA:115,0
DA:123,0
DA:124,0
DA:126,0
DA:127,0
DA:133,0
DA:134,0
DA:140,0
DA:141,0
DA:147,0
DA:148,0
DA:154,0
DA:155,0
DA:161,0
DA:162,0
DA:168,0
DA:169,0
DA:175,0
DA:176,0
DA:182,0
DA:183,0
DA:189,0
DA:190,0
DA:196,0
DA:197,0
DA:204,0
DA:205,0
DA:206,0
DA:212,0
DA:223,0
DA:229,0
DA:237,0
DA:238,0
DA:240,0
DA:241,0
DA:247,0
DA:248,0
DA:254,0
DA:255,0
DA:261,0
DA:262,0
DA:268,0
DA:269,0
DA:275,0
DA:276,0
DA:282,0
DA:283,0
DA:289,0
DA:290,0
DA:296,0
DA:297,0
DA:303,0
DA:313,0
DA:314,0
DA:320,0
DA:326,0
DA:334,0
DA:335,0
DA:337,0
DA:338,0
DA:344,0
DA:345,0
DA:351,0
DA:353,0
DA:354,0
DA:360,0
DA:365,0
DA:373,0
DA:374,0
DA:375,0
DA:381,0
LF:109
LH:0
BRDA:12,0,0,0
BRDA:12,0,1,0
BRDA:12,0,2,0
BRDA:16,1,0,0
BRDA:16,1,1,0
BRDA:16,1,2,0
BRDA:20,2,0,0
BRDA:20,2,1,0
BRDA:20,2,2,0
BRDA:29,3,0,0
BRDA:29,3,1,0
BRDA:29,3,2,0
BRDA:70,4,0,0
BRDA:70,4,1,0
BRDA:77,5,0,0
BRDA:77,5,1,0
BRDA:86,6,0,0
BRDA:86,6,1,0
BRDA:86,7,0,0
BRDA:86,7,1,0
BRDA:97,8,0,0
BRDA:97,8,1,0
BRDA:126,9,0,0
BRDA:126,9,1,0
BRDA:133,10,0,0
BRDA:133,10,1,0
BRDA:140,11,0,0
BRDA:140,11,1,0
BRDA:147,12,0,0
BRDA:147,12,1,0
BRDA:154,13,0,0
BRDA:154,13,1,0
BRDA:161,14,0,0
BRDA:161,14,1,0
BRDA:168,15,0,0
BRDA:168,15,1,0
BRDA:168,16,0,0
BRDA:168,16,1,0
BRDA:175,17,0,0
BRDA:175,17,1,0
BRDA:175,18,0,0
BRDA:175,18,1,0
BRDA:182,19,0,0
BRDA:182,19,1,0
BRDA:189,20,0,0
BRDA:189,20,1,0
BRDA:196,21,0,0
BRDA:196,21,1,0
BRDA:205,22,0,0
BRDA:205,22,1,0
BRDA:218,23,0,0
BRDA:218,23,1,0
BRDA:219,24,0,0
BRDA:219,24,1,0
BRDA:240,25,0,0
BRDA:240,25,1,0
BRDA:247,26,0,0
BRDA:247,26,1,0
BRDA:254,27,0,0
BRDA:254,27,1,0
BRDA:254,28,0,0
BRDA:254,28,1,0
BRDA:261,29,0,0
BRDA:261,29,1,0
BRDA:261,30,0,0
BRDA:261,30,1,0
BRDA:268,31,0,0
BRDA:268,31,1,0
BRDA:268,32,0,0
BRDA:268,32,1,0
BRDA:275,33,0,0
BRDA:275,33,1,0
BRDA:275,34,0,0
BRDA:275,34,1,0
BRDA:282,35,0,0
BRDA:282,35,1,0
BRDA:282,36,0,0
BRDA:282,36,1,0
BRDA:289,37,0,0
BRDA:289,37,1,0
BRDA:289,38,0,0
BRDA:289,38,1,0
BRDA:296,39,0,0
BRDA:296,39,1,0
BRDA:313,40,0,0
BRDA:313,40,1,0
BRDA:337,41,0,0
BRDA:337,41,1,0
BRDA:344,42,0,0
BRDA:344,42,1,0
BRDA:353,43,0,0
BRDA:353,43,1,0
BRF:92
BRH:0
end_of_record
TN:
SF:src/controllers/proveedores-controller.ts
FN:8,(anonymous_0)
FN:12,(anonymous_1)
FN:17,(anonymous_2)
FN:33,(anonymous_3)
FN:73,(anonymous_4)
FN:124,(anonymous_5)
FN:181,(anonymous_6)
FNF:7
FNH:0
FNDA:0,(anonymous_0)
FNDA:0,(anonymous_1)
FNDA:0,(anonymous_2)
FNDA:0,(anonymous_3)
FNDA:0,(anonymous_4)
FNDA:0,(anonymous_5)
FNDA:0,(anonymous_6)
DA:3,0
DA:4,0
DA:6,0
DA:8,0
DA:9,0
DA:12,0
DA:13,0
DA:16,0
DA:18,0
DA:19,0
DA:20,0
DA:26,0
DA:34,0
DA:35,0
DA:37,0
DA:38,0
DA:44,0
DA:45,0
DA:51,0
DA:53,0
DA:54,0
DA:60,0
DA:66,0
DA:74,0
DA:75,0
DA:77,0
DA:78,0
DA:84,0
DA:85,0
DA:91,0
DA:92,0
DA:98,0
DA:99,0
DA:105,0
DA:111,0
DA:117,0
DA:125,0
DA:126,0
DA:128,0
DA:129,0
DA:135,0
DA:136,0
DA:142,0
DA:143,0
DA:149,0
DA:150,0
DA:156,0
DA:161,0
DA:162,0
DA:168,0
DA:174,0
DA:182,0
DA:183,0
DA:185,0
DA:186,0
DA:192,0
DA:193,0
DA:199,0
DA:201,0
DA:202,0
DA:208,0
DA:213,0
LF:62
LH:0
BRDA:9,0,0,0
BRDA:9,0,1,0
BRDA:13,1,0,0
BRDA:13,1,1,0
BRDA:13,1,2,0
BRDA:13,1,3,0
BRDA:37,2,0,0
BRDA:37,2,1,0
BRDA:44,3,0,0
BRDA:44,3,1,0
BRDA:53,4,0,0
BRDA:53,4,1,0
BRDA:77,5,0,0
BRDA:77,5,1,0
BRDA:84,6,0,0
BRDA:84,6,1,0
BRDA:91,7,0,0
BRDA:91,7,1,0
BRDA:98,8,0,0
BRDA:98,8,1,0
BRDA:98,9,0,0
BRDA:98,9,1,0
BRDA:128,10,0,0
BRDA:128,10,1,0
BRDA:135,11,0,0
BRDA:135,11,1,0
BRDA:142,12,0,0
BRDA:142,12,1,0
BRDA:149,13,0,0
BRDA:149,13,1,0
BRDA:149,14,0,0
BRDA:149,14,1,0
BRDA:161,15,0,0
BRDA:161,15,1,0
BRDA:185,16,0,0
BRDA:185,16,1,0
BRDA:192,17,0,0
BRDA:192,17,1,0
BRDA:201,18,0,0
BRDA:201,18,1,0
BRF:40
BRH:0
end_of_record
TN:
SF:src/controllers/user-controller.ts
FN:38,(anonymous_1)
FN:99,(anonymous_2)
FN:143,(anonymous_3)
FN:235,(anonymous_4)
FN:272,(anonymous_5)
FN:304,(anonymous_6)
FN:343,(anonymous_7)
FN:358,(anonymous_8)
FN:367,(anonymous_9)
FNF:9
FNH:0
FNDA:0,(anonymous_1)
FNDA:0,(anonymous_2)
FNDA:0,(anonymous_3)
FNDA:0,(anonymous_4)
FNDA:0,(anonymous_5)
FNDA:0,(anonymous_6)
FNDA:0,(anonymous_7)
FNDA:0,(anonymous_8)
FNDA:0,(anonymous_9)
DA:2,0
DA:3,0
DA:4,0
DA:5,0
DA:8,0
DA:39,0
DA:40,0
DA:41,0
DA:43,0
DA:44,0
DA:47,0
DA:48,0
DA:51,0
DA:52,0
DA:57,0
DA:58,0
DA:61,0
DA:62,0
DA:63,0
DA:67,0
DA:70,0
DA:82,0
DA:94,0
DA:95,0
DA:100,0
DA:101,0
DA:102,0
DA:103,0
DA:104,0
DA:107,0
DA:110,0
DA:115,0
DA:121,0
DA:129,0
DA:131,0
DA:139,0
DA:144,0
DA:146,0
DA:147,0
DA:150,0
DA:151,0
DA:152,0
DA:159,0
DA:165,0
DA:166,0
DA:177,0
DA:180,0
DA:188,0
DA:191,0
DA:198,0
DA:212,0
DA:226,0
DA:227,0
DA:236,0
DA:238,0
DA:239,0
DA:240,0
DA:241,0
DA:244,0
DA:252,0
DA:264,0
DA:273,0
DA:275,0
DA:276,0
DA:277,0
DA:278,0
DA:281,0
DA:289,0
DA:292,0
DA:298,0
DA:305,0
DA:307,0
DA:308,0
DA:309,0
DA:310,0
DA:313,0
DA:321,0
DA:322,0
DA:328,0
DA:335,0
DA:344,0
DA:345,0
DA:347,0
DA:348,0
DA:350,0
DA:352,0
DA:354,0
DA:359,0
DA:360,0
DA:361,0
DA:363,0
DA:368,0
DA:370,0
DA:371,0
DA:372,0
DA:373,0
DA:375,0
LF:97
LH:0
BRDA:43,0,0,0
BRDA:43,0,1,0
BRDA:43,1,0,0
BRDA:43,1,1,0
BRDA:43,1,2,0
BRDA:43,1,3,0
BRDA:47,2,0,0
BRDA:47,2,1,0
BRDA:51,3,0,0
BRDA:51,3,1,0
BRDA:57,4,0,0
BRDA:57,4,1,0
BRDA:62,5,0,0
BRDA:62,5,1,0
BRDA:103,6,0,0
BRDA:103,6,1,0
BRDA:151,7,0,0
BRDA:151,7,1,0
BRDA:165,8,0,0
BRDA:165,8,1,0
BRDA:240,9,0,0
BRDA:240,9,1,0
BRDA:277,10,0,0
BRDA:277,10,1,0
BRDA:309,11,0,0
BRDA:309,11,1,0
BRDA:321,12,0,0
BRDA:321,12,1,0
BRDA:350,13,0,0
BRDA:350,13,1,0
BRDA:372,14,0,0
BRDA:372,14,1,0
BRF:32
BRH:0
end_of_record
TN:
SF:src/helpers/dateFormatter.ts
FN:2,toUTCString
FN:6,parseDatabaseDate
FNF:2
FNH:0
FNDA:0,toUTCString
FNDA:0,parseDatabaseDate
DA:2,0
DA:3,0
DA:6,0
DA:8,0
LF:4
LH:0
BRF:0
BRH:0
end_of_record
TN:
SF:src/helpers/notify.ts
FN:17,(anonymous_1)
FN:25,sendEmail
FN:43,sendSMS
FNF:3
FNH:0
FNDA:0,(anonymous_1)
FNDA:0,sendEmail
FNDA:0,sendSMS
DA:2,0
DA:3,0
DA:4,0
DA:7,0
DA:17,0
DA:18,0
DA:19,0
DA:21,0
DA:25,0
DA:26,0
DA:33,0
DA:34,0
DA:38,0
DA:39,0
DA:43,0
DA:44,0
DA:45,0
DA:46,0
DA:48,0
DA:53,0
DA:54,0
LF:21
LH:0
BRDA:18,0,0,0
BRDA:18,0,1,0
BRDA:39,1,0,0
BRDA:39,1,1,0
BRDA:44,2,0,0
BRDA:44,2,1,0
BRF:6
BRH:0
end_of_record
TN:
SF:src/helpers/security.ts
FN:6,generateOTP
FN:19,generateTempToken
FN:26,(anonymous_3)
FN:36,verifyJWT
FN:45,extractJwtSignature
FNF:5
FNH:0
FNDA:0,generateOTP
FNDA:0,generateTempToken
FNDA:0,(anonymous_3)
FNDA:0,verifyJWT
FNDA:0,extractJwtSignature
DA:2,1
DA:3,1
DA:4,1
DA:6,1
DA:7,0
DA:8,0
DA:9,0
DA:10,0
DA:12,0
DA:19,1
DA:20,0
DA:26,1
DA:30,0
DA:36,1
DA:37,0
DA:38,0
DA:40,0
DA:45,1
DA:46,0
DA:47,0
LF:20
LH:8
BRDA:6,0,0,0
BRDA:19,1,0,0
BRDA:28,2,0,0
BRF:3
BRH:0
end_of_record
TN:
SF:src/helpers/stock-alerts.ts
FN:18,(anonymous_0)
FN:26,(anonymous_1)
FN:73,(anonymous_2)
FN:108,(anonymous_3)
FN:150,(anonymous_4)
FN:183,(anonymous_5)
FN:212,(anonymous_6)
FN:213,(anonymous_7)
FNF:8
FNH:0
FNDA:0,(anonymous_0)
FNDA:0,(anonymous_1)
FNDA:0,(anonymous_2)
FNDA:0,(anonymous_3)
FNDA:0,(anonymous_4)
FNDA:0,(anonymous_5)
FNDA:0,(anonymous_6)
FNDA:0,(anonymous_7)
DA:2,0
DA:15,0
DA:19,0
DA:27,0
DA:29,0
DA:36,0
DA:37,0
DA:38,0
DA:41,0
DA:42,0
DA:47,0
DA:48,0
DA:50,0
DA:51,0
DA:52,0
DA:53,0
DA:54,0
DA:57,0
DA:66,0
DA:74,0
DA:76,0
DA:82,0
DA:83,0
DA:84,0
DA:87,0
DA:88,0
DA:91,0
DA:92,0
DA:93,0
DA:94,0
DA:96,0
DA:101,0
DA:109,0
DA:151,0
DA:152,0
DA:164,0
DA:166,0
DA:167,0
DA:170,0
DA:173,0
DA:175,0
DA:176,0
DA:184,0
DA:185,0
DA:191,0
DA:193,0
DA:194,0
DA:196,0
DA:197,0
DA:198,0
DA:199,0
DA:201,0
DA:205,0
DA:213,0
DA:222,0
LF:55
LH:0
BRDA:36,0,0,0
BRDA:36,0,1,0
BRDA:42,1,0,0
BRDA:42,1,1,0
BRDA:47,2,0,0
BRDA:47,2,1,0
BRDA:82,3,0,0
BRDA:82,3,1,0
BRDA:166,4,0,0
BRDA:166,4,1,0
BRDA:191,5,0,0
BRDA:191,5,1,0
BRF:12
BRH:0
end_of_record
TN:
SF:src/helpers/test-email.ts
FN:15,(anonymous_1)
FN:20,testEmail
FNF:2
FNH:0
FNDA:0,(anonymous_1)
FNDA:0,testEmail
DA:1,0
DA:2,0
DA:3,0
DA:5,0
DA:15,0
DA:16,0
DA:17,0
DA:21,0
DA:22,0
DA:28,0
DA:30,0
DA:34,0
LF:12
LH:0
BRDA:16,0,0,0
BRDA:16,0,1,0
BRF:2
BRH:0
end_of_record
TN:
SF:src/jobs/stock-alert-job.ts
FN:9,(anonymous_0)
FNF:1
FNH:0
FNDA:0,(anonymous_0)
DA:2,0
DA:3,0
DA:4,0
DA:6,0
DA:9,0
DA:10,0
DA:11,0
DA:12,0
DA:13,0
DA:15,0
DA:20,0
DA:21,0
DA:23,0
LF:13
LH:0
BRF:0
BRH:0
end_of_record
TN:
SF:src/middleware/auth.middleware.ts
FN:11,(anonymous_0)
FN:59,(anonymous_1)
FN:60,(anonymous_2)
FN:77,(anonymous_3)
FNF:4
FNH:0
FNDA:0,(anonymous_0)
FNDA:0,(anonymous_1)
FNDA:0,(anonymous_2)
FNDA:0,(anonymous_3)
DA:3,0
DA:4,0
DA:11,0
DA:16,0
DA:17,0
DA:18,0
DA:20,0
DA:21,0
DA:22,0
DA:25,0
DA:28,0
DA:29,0
DA:30,0
DA:31,0
DA:34,0
DA:37,0
DA:38,0
DA:39,0
DA:40,0
DA:43,0
DA:46,0
DA:48,0
DA:49,0
DA:51,0
DA:53,0
DA:54,0
DA:59,0
DA:60,0
DA:61,0
DA:62,0
DA:65,0
DA:66,0
DA:68,0
DA:69,0
DA:72,0
DA:77,0
DA:78,0
DA:83,0
LF:38
LH:0
BRDA:18,0,0,0
BRDA:18,0,1,0
BRDA:20,1,0,0
BRDA:20,1,1,0
BRDA:29,2,0,0
BRDA:29,2,1,0
BRDA:38,3,0,0
BRDA:38,3,1,0
BRDA:61,4,0,0
BRDA:61,4,1,0
BRDA:66,5,0,0
BRDA:66,5,1,0
BRDA:68,6,0,0
BRDA:68,6,1,0
BRDA:80,7,0,0
BRDA:80,7,1,0
BRF:16
BRH:0
end_of_record
TN:
SF:src/middleware/endpointValidators.ts
FN:7,(anonymous_0)
FN:16,(anonymous_1)
FN:25,(anonymous_2)
FN:34,(anonymous_3)
FN:46,(anonymous_4)
FN:58,(anonymous_5)
FN:67,(anonymous_6)
FN:76,(anonymous_7)
FN:78,(anonymous_8)
FN:85,(anonymous_9)
FN:94,(anonymous_10)
FN:103,(anonymous_11)
FN:112,(anonymous_12)
FN:113,(anonymous_13)
FN:114,(anonymous_14)
FN:135,(anonymous_15)
FN:155,(anonymous_16)
FN:191,(anonymous_17)
FNF:18
FNH:0
FNDA:0,(anonymous_0)
FNDA:0,(anonymous_1)
FNDA:0,(anonymous_2)
FNDA:0,(anonymous_3)
FNDA:0,(anonymous_4)
FNDA:0,(anonymous_5)
FNDA:0,(anonymous_6)
FNDA:0,(anonymous_7)
FNDA:0,(anonymous_8)
FNDA:0,(anonymous_9)
FNDA:0,(anonymous_10)
FNDA:0,(anonymous_11)
FNDA:0,(anonymous_12)
FNDA:0,(anonymous_13)
FNDA:0,(anonymous_14)
FNDA:0,(anonymous_15)
FNDA:0,(anonymous_16)
FNDA:0,(anonymous_17)
DA:3,0
DA:5,0
DA:8,0
DA:9,0
DA:10,0
DA:11,0
DA:13,0
DA:17,0
DA:18,0
DA:19,0
DA:20,0
DA:22,0
DA:26,0
DA:27,0
DA:28,0
DA:29,0
DA:31,0
DA:35,0
DA:37,0
DA:38,0
DA:43,0
DA:47,0
DA:49,0
DA:50,0
DA:55,0
DA:59,0
DA:60,0
DA:61,0
DA:62,0
DA:64,0
DA:68,0
DA:69,0
DA:70,0
DA:71,0
DA:73,0
DA:78,0
DA:79,0
DA:80,0
DA:84,0
DA:85,0
DA:86,0
DA:87,0
DA:93,0
DA:94,0
DA:95,0
DA:96,0
DA:102,0
DA:103,0
DA:104,0
DA:105,0
DA:110,0
DA:113,0
DA:114,0
DA:116,0
DA:117,0
DA:122,0
DA:126,0
DA:136,0
DA:137,0
DA:138,0
DA:143,0
DA:156,0
DA:158,0
DA:159,0
DA:160,0
DA:163,0
DA:164,0
DA:165,0
DA:168,0
DA:169,0
DA:170,0
DA:173,0
DA:174,0
DA:175,0
DA:178,0
DA:192,0
DA:193,0
DA:194,0
DA:196,0
LF:79
LH:0
BRDA:9,0,0,0
BRDA:9,0,1,0
BRDA:11,1,0,0
BRDA:11,1,1,0
BRDA:18,2,0,0
BRDA:18,2,1,0
BRDA:20,3,0,0
BRDA:20,3,1,0
BRDA:27,4,0,0
BRDA:27,4,1,0
BRDA:29,5,0,0
BRDA:29,5,1,0
BRDA:37,6,0,0
BRDA:37,6,1,0
BRDA:37,7,0,0
BRDA:37,7,1,0
BRDA:49,8,0,0
BRDA:49,8,1,0
BRDA:49,9,0,0
BRDA:49,9,1,0
BRDA:60,10,0,0
BRDA:60,10,1,0
BRDA:62,11,0,0
BRDA:62,11,1,0
BRDA:69,12,0,0
BRDA:69,12,1,0
BRDA:71,13,0,0
BRDA:71,13,1,0
BRDA:79,14,0,0
BRDA:79,14,1,0
BRDA:84,15,0,0
BRDA:84,15,1,0
BRDA:86,16,0,0
BRDA:86,16,1,0
BRDA:93,17,0,0
BRDA:93,17,1,0
BRDA:95,18,0,0
BRDA:95,18,1,0
BRDA:102,19,0,0
BRDA:102,19,1,0
BRDA:104,20,0,0
BRDA:104,20,1,0
BRDA:116,21,0,0
BRDA:116,21,1,0
BRDA:137,22,0,0
BRDA:137,22,1,0
BRDA:158,23,0,0
BRDA:158,23,1,0
BRDA:160,24,0,0
BRDA:160,24,1,0
BRDA:163,25,0,0
BRDA:163,25,1,0
BRDA:165,26,0,0
BRDA:165,26,1,0
BRDA:168,27,0,0
BRDA:168,27,1,0
BRDA:170,28,0,0
BRDA:170,28,1,0
BRDA:173,29,0,0
BRDA:173,29,1,0
BRDA:175,30,0,0
BRDA:175,30,1,0
BRDA:193,31,0,0
BRDA:193,31,1,0
BRDA:193,32,0,0
BRDA:193,32,1,0
BRF:66
BRH:0
end_of_record
TN:
SF:src/middleware/globalValidation.middleware.ts
FN:9,(anonymous_0)
FN:28,(anonymous_1)
FN:29,(anonymous_2)
FN:36,(anonymous_3)
FN:45,(anonymous_4)
FN:54,(anonymous_5)
FN:67,(anonymous_6)
FNF:7
FNH:0
FNDA:0,(anonymous_0)
FNDA:0,(anonymous_1)
FNDA:0,(anonymous_2)
FNDA:0,(anonymous_3)
FNDA:0,(anonymous_4)
FNDA:0,(anonymous_5)
FNDA:0,(anonymous_6)
DA:4,0
DA:10,0
DA:11,0
DA:13,0
DA:22,0
DA:29,0
DA:30,0
DA:31,0
DA:35,0
DA:36,0
DA:37,0
DA:38,0
DA:44,0
DA:45,0
DA:46,0
DA:47,0
DA:53,0
DA:54,0
DA:55,0
DA:56,0
DA:61,0
DA:68,0
DA:70,0
DA:71,0
DA:72,0
DA:78,0
LF:26
LH:0
BRDA:10,0,0,0
BRDA:10,0,1,0
BRDA:10,1,0,0
BRDA:10,1,1,0
BRDA:16,2,0,0
BRDA:16,2,1,0
BRDA:18,3,0,0
BRDA:18,3,1,0
BRDA:30,4,0,0
BRDA:30,4,1,0
BRDA:35,5,0,0
BRDA:35,5,1,0
BRDA:35,6,0,0
BRDA:35,6,1,0
BRDA:37,7,0,0
BRDA:37,7,1,0
BRDA:44,8,0,0
BRDA:44,8,1,0
BRDA:46,9,0,0
BRDA:46,9,1,0
BRDA:53,10,0,0
BRDA:53,10,1,0
BRDA:55,11,0,0
BRDA:55,11,1,0
BRDA:70,12,0,0
BRDA:70,12,1,0
BRDA:70,13,0,0
BRDA:70,13,1,0
BRDA:71,14,0,0
BRDA:71,14,1,0
BRF:30
BRH:0
end_of_record
TN:
SF:src/models/bitacora-model.ts
FN:14,(anonymous_0)
FN:18,(anonymous_1)
FN:39,(anonymous_2)
FN:114,(anonymous_3)
FN:152,(anonymous_4)
FNF:5
FNH:0
FNDA:0,(anonymous_0)
FNDA:0,(anonymous_1)
FNDA:0,(anonymous_2)
FNDA:0,(anonymous_3)
FNDA:0,(anonymous_4)
DA:11,0
DA:15,0
DA:19,0
DA:20,0
DA:29,0
DA:30,0
DA:33,0
DA:35,0
DA:40,0
DA:41,0
DA:44,0
DA:45,0
DA:48,0
DA:49,0
DA:52,0
DA:53,0
DA:56,0
DA:57,0
DA:61,0
DA:62,0
DA:65,0
DA:66,0
DA:70,0
DA:75,0
DA:76,0
DA:80,0
DA:85,0
DA:86,0
DA:90,0
DA:95,0
DA:96,0
DA:99,0
DA:104,0
DA:105,0
DA:108,0
DA:110,0
DA:115,0
DA:116,0
DA:117,0
DA:121,0
DA:126,0
DA:127,0
DA:130,0
DA:138,0
DA:139,0
DA:142,0
DA:143,0
DA:146,0
DA:148,0
DA:153,0
DA:154,0
DA:155,0
DA:159,0
DA:164,0
DA:165,0
DA:168,0
DA:177,0
DA:178,0
DA:181,0
DA:182,0
DA:185,0
DA:187,0
LF:62
LH:0
BRDA:29,0,0,0
BRDA:29,0,1,0
BRDA:29,1,0,0
BRDA:29,1,1,0
BRDA:44,2,0,0
BRDA:44,2,1,0
BRDA:44,3,0,0
BRDA:44,3,1,0
BRDA:48,4,0,0
BRDA:48,4,1,0
BRDA:48,5,0,0
BRDA:48,5,1,0
BRDA:52,6,0,0
BRDA:52,6,1,0
BRDA:56,7,0,0
BRDA:56,7,1,0
BRDA:56,8,0,0
BRDA:56,8,1,0
BRDA:61,9,0,0
BRDA:61,9,1,0
BRDA:65,10,0,0
BRDA:65,10,1,0
BRDA:75,11,0,0
BRDA:75,11,1,0
BRDA:85,12,0,0
BRDA:85,12,1,0
BRDA:95,13,0,0
BRDA:95,13,1,0
BRDA:104,14,0,0
BRDA:104,14,1,0
BRDA:104,15,0,0
BRDA:104,15,1,0
BRDA:116,16,0,0
BRDA:116,16,1,0
BRDA:116,17,0,0
BRDA:116,17,1,0
BRDA:126,18,0,0
BRDA:126,18,1,0
BRDA:138,19,0,0
BRDA:138,19,1,0
BRDA:142,20,0,0
BRDA:142,20,1,0
BRDA:154,21,0,0
BRDA:154,21,1,0
BRDA:154,22,0,0
BRDA:154,22,1,0
BRDA:164,23,0,0
BRDA:164,23,1,0
BRDA:177,24,0,0
BRDA:177,24,1,0
BRDA:181,25,0,0
BRDA:181,25,1,0
BRF:52
BRH:0
end_of_record
TN:
SF:src/models/clientes-model.ts
FN:15,(anonymous_0)
FN:19,(anonymous_1)
FN:33,(anonymous_2)
FN:65,(anonymous_3)
FN:104,(anonymous_4)
FN:139,(anonymous_5)
FN:161,(anonymous_6)
FNF:7
FNH:0
FNDA:0,(anonymous_0)
FNDA:0,(anonymous_1)
FNDA:0,(anonymous_2)
FNDA:0,(anonymous_3)
FNDA:0,(anonymous_4)
FNDA:0,(anonymous_5)
FNDA:0,(anonymous_6)
DA:12,0
DA:16,0
DA:20,0
DA:21,0
DA:23,0
DA:24,0
DA:27,0
DA:29,0
DA:34,0
DA:35,0
DA:36,0
DA:39,0
DA:40,0
DA:43,0
DA:49,0
DA:50,0
DA:52,0
DA:53,0
DA:56,0
DA:59,0
DA:61,0
DA:66,0
DA:67,0
DA:69,0
DA:70,0
DA:73,0
DA:74,0
DA:77,0
DA:78,0
DA:81,0
DA:82,0
DA:85,0
DA:86,0
DA:89,0
DA:94,0
DA:95,0
DA:98,0
DA:100,0
DA:105,0
DA:106,0
DA:107,0
DA:110,0
DA:111,0
DA:114,0
DA:116,0
DA:117,0
DA:120,0
DA:121,0
DA:124,0
DA:129,0
DA:130,0
DA:133,0
DA:135,0
DA:140,0
DA:141,0
DA:142,0
DA:145,0
DA:146,0
DA:149,0
DA:151,0
DA:152,0
DA:155,0
DA:157,0
DA:162,0
DA:163,0
DA:164,0
DA:167,0
DA:172,0
DA:173,0
DA:176,0
DA:178,0
LF:71
LH:0
BRDA:23,0,0,0
BRDA:23,0,1,0
BRDA:23,1,0,0
BRDA:23,1,1,0
BRDA:35,2,0,0
BRDA:35,2,1,0
BRDA:35,3,0,0
BRDA:35,3,1,0
BRDA:39,4,0,0
BRDA:39,4,1,0
BRDA:49,5,0,0
BRDA:49,5,1,0
BRDA:52,6,0,0
BRDA:52,6,1,0
BRDA:52,7,0,0
BRDA:52,7,1,0
BRDA:69,8,0,0
BRDA:69,8,1,0
BRDA:69,9,0,0
BRDA:69,9,1,0
BRDA:73,10,0,0
BRDA:73,10,1,0
BRDA:73,11,0,0
BRDA:73,11,1,0
BRDA:77,12,0,0
BRDA:77,12,1,0
BRDA:81,13,0,0
BRDA:81,13,1,0
BRDA:81,14,0,0
BRDA:81,14,1,0
BRDA:85,15,0,0
BRDA:85,15,1,0
BRDA:85,16,0,0
BRDA:85,16,1,0
BRDA:94,17,0,0
BRDA:94,17,1,0
BRDA:94,18,0,0
BRDA:94,18,1,0
BRDA:106,19,0,0
BRDA:106,19,1,0
BRDA:106,20,0,0
BRDA:106,20,1,0
BRDA:110,21,0,0
BRDA:110,21,1,0
BRDA:116,22,0,0
BRDA:116,22,1,0
BRDA:116,23,0,0
BRDA:116,23,1,0
BRDA:120,24,0,0
BRDA:120,24,1,0
BRDA:120,25,0,0
BRDA:120,25,1,0
BRDA:129,26,0,0
BRDA:129,26,1,0
BRDA:129,27,0,0
BRDA:129,27,1,0
BRDA:133,28,0,0
BRDA:133,28,1,0
BRDA:141,29,0,0
BRDA:141,29,1,0
BRDA:141,30,0,0
BRDA:141,30,1,0
BRDA:145,31,0,0
BRDA:145,31,1,0
BRDA:151,32,0,0
BRDA:151,32,1,0
BRDA:151,33,0,0
BRDA:151,33,1,0
BRDA:155,34,0,0
BRDA:155,34,1,0
BRDA:163,35,0,0
BRDA:163,35,1,0
BRDA:163,36,0,0
BRDA:163,36,1,0
BRDA:172,37,0,0
BRDA:172,37,1,0
BRDA:172,38,0,0
BRDA:172,38,1,0
BRF:78
BRH:0
end_of_record
TN:
SF:src/models/movimientos-model.ts
FN:25,(anonymous_0)
FN:32,(anonymous_1)
FN:53,(anonymous_2)
FN:74,(anonymous_3)
FN:175,(anonymous_4)
FN:227,(anonymous_5)
FN:235,(anonymous_6)
FNF:7
FNH:0
FNDA:0,(anonymous_0)
FNDA:0,(anonymous_1)
FNDA:0,(anonymous_2)
FNDA:0,(anonymous_3)
FNDA:0,(anonymous_4)
FNDA:0,(anonymous_5)
FNDA:0,(anonymous_6)
DA:3,0
DA:4,0
DA:20,0
DA:26,0
DA:27,0
DA:28,0
DA:33,0
DA:34,0
DA:43,0
DA:44,0
DA:47,0
DA:49,0
DA:54,0
DA:55,0
DA:56,0
DA:59,0
DA:68,0
DA:70,0
DA:75,0
DA:77,0
DA:78,0
DA:80,0
DA:83,0
DA:84,0
DA:87,0
DA:88,0
DA:91,0
DA:92,0
DA:95,0
DA:96,0
DA:99,0
DA:100,0
DA:103,0
DA:104,0
DA:107,0
DA:108,0
DA:111,0
DA:112,0
DA:115,0
DA:116,0
DA:120,0
DA:125,0
DA:126,0
DA:129,0
DA:132,0
DA:133,0
DA:137,0
DA:143,0
DA:144,0
DA:147,0
DA:150,0
DA:154,0
DA:160,0
DA:162,0
DA:164,0
DA:167,0
DA:168,0
DA:170,0
DA:176,0
DA:177,0
DA:178,0
DA:181,0
DA:182,0
DA:186,0
DA:188,0
DA:189,0
DA:193,0
DA:195,0
DA:196,0
DA:206,0
DA:207,0
DA:211,0
DA:213,0
DA:214,0
DA:219,0
DA:227,0
DA:229,0
DA:231,0
DA:236,0
DA:237,0
DA:238,0
DA:241,0
DA:242,0
DA:245,0
DA:246,0
DA:250,0
DA:251,0
DA:252,0
DA:255,0
DA:265,0
DA:266,0
DA:269,0
DA:271,0
LF:93
LH:0
BRDA:43,0,0,0
BRDA:43,0,1,0
BRDA:43,1,0,0
BRDA:43,1,1,0
BRDA:55,2,0,0
BRDA:55,2,1,0
BRDA:55,3,0,0
BRDA:55,3,1,0
BRDA:68,4,0,0
BRDA:68,4,1,0
BRDA:83,5,0,0
BRDA:83,5,1,0
BRDA:87,6,0,0
BRDA:87,6,1,0
BRDA:87,7,0,0
BRDA:87,7,1,0
BRDA:91,8,0,0
BRDA:91,8,1,0
BRDA:95,9,0,0
BRDA:95,9,1,0
BRDA:95,10,0,0
BRDA:95,10,1,0
BRDA:99,11,0,0
BRDA:99,11,1,0
BRDA:103,12,0,0
BRDA:103,12,1,0
BRDA:107,13,0,0
BRDA:107,13,1,0
BRDA:111,14,0,0
BRDA:111,14,1,0
BRDA:111,15,0,0
BRDA:111,15,1,0
BRDA:115,16,0,0
BRDA:115,16,1,0
BRDA:115,17,0,0
BRDA:115,17,1,0
BRDA:125,18,0,0
BRDA:125,18,1,0
BRDA:132,19,0,0
BRDA:132,19,1,0
BRDA:132,20,0,0
BRDA:132,20,1,0
BRDA:143,21,0,0
BRDA:143,21,1,0
BRDA:143,22,0,0
BRDA:143,22,1,0
BRDA:150,23,0,0
BRDA:150,23,1,0
BRDA:177,24,0,0
BRDA:177,24,1,0
BRDA:177,25,0,0
BRDA:177,25,1,0
BRDA:181,26,0,0
BRDA:181,26,1,0
BRDA:188,27,0,0
BRDA:188,27,1,0
BRDA:188,28,0,0
BRDA:188,28,1,0
BRDA:206,29,0,0
BRDA:206,29,1,0
BRDA:206,30,0,0
BRDA:206,30,1,0
BRDA:211,31,0,0
BRDA:211,31,1,0
BRDA:213,32,0,0
BRDA:213,32,1,0
BRDA:237,33,0,0
BRDA:237,33,1,0
BRDA:241,34,0,0
BRDA:241,34,1,0
BRDA:245,35,0,0
BRDA:245,35,1,0
BRDA:251,36,0,0
BRDA:251,36,1,0
BRDA:265,37,0,0
BRDA:265,37,1,0
BRF:76
BRH:0
end_of_record
TN:
SF:src/models/passwordReset-model.ts
FN:16,(anonymous_1)
FN:48,(anonymous_2)
FN:82,(anonymous_3)
FN:146,(anonymous_4)
FN:213,(anonymous_5)
FN:217,(anonymous_6)
FNF:6
FNH:0
FNDA:0,(anonymous_1)
FNDA:0,(anonymous_2)
FNDA:0,(anonymous_3)
FNDA:0,(anonymous_4)
FNDA:0,(anonymous_5)
FNDA:0,(anonymous_6)
DA:1,1
DA:2,1
DA:15,1
DA:27,0
DA:29,0
DA:30,0
DA:31,0
DA:32,0
DA:33,0
DA:34,0
DA:35,0
DA:37,0
DA:44,0
DA:45,0
DA:49,0
DA:52,0
DA:53,0
DA:54,0
DA:55,0
DA:58,0
DA:61,0
DA:73,0
DA:74,0
DA:75,0
DA:78,0
DA:79,0
DA:83,0
DA:85,0
DA:86,0
DA:87,0
DA:88,0
DA:90,0
DA:91,0
DA:94,0
DA:108,0
DA:109,0
DA:110,0
DA:111,0
DA:112,0
DA:113,0
DA:114,0
DA:115,0
DA:116,0
DA:119,0
DA:120,0
DA:121,0
DA:123,0
DA:124,0
DA:125,0
DA:126,0
DA:128,0
DA:129,0
DA:130,0
DA:132,0
DA:135,0
DA:138,0
DA:141,0
DA:142,0
DA:147,0
DA:148,0
DA:149,0
DA:150,0
DA:153,0
DA:166,0
DA:167,0
DA:168,0
DA:169,0
DA:170,0
DA:171,0
DA:172,0
DA:173,0
DA:174,0
DA:175,0
DA:178,0
DA:179,0
DA:180,0
DA:182,0
DA:183,0
DA:184,0
DA:185,0
DA:187,0
DA:188,0
DA:189,0
DA:191,0
DA:194,0
DA:197,0
DA:205,0
DA:208,0
DA:214,0
DA:218,0
DA:222,0
LF:91
LH:3
BRDA:21,0,0,0
BRDA:41,1,0,0
BRDA:41,1,1,0
BRDA:41,2,0,0
BRDA:41,2,1,0
BRDA:41,3,0,0
BRDA:41,3,1,0
BRDA:41,4,0,0
BRDA:41,4,1,0
BRDA:53,5,0,0
BRDA:53,5,1,0
BRDA:73,6,0,0
BRDA:73,6,1,0
BRDA:108,7,0,0
BRDA:108,7,1,0
BRDA:128,8,0,0
BRDA:128,8,1,0
BRDA:128,9,0,0
BRDA:128,9,1,0
BRDA:166,10,0,0
BRDA:166,10,1,0
BRDA:187,11,0,0
BRDA:187,11,1,0
BRDA:187,12,0,0
BRDA:187,12,1,0
BRDA:222,13,0,0
BRDA:222,13,1,0
BRF:27
BRH:0
end_of_record
TN:
SF:src/models/productos-model.ts
FN:21,(anonymous_0)
FN:25,(anonymous_1)
FN:45,(anonymous_2)
FN:88,(anonymous_3)
FN:155,(anonymous_4)
FN:221,(anonymous_5)
FN:243,(anonymous_6)
FN:272,(anonymous_7)
FNF:8
FNH:0
FNDA:0,(anonymous_0)
FNDA:0,(anonymous_1)
FNDA:0,(anonymous_2)
FNDA:0,(anonymous_3)
FNDA:0,(anonymous_4)
FNDA:0,(anonymous_5)
FNDA:0,(anonymous_6)
FNDA:0,(anonymous_7)
DA:18,0
DA:22,0
DA:26,0
DA:27,0
DA:34,0
DA:35,0
DA:38,0
DA:40,0
DA:46,0
DA:47,0
DA:48,0
DA:51,0
DA:52,0
DA:56,0
DA:64,0
DA:66,0
DA:73,0
DA:74,0
DA:79,0
DA:82,0
DA:84,0
DA:89,0
DA:90,0
DA:93,0
DA:94,0
DA:97,0
DA:98,0
DA:101,0
DA:102,0
DA:106,0
DA:107,0
DA:110,0
DA:111,0
DA:114,0
DA:115,0
DA:118,0
DA:119,0
DA:122,0
DA:123,0
DA:127,0
DA:128,0
DA:131,0
DA:132,0
DA:135,0
DA:136,0
DA:139,0
DA:145,0
DA:146,0
DA:149,0
DA:151,0
DA:156,0
DA:157,0
DA:158,0
DA:161,0
DA:162,0
DA:165,0
DA:168,0
DA:169,0
DA:172,0
DA:173,0
DA:176,0
DA:177,0
DA:180,0
DA:181,0
DA:185,0
DA:186,0
DA:189,0
DA:190,0
DA:193,0
DA:194,0
DA:197,0
DA:211,0
DA:212,0
DA:215,0
DA:217,0
DA:222,0
DA:223,0
DA:224,0
DA:227,0
DA:228,0
DA:231,0
DA:233,0
DA:234,0
DA:237,0
DA:239,0
DA:244,0
DA:245,0
DA:246,0
DA:249,0
DA:250,0
DA:253,0
DA:254,0
DA:257,0
DA:262,0
DA:263,0
DA:266,0
DA:268,0
DA:273,0
DA:274,0
DA:282,0
DA:283,0
DA:286,0
DA:288,0
LF:103
LH:0
BRDA:34,0,0,0
BRDA:34,0,1,0
BRDA:34,1,0,0
BRDA:34,1,1,0
BRDA:47,2,0,0
BRDA:47,2,1,0
BRDA:47,3,0,0
BRDA:47,3,1,0
BRDA:51,4,0,0
BRDA:51,4,1,0
BRDA:64,5,0,0
BRDA:64,5,1,0
BRDA:73,6,0,0
BRDA:73,6,1,0
BRDA:73,7,0,0
BRDA:73,7,1,0
BRDA:93,8,0,0
BRDA:93,8,1,0
BRDA:93,9,0,0
BRDA:93,9,1,0
BRDA:97,10,0,0
BRDA:97,10,1,0
BRDA:97,11,0,0
BRDA:97,11,1,0
BRDA:101,12,0,0
BRDA:101,12,1,0
BRDA:101,13,0,0
BRDA:101,13,1,0
BRDA:106,14,0,0
BRDA:106,14,1,0
BRDA:110,15,0,0
BRDA:110,15,1,0
BRDA:114,16,0,0
BRDA:114,16,1,0
BRDA:114,17,0,0
BRDA:114,17,1,0
BRDA:118,18,0,0
BRDA:118,18,1,0
BRDA:118,19,0,0
BRDA:118,19,1,0
BRDA:122,20,0,0
BRDA:122,20,1,0
BRDA:127,21,0,0
BRDA:127,21,1,0
BRDA:131,22,0,0
BRDA:131,22,1,0
BRDA:135,23,0,0
BRDA:135,23,1,0
BRDA:135,24,0,0
BRDA:135,24,1,0
BRDA:145,25,0,0
BRDA:145,25,1,0
BRDA:145,26,0,0
BRDA:145,26,1,0
BRDA:157,27,0,0
BRDA:157,27,1,0
BRDA:157,28,0,0
BRDA:157,28,1,0
BRDA:161,29,0,0
BRDA:161,29,1,0
BRDA:168,30,0,0
BRDA:168,30,1,0
BRDA:168,31,0,0
BRDA:168,31,1,0
BRDA:172,32,0,0
BRDA:172,32,1,0
BRDA:172,33,0,0
BRDA:172,33,1,0
BRDA:176,34,0,0
BRDA:176,34,1,0
BRDA:176,35,0,0
BRDA:176,35,1,0
BRDA:180,36,0,0
BRDA:180,36,1,0
BRDA:180,37,0,0
BRDA:180,37,1,0
BRDA:185,38,0,0
BRDA:185,38,1,0
BRDA:185,39,0,0
BRDA:185,39,1,0
BRDA:189,40,0,0
BRDA:189,40,1,0
BRDA:189,41,0,0
BRDA:189,41,1,0
BRDA:193,42,0,0
BRDA:193,42,1,0
BRDA:193,43,0,0
BRDA:193,43,1,0
BRDA:211,44,0,0
BRDA:211,44,1,0
BRDA:211,45,0,0
BRDA:211,45,1,0
BRDA:215,46,0,0
BRDA:215,46,1,0
BRDA:223,47,0,0
BRDA:223,47,1,0
BRDA:223,48,0,0
BRDA:223,48,1,0
BRDA:227,49,0,0
BRDA:227,49,1,0
BRDA:233,50,0,0
BRDA:233,50,1,0
BRDA:233,51,0,0
BRDA:233,51,1,0
BRDA:237,52,0,0
BRDA:237,52,1,0
BRDA:245,53,0,0
BRDA:245,53,1,0
BRDA:245,54,0,0
BRDA:245,54,1,0
BRDA:249,55,0,0
BRDA:249,55,1,0
BRDA:253,56,0,0
BRDA:253,56,1,0
BRDA:262,57,0,0
BRDA:262,57,1,0
BRDA:262,58,0,0
BRDA:262,58,1,0
BRDA:266,59,0,0
BRDA:266,59,1,0
BRDA:282,60,0,0
BRDA:282,60,1,0
BRF:122
BRH:0
end_of_record
TN:
SF:src/models/proveedores-model.ts
FN:14,(anonymous_0)
FN:18,(anonymous_1)
FN:32,(anonymous_2)
FN:63,(anonymous_3)
FN:98,(anonymous_4)
FN:133,(anonymous_5)
FNF:6
FNH:0
FNDA:0,(anonymous_0)
FNDA:0,(anonymous_1)
FNDA:0,(anonymous_2)
FNDA:0,(anonymous_3)
FNDA:0,(anonymous_4)
FNDA:0,(anonymous_5)
DA:11,0
DA:15,0
DA:19,0
DA:20,0
DA:22,0
DA:23,0
DA:26,0
DA:28,0
DA:33,0
DA:34,0
DA:35,0
DA:38,0
DA:39,0
DA:42,0
DA:47,0
DA:48,0
DA:50,0
DA:51,0
DA:54,0
DA:57,0
DA:59,0
DA:64,0
DA:65,0
DA:67,0
DA:68,0
DA:71,0
DA:72,0
DA:75,0
DA:76,0
DA:79,0
DA:80,0
DA:83,0
DA:88,0
DA:89,0
DA:92,0
DA:94,0
DA:99,0
DA:100,0
DA:101,0
DA:104,0
DA:105,0
DA:108,0
DA:110,0
DA:111,0
DA:114,0
DA:115,0
DA:118,0
DA:123,0
DA:124,0
DA:127,0
DA:129,0
DA:134,0
DA:135,0
DA:136,0
DA:139,0
DA:140,0
DA:143,0
DA:145,0
DA:146,0
DA:149,0
DA:151,0
LF:61
LH:0
BRDA:22,0,0,0
BRDA:22,0,1,0
BRDA:22,1,0,0
BRDA:22,1,1,0
BRDA:34,2,0,0
BRDA:34,2,1,0
BRDA:34,3,0,0
BRDA:34,3,1,0
BRDA:38,4,0,0
BRDA:38,4,1,0
BRDA:47,5,0,0
BRDA:47,5,1,0
BRDA:50,6,0,0
BRDA:50,6,1,0
BRDA:50,7,0,0
BRDA:50,7,1,0
BRDA:67,8,0,0
BRDA:67,8,1,0
BRDA:67,9,0,0
BRDA:67,9,1,0
BRDA:71,10,0,0
BRDA:71,10,1,0
BRDA:75,11,0,0
BRDA:75,11,1,0
BRDA:75,12,0,0
BRDA:75,12,1,0
BRDA:79,13,0,0
BRDA:79,13,1,0
BRDA:79,14,0,0
BRDA:79,14,1,0
BRDA:88,15,0,0
BRDA:88,15,1,0
BRDA:88,16,0,0
BRDA:88,16,1,0
BRDA:100,17,0,0
BRDA:100,17,1,0
BRDA:100,18,0,0
BRDA:100,18,1,0
BRDA:104,19,0,0
BRDA:104,19,1,0
BRDA:110,20,0,0
BRDA:110,20,1,0
BRDA:110,21,0,0
BRDA:110,21,1,0
BRDA:114,22,0,0
BRDA:114,22,1,0
BRDA:114,23,0,0
BRDA:114,23,1,0
BRDA:123,24,0,0
BRDA:123,24,1,0
BRDA:123,25,0,0
BRDA:123,25,1,0
BRDA:127,26,0,0
BRDA:127,26,1,0
BRDA:135,27,0,0
BRDA:135,27,1,0
BRDA:135,28,0,0
BRDA:135,28,1,0
BRDA:139,29,0,0
BRDA:139,29,1,0
BRDA:145,30,0,0
BRDA:145,30,1,0
BRDA:145,31,0,0
BRDA:145,31,1,0
BRDA:149,32,0,0
BRDA:149,32,1,0
BRF:66
BRH:0
end_of_record
TN:
SF:src/models/session-model.ts
FN:20,(anonymous_0)
FN:58,(anonymous_1)
FN:66,(anonymous_2)
FN:102,(anonymous_3)
FN:117,(anonymous_4)
FN:127,(anonymous_5)
FN:137,(anonymous_6)
FN:145,(anonymous_7)
FN:154,(anonymous_8)
FNF:9
FNH:0
FNDA:0,(anonymous_0)
FNDA:0,(anonymous_1)
FNDA:0,(anonymous_2)
FNDA:0,(anonymous_3)
FNDA:0,(anonymous_4)
FNDA:0,(anonymous_5)
FNDA:0,(anonymous_6)
FNDA:0,(anonymous_7)
FNDA:0,(anonymous_8)
DA:2,1
DA:19,1
DA:21,0
DA:23,0
DA:24,0
DA:25,0
DA:28,0
DA:29,0
DA:31,0
DA:32,0
DA:34,0
DA:52,0
DA:53,0
DA:55,0
DA:59,0
DA:63,0
DA:67,0
DA:81,0
DA:82,0
DA:83,0
DA:84,0
DA:85,0
DA:88,0
DA:89,0
DA:90,0
DA:91,0
DA:92,0
DA:94,0
DA:97,0
DA:98,0
DA:103,0
DA:112,0
DA:113,0
DA:118,0
DA:122,0
DA:123,0
DA:124,0
DA:128,0
DA:132,0
DA:133,0
DA:134,0
DA:138,0
DA:142,0
DA:146,0
DA:149,0
DA:150,0
DA:151,0
DA:155,0
DA:159,0
LF:49
LH:2
BRDA:23,0,0,0
BRDA:23,0,1,0
BRDA:81,1,0,0
BRDA:81,1,1,0
BRDA:122,2,0,0
BRDA:122,2,1,0
BRDA:123,3,0,0
BRDA:123,3,1,0
BRDA:132,4,0,0
BRDA:132,4,1,0
BRDA:142,5,0,0
BRDA:142,5,1,0
BRDA:149,6,0,0
BRDA:149,6,1,0
BRDA:159,7,0,0
BRDA:159,7,1,0
BRF:16
BRH:0
end_of_record
TN:
SF:src/models/user-models.ts
FN:21,(anonymous_1)
FN:34,(anonymous_2)
FN:42,(anonymous_3)
FN:106,(anonymous_4)
FN:111,(anonymous_5)
FN:120,(anonymous_6)
FN:131,(anonymous_7)
FN:136,(anonymous_8)
FN:141,(anonymous_9)
FN:183,(anonymous_10)
FN:188,(anonymous_11)
FN:196,(anonymous_12)
FN:204,(anonymous_13)
FN:210,(anonymous_14)
FN:216,(anonymous_15)
FN:222,(anonymous_16)
FN:227,(anonymous_17)
FN:233,(anonymous_18)
FNF:18
FNH:0
FNDA:0,(anonymous_1)
FNDA:0,(anonymous_2)
FNDA:0,(anonymous_3)
FNDA:0,(anonymous_4)
FNDA:0,(anonymous_5)
FNDA:0,(anonymous_6)
FNDA:0,(anonymous_7)
FNDA:0,(anonymous_8)
FNDA:0,(anonymous_9)
FNDA:0,(anonymous_10)
FNDA:0,(anonymous_11)
FNDA:0,(anonymous_12)
FNDA:0,(anonymous_13)
FNDA:0,(anonymous_14)
FNDA:0,(anonymous_15)
FNDA:0,(anonymous_16)
FNDA:0,(anonymous_17)
FNDA:0,(anonymous_18)
DA:2,1
DA:3,1
DA:4,1
DA:5,1
DA:18,1
DA:19,1
DA:22,0
DA:24,0
DA:25,0
DA:27,0
DA:28,0
DA:29,0
DA:31,0
DA:35,0
DA:36,0
DA:37,0
DA:38,0
DA:43,0
DA:44,0
DA:47,0
DA:48,0
DA:51,0
DA:52,0
DA:54,0
DA:55,0
DA:58,0
DA:59,0
DA:63,0
DA:66,0
DA:71,0
DA:74,0
DA:79,0
DA:82,0
DA:90,0
DA:93,0
DA:99,0
DA:107,0
DA:112,0
DA:118,0
DA:121,0
DA:122,0
DA:123,0
DA:124,0
DA:128,0
DA:132,0
DA:133,0
DA:137,0
DA:138,0
DA:145,0
DA:146,0
DA:148,0
DA:149,0
DA:150,0
DA:152,0
DA:153,0
DA:154,0
DA:158,0
DA:159,0
DA:162,0
DA:163,0
DA:166,0
DA:168,0
DA:180,0
DA:184,0
DA:185,0
DA:189,0
DA:190,0
DA:192,0
DA:193,0
DA:197,0
DA:201,0
DA:205,0
DA:206,0
DA:211,0
DA:212,0
DA:213,0
DA:217,0
DA:218,0
DA:219,0
DA:223,0
DA:224,0
DA:228,0
DA:229,0
DA:230,0
DA:234,0
DA:235,0
DA:236,0
LF:87
LH:6
BRDA:22,0,0,0
BRDA:22,0,1,0
BRDA:25,1,0,0
BRDA:25,1,1,0
BRDA:28,2,0,0
BRDA:28,2,1,0
BRDA:35,3,0,0
BRDA:35,3,1,0
BRDA:37,4,0,0
BRDA:37,4,1,0
BRDA:43,5,0,0
BRDA:43,5,1,0
BRDA:43,6,0,0
BRDA:43,6,1,0
BRDA:43,6,2,0
BRDA:43,6,3,0
BRDA:47,7,0,0
BRDA:47,7,1,0
BRDA:52,8,0,0
BRDA:52,8,1,0
BRDA:54,9,0,0
BRDA:54,9,1,0
BRDA:58,10,0,0
BRDA:58,10,1,0
BRDA:121,11,0,0
BRDA:121,11,1,0
BRDA:123,12,0,0
BRDA:123,12,1,0
BRDA:138,13,0,0
BRDA:138,13,1,0
BRDA:146,14,0,0
BRDA:146,14,1,0
BRDA:148,15,0,0
BRDA:148,15,1,0
BRDA:149,16,0,0
BRDA:149,16,1,0
BRDA:153,17,0,0
BRDA:153,17,1,0
BRDA:153,18,0,0
BRDA:153,18,1,0
BRDA:158,19,0,0
BRDA:158,19,1,0
BRDA:158,20,0,0
BRDA:158,20,1,0
BRDA:162,21,0,0
BRDA:162,21,1,0
BRDA:162,22,0,0
BRDA:162,22,1,0
BRDA:166,23,0,0
BRDA:166,23,1,0
BRDA:180,24,0,0
BRDA:180,24,1,0
BRDA:185,25,0,0
BRDA:185,25,1,0
BRDA:190,26,0,0
BRDA:190,26,1,0
BRDA:193,27,0,0
BRDA:193,27,1,0
BRDA:201,28,0,0
BRDA:201,28,1,0
BRDA:206,29,0,0
BRDA:206,29,1,0
BRDA:212,30,0,0
BRDA:212,30,1,0
BRDA:218,31,0,0
BRDA:218,31,1,0
BRDA:223,32,0,0
BRDA:223,32,1,0
BRDA:223,33,0,0
BRDA:223,33,1,0
BRDA:228,34,0,0
BRDA:228,34,1,0
BRDA:228,35,0,0
BRDA:228,35,1,0
BRDA:229,36,0,0
BRDA:229,36,1,0
BRDA:229,37,0,0
BRDA:229,37,1,0
BRDA:229,37,2,0
BRDA:229,37,3,0
BRDA:235,38,0,0
BRDA:235,38,1,0
BRF:82
BRH:0
end_of_record
TN:
SF:src/routes/auth-routes.ts
FN:11,(anonymous_0)
FN:15,(anonymous_1)
FN:41,(anonymous_2)
FNF:3
FNH:0
FNDA:0,(anonymous_0)
FNDA:0,(anonymous_1)
FNDA:0,(anonymous_2)
DA:2,0
DA:3,0
DA:4,0
DA:5,0
DA:6,0
DA:9,0
DA:12,0
DA:17,0
DA:18,0
DA:21,0
DA:26,0
DA:31,0
DA:36,0
DA:41,0
DA:42,0
DA:43,0
DA:62,0
DA:67,0
DA:72,0
DA:73,0
DA:74,0
DA:75,0
DA:76,0
DA:82,0
DA:83,0
LF:25
LH:0
BRF:0
BRH:0
end_of_record
TN:
SF:src/routes/bitacora-routes.ts
FN:9,(anonymous_0)
FN:13,(anonymous_1)
FNF:2
FNH:0
FNDA:0,(anonymous_0)
FNDA:0,(anonymous_1)
DA:2,0
DA:3,0
DA:4,0
DA:7,0
DA:10,0
DA:14,0
DA:15,0
DA:17,0
DA:18,0
DA:19,0
DA:20,0
DA:24,0
DA:25,0
LF:13
LH:0
BRF:0
BRH:0
end_of_record
TN:
SF:src/routes/clientes-routes.ts
FN:9,(anonymous_0)
FN:13,(anonymous_1)
FNF:2
FNH:0
FNDA:0,(anonymous_0)
FNDA:0,(anonymous_1)
DA:2,0
DA:3,0
DA:4,0
DA:7,0
DA:10,0
DA:14,0
DA:15,0
DA:17,0
DA:18,0
DA:19,0
DA:20,0
DA:21,0
DA:22,0
DA:26,0
DA:27,0
LF:15
LH:0
BRF:0
BRH:0
end_of_record
TN:
SF:src/routes/movimientos-routes.ts
FN:9,(anonymous_0)
FN:13,(anonymous_1)
FNF:2
FNH:0
FNDA:0,(anonymous_0)
FNDA:0,(anonymous_1)
DA:2,0
DA:3,0
DA:4,0
DA:7,0
DA:10,0
DA:14,0
DA:15,0
DA:17,0
DA:18,0
DA:19,0
DA:20,0
DA:21,0
DA:22,0
DA:23,0
DA:27,0
DA:28,0
LF:16
LH:0
BRF:0
BRH:0
end_of_record
TN:
SF:src/routes/productos-routes.ts
FN:9,(anonymous_0)
FN:13,(anonymous_1)
FNF:2
FNH:0
FNDA:0,(anonymous_0)
FNDA:0,(anonymous_1)
DA:2,0
DA:3,0
DA:4,0
DA:7,0
DA:10,0
DA:14,0
DA:15,0
DA:17,0
DA:18,0
DA:19,0
DA:20,0
DA:21,0
DA:22,0
DA:23,0
DA:27,0
DA:28,0
LF:16
LH:0
BRF:0
BRH:0
end_of_record
TN:
SF:src/routes/proveedores-routes.ts
FN:9,(anonymous_0)
FN:13,(anonymous_1)
FNF:2
FNH:0
FNDA:0,(anonymous_0)
FNDA:0,(anonymous_1)
DA:2,0
DA:3,0
DA:4,0
DA:7,0
DA:10,0
DA:14,0
DA:15,0
DA:17,0
DA:18,0
DA:19,0
DA:20,0
DA:21,0
DA:25,0
DA:26,0
LF:14
LH:0
BRF:0
BRH:0
end_of_record
TN:
SF:src/routes/user-routes.ts
FN:10,(anonymous_0)
FN:14,(anonymous_1)
FNF:2
FNH:0
FNDA:0,(anonymous_0)
FNDA:0,(anonymous_1)
DA:1,0
DA:2,0
DA:3,0
DA:4,0
DA:8,0
DA:11,0
DA:16,0
DA:17,0
DA:20,0
DA:22,0
DA:27,0
DA:32,0
DA:34,0
DA:39,0
DA:44,0
DA:46,0
DA:51,0
DA:55,0
DA:56,0
LF:19
LH:0
BRF:0
BRH:0
end_of_record
